TN:
SF:./src/configs/configs.js
FNF:0
FNH:0
DA:1,1
LF:1
LH:1
BRF:0
BRH:0
end_of_record
TN:
SF:./src/rxActiveUrl/rxActiveUrl.js
FN:12,(anonymous_1)
FN:21,(anonymous_2)
FN:22,(anonymous_3)
FN:26,(anonymous_4)
FNF:4
FNH:4
FNDA:4,(anonymous_1)
FNDA:4,(anonymous_2)
FNDA:6,(anonymous_3)
FNDA:4,(anonymous_4)
DA:1,1
DA:13,4
DA:22,4
DA:23,6
DA:28,4
LF:5
LH:5
BRF:0
BRH:0
end_of_record
TN:
SF:./src/rxAge/rxAge.js
FN:5,(anonymous_1)
FN:6,(anonymous_2)
FN:36,(anonymous_3)
FNF:3
FNH:3
FNDA:8,(anonymous_1)
FNDA:11,(anonymous_2)
FNDA:18,(anonymous_3)
DA:1,1
DA:6,8
DA:7,11
DA:8,1
DA:9,10
DA:10,1
DA:13,9
DA:14,9
DA:15,9
DA:16,9
DA:17,9
DA:18,9
DA:19,9
DA:20,9
DA:22,9
DA:23,6
DA:26,9
DA:27,7
DA:30,9
DA:31,8
DA:34,9
DA:36,9
DA:37,18
DA:38,9
DA:40,9
LF:25
LH:25
BRDA:7,1,0,1
BRDA:7,1,1,10
BRDA:9,2,0,1
BRDA:9,2,1,9
BRDA:22,3,0,6
BRDA:22,3,1,3
BRDA:26,4,0,7
BRDA:26,4,1,2
BRDA:30,5,0,8
BRDA:30,5,1,1
BRDA:37,6,0,9
BRDA:37,6,1,9
BRF:12
BRH:12
end_of_record
TN:
SF:./src/rxBreadcrumbs/rxBreadcrumbs.js
FN:2,(anonymous_1)
FN:10,(anonymous_2)
FN:17,(anonymous_3)
FN:24,(anonymous_4)
FN:28,(anonymous_5)
FNF:5
FNH:5
FNDA:8,(anonymous_1)
FNDA:8,(anonymous_2)
FNDA:17,(anonymous_3)
FNDA:4,(anonymous_4)
FNDA:4,(anonymous_5)
DA:1,1
DA:4,8
DA:8,8
DA:10,8
DA:12,8
DA:14,8
DA:17,8
DA:19,17
DA:22,8
DA:25,4
DA:29,4
LF:11
LH:11
BRF:0
BRH:0
end_of_record
TN:
SF:./src/rxCapitalize/rxCapitalize.js
FN:2,(anonymous_1)
FN:3,(anonymous_2)
FNF:2
FNH:2
FNDA:1,(anonymous_1)
FNDA:1,(anonymous_2)
DA:1,1
DA:3,1
DA:4,1
LF:3
LH:3
BRF:0
BRH:0
end_of_record
TN:
SF:./src/rxDiskSize/rxDiskSize.js
FN:2,(anonymous_1)
FN:3,(anonymous_2)
FNF:2
FNH:2
FNDA:4,(anonymous_1)
FNDA:3,(anonymous_2)
DA:1,1
DA:3,4
DA:4,3
DA:5,3
DA:7,3
LF:5
LH:5
BRF:0
BRH:0
end_of_record
TN:
SF:./src/rxDropdown/rxDropdown.js
FN:2,(anonymous_1)
FN:6,(anonymous_2)
FN:9,(anonymous_3)
FN:15,(anonymous_4)
FNF:4
FNH:0
FNDA:0,(anonymous_1)
FNDA:0,(anonymous_2)
FNDA:0,(anonymous_3)
FNDA:0,(anonymous_4)
DA:1,1
DA:3,0
DA:7,0
DA:9,0
DA:10,0
DA:11,0
DA:12,0
DA:15,0
DA:16,0
DA:17,0
LF:10
LH:1
BRDA:16,1,0,0
BRDA:16,1,1,0
BRF:2
BRH:0
end_of_record
TN:
SF:./src/rxForm/rxForm.js
FN:3,(anonymous_1)
FN:36,(anonymous_2)
FN:78,(anonymous_3)
FN:112,(anonymous_4)
FN:158,(anonymous_5)
FNF:5
FNH:1
FNDA:1,(anonymous_1)
FNDA:0,(anonymous_2)
FNDA:0,(anonymous_3)
FNDA:0,(anonymous_4)
FNDA:0,(anonymous_5)
DA:1,1
DA:4,1
DA:37,0
DA:79,0
DA:113,0
DA:159,0
LF:6
LH:2
BRF:0
BRH:0
end_of_record
TN:
SF:./src/rxLogout/rxLogout.js
FN:2,(anonymous_1)
FN:5,(anonymous_2)
FN:6,(anonymous_3)
FN:12,(anonymous_4)
FN:16,(anonymous_5)
FN:17,(anonymous_6)
FNF:6
FNH:6
FNDA:3,(anonymous_1)
FNDA:3,(anonymous_2)
FNDA:1,(anonymous_3)
FNDA:3,(anonymous_4)
FNDA:3,(anonymous_5)
FNDA:1,(anonymous_6)
DA:1,1
DA:3,3
DA:6,3
DA:8,1
DA:12,3
DA:13,3
DA:17,3
DA:18,1
DA:19,1
DA:22,1
DA:25,3
LF:11
LH:11
BRDA:18,1,0,1
BRDA:18,1,1,0
BRDA:18,2,0,1
BRDA:18,2,1,1
BRF:4
BRH:3
end_of_record
TN:
SF:./src/rxModalAction/rxModalAction.js
FN:2,(anonymous_1)
FN:16,(anonymous_2)
FN:18,(anonymous_3)
FN:24,(anonymous_4)
FN:25,(anonymous_5)
FN:40,(anonymous_6)
FN:44,(anonymous_7)
FN:48,(anonymous_8)
FN:59,(anonymous_9)
FNF:9
FNH:8
FNDA:0,(anonymous_1)
FNDA:5,(anonymous_2)
FNDA:4,(anonymous_3)
FNDA:8,(anonymous_4)
FNDA:8,(anonymous_5)
FNDA:8,(anonymous_6)
FNDA:4,(anonymous_7)
FNDA:3,(anonymous_8)
FNDA:8,(anonymous_9)
DA:1,1
DA:3,0
DA:18,5
DA:19,4
DA:22,5
DA:25,8
DA:26,8
DA:32,8
DA:35,8
DA:42,8
DA:44,8
DA:45,4
DA:48,8
DA:49,3
DA:53,3
DA:56,3
DA:59,8
DA:60,8
DA:64,8
DA:68,8
DA:70,8
DA:72,8
LF:22
LH:21
BRDA:64,1,0,8
BRDA:64,1,1,7
BRF:2
BRH:2
end_of_record
TN:
SF:./src/rxNav/rxNav.js
FN:10,(anonymous_1)
FN:18,(anonymous_2)
FNF:2
FNH:0
FNDA:0,(anonymous_1)
FNDA:0,(anonymous_2)
DA:1,1
DA:11,0
DA:19,0
DA:29,0
DA:47,0
LF:5
LH:1
BRF:0
BRH:0
end_of_record
TN:
SF:./src/rxNotify/rxNotify.js
FN:9,(anonymous_1)
FN:17,(anonymous_2)
FN:22,(anonymous_3)
FN:26,(anonymous_4)
FN:30,(anonymous_5)
FN:32,(anonymous_6)
FN:40,(anonymous_7)
FN:65,(anonymous_8)
FN:79,(anonymous_9)
FN:83,(anonymous_10)
FN:94,(anonymous_11)
FN:108,(anonymous_12)
FN:119,(anonymous_13)
FN:120,(anonymous_14)
FN:131,(anonymous_15)
FN:132,(anonymous_16)
FN:146,(anonymous_17)
FN:156,(anonymous_18)
FN:167,(anonymous_19)
FN:210,processRouteChange
FN:223,(anonymous_21)
FN:231,(anonymous_22)
FN:242,(anonymous_23)
FN:266,(anonymous_24)
FN:281,(anonymous_25)
FN:309,(anonymous_26)
FN:311,(anonymous_27)
FNF:27
FNH:27
FNDA:25,(anonymous_1)
FNDA:25,(anonymous_2)
FNDA:1,(anonymous_3)
FNDA:25,(anonymous_4)
FNDA:77,(anonymous_5)
FNDA:33,(anonymous_6)
FNDA:25,(anonymous_7)
FNDA:32,(anonymous_8)
FNDA:2,(anonymous_9)
FNDA:2,(anonymous_10)
FNDA:2,(anonymous_11)
FNDA:2,(anonymous_12)
FNDA:6,(anonymous_13)
FNDA:6,(anonymous_14)
FNDA:6,(anonymous_15)
FNDA:2,(anonymous_16)
FNDA:1,(anonymous_17)
FNDA:11,(anonymous_18)
FNDA:32,(anonymous_19)
FNDA:6,processRouteChange
FNDA:6,(anonymous_21)
FNDA:5,(anonymous_22)
FNDA:5,(anonymous_23)
FNDA:1,(anonymous_24)
FNDA:6,(anonymous_25)
FNDA:3,(anonymous_26)
FNDA:2,(anonymous_27)
DA:2,1
DA:10,25
DA:22,25
DA:23,1
DA:27,25
DA:30,25
DA:31,77
DA:33,33
DA:36,25
DA:41,25
DA:42,25
DA:45,25
DA:48,25
DA:50,25
DA:65,25
DA:67,32
DA:68,2
DA:71,32
DA:79,25
DA:81,2
DA:83,2
DA:84,2
DA:94,25
DA:95,2
DA:96,2
DA:99,2
DA:102,2
DA:103,1
DA:104,1
DA:105,1
DA:108,2
DA:109,2
DA:110,2
DA:119,25
DA:120,6
DA:121,6
DA:131,25
DA:132,6
DA:134,2
DA:138,6
DA:146,25
DA:148,1
DA:156,25
DA:158,11
DA:167,25
DA:168,32
DA:172,32
DA:175,32
DA:178,32
DA:181,32
DA:182,4
DA:186,32
DA:189,32
DA:192,32
DA:193,1
DA:197,32
DA:198,29
DA:199,3
DA:200,2
DA:201,1
DA:202,1
DA:206,32
DA:210,25
DA:211,6
DA:212,6
DA:216,25
DA:224,6
DA:231,6
DA:232,5
DA:242,6
DA:243,5
DA:245,4
DA:246,4
DA:248,4
DA:253,4
DA:254,1
DA:257,4
DA:266,6
DA:267,1
DA:268,1
DA:281,6
DA:282,6
DA:284,6
DA:286,6
DA:293,6
DA:297,6
DA:298,1
DA:301,6
DA:304,6
DA:309,6
DA:310,3
DA:312,2
DA:316,6
DA:319,6
DA:321,6
DA:324,6
LF:96
LH:96
BRDA:27,1,0,25
BRDA:27,1,1,25
BRDA:67,2,0,2
BRDA:67,2,1,30
BRDA:102,3,0,1
BRDA:102,3,1,1
BRDA:104,4,0,1
BRDA:104,4,1,0
BRDA:109,5,0,2
BRDA:109,5,1,0
BRDA:172,6,0,32
BRDA:172,6,1,10
BRDA:178,7,0,32
BRDA:178,7,1,27
BRDA:181,8,0,4
BRDA:181,8,1,28
BRDA:192,9,0,1
BRDA:192,9,1,31
BRDA:197,10,0,29
BRDA:197,10,1,3
BRDA:199,11,0,2
BRDA:199,11,1,1
BRDA:201,12,0,1
BRDA:201,12,1,0
BRDA:243,13,0,4
BRDA:243,13,1,1
BRDA:243,14,0,5
BRDA:243,14,1,4
BRDA:253,15,0,1
BRDA:253,15,1,3
BRDA:297,16,0,1
BRDA:297,16,1,5
BRF:32
BRH:29
end_of_record
TN:
SF:./src/rxPageTitle/rxPageTitle.js
FN:2,(anonymous_1)
FN:7,(anonymous_2)
FN:10,(anonymous_3)
FN:13,(anonymous_4)
FN:21,(anonymous_5)
FNF:5
FNH:5
FNDA:3,(anonymous_1)
FNDA:2,(anonymous_2)
FNDA:1,(anonymous_3)
FNDA:2,(anonymous_4)
FNDA:2,(anonymous_5)
DA:1,1
DA:3,3
DA:6,3
DA:8,2
DA:11,1
DA:14,2
DA:15,1
DA:17,1
DA:19,2
DA:22,2
LF:10
LH:10
BRDA:14,1,0,1
BRDA:14,1,1,1
BRF:2
BRH:2
end_of_record
TN:
SF:./src/rxPaginate/rxPaginate.js
FN:16,(anonymous_1)
FN:60,(anonymous_2)
FN:61,PageTrackingObject
FN:75,(anonymous_4)
FN:95,(anonymous_5)
FN:104,(anonymous_6)
FN:111,(anonymous_7)
FN:139,(anonymous_8)
FN:140,(anonymous_9)
FN:176,(anonymous_10)
FN:177,(anonymous_11)
FNF:11
FNH:6
FNDA:10,(anonymous_1)
FNDA:12,(anonymous_2)
FNDA:0,PageTrackingObject
FNDA:0,(anonymous_4)
FNDA:0,(anonymous_5)
FNDA:0,(anonymous_6)
FNDA:0,(anonymous_7)
FNDA:1,(anonymous_8)
FNDA:3,(anonymous_9)
FNDA:12,(anonymous_10)
FNDA:51,(anonymous_11)
DA:1,1
DA:17,10
DA:61,1
DA:62,0
DA:63,0
DA:64,0
DA:65,0
DA:66,0
DA:67,0
DA:68,0
DA:69,0
DA:70,0
DA:71,0
DA:74,12
DA:76,0
DA:96,0
DA:105,0
DA:107,0
DA:110,0
DA:111,0
DA:112,0
DA:113,0
DA:119,0
DA:140,1
DA:141,3
DA:142,0
DA:144,3
DA:145,0
DA:146,0
DA:148,3
DA:149,3
DA:150,3
DA:152,3
DA:153,3
DA:154,3
DA:156,3
DA:157,3
DA:159,3
DA:177,12
DA:178,51
DA:179,0
DA:182,51
DA:189,51
DA:191,51
DA:196,51
DA:198,277
DA:202,51
LF:47
LH:24
BRDA:71,1,0,0
BRDA:71,1,1,0
BRDA:105,2,0,0
BRDA:105,2,1,0
BRDA:141,3,0,0
BRDA:141,3,1,3
BRDA:144,4,0,0
BRDA:144,4,1,3
BRDA:148,5,0,3
BRDA:148,5,1,0
BRDA:154,6,0,1
BRDA:154,6,1,2
BRDA:178,7,0,0
BRDA:178,7,1,51
BRDA:184,8,0,51
BRDA:184,8,1,6
BRDA:189,9,0,51
BRDA:189,9,1,0
BRDA:189,10,0,51
BRDA:189,10,1,51
BRF:20
BRH:11
end_of_record
TN:
SF:./src/rxProductResources/rxProductResources.js
FN:10,(anonymous_1)
FNF:1
FNH:0
FNDA:0,(anonymous_1)
DA:1,1
DA:11,0
LF:2
LH:1
BRF:0
BRH:0
end_of_record
TN:
SF:./src/rxRelatedMenu/rxRelatedMenu.js
FN:21,(anonymous_1)
FN:34,(anonymous_2)
FN:40,(anonymous_3)
FNF:3
FNH:0
FNDA:0,(anonymous_1)
FNDA:0,(anonymous_2)
FNDA:0,(anonymous_3)
DA:1,1
DA:22,0
DA:35,0
DA:36,0
DA:38,0
DA:40,0
DA:41,0
LF:7
LH:1
BRDA:35,1,0,0
BRDA:35,1,1,0
BRDA:36,2,0,0
BRDA:36,2,1,0
BRF:4
BRH:0
end_of_record
TN:
SF:./src/rxSortableColumn/rxSortableColumn.js
FN:17,(anonymous_1)
FN:42,(anonymous_2)
FN:45,(anonymous_3)
FN:50,(anonymous_4)
FNF:4
FNH:4
FNDA:1,(anonymous_1)
FNDA:4,(anonymous_2)
FNDA:2,(anonymous_3)
FNDA:2,(anonymous_4)
DA:1,1
DA:18,1
DA:43,4
DA:45,4
DA:46,2
DA:47,2
DA:50,4
DA:51,2
DA:52,2
DA:53,2
DA:56,4
LF:11
LH:11
BRDA:46,1,0,1
BRDA:46,1,1,1
BRDA:51,2,0,1
BRDA:51,2,1,1
BRF:4
BRH:4
end_of_record
TN:
SF:./src/rxSpinner/rxSpinner.js
FN:2,(anonymous_1)
FN:5,(anonymous_2)
FN:6,(anonymous_3)
FNF:3
FNH:3
FNDA:1,(anonymous_1)
FNDA:1,(anonymous_2)
FNDA:3,(anonymous_3)
DA:1,1
DA:3,1
DA:6,1
DA:7,3
DA:8,1
DA:10,2
LF:6
LH:6
BRDA:7,1,0,1
BRDA:7,1,1,2
BRF:2
BRH:2
end_of_record
