TN:
SF:./src/configs/configs.js
FN:18,(anonymous_1)
FN:22,(anonymous_2)
FNF:2
FNH:2
FNDA:28,(anonymous_1)
FNDA:20,(anonymous_2)
DA:1,1
DA:20,28
DA:22,28
DA:23,20
DA:26,20
DA:29,20
DA:32,20
LF:7
LH:7
BRDA:23,1,0,20
BRDA:23,1,1,16
BRF:2
BRH:2
end_of_record
TN:
SF:./src/rxAccountInfo/rxAccountInfo.js
FN:2,(anonymous_1)
FN:12,(anonymous_2)
FN:15,(anonymous_3)
FN:22,(anonymous_4)
FN:24,(anonymous_5)
FN:32,(anonymous_6)
FN:34,(anonymous_7)
FN:42,(anonymous_8)
FN:44,(anonymous_9)
FNF:9
FNH:9
FNDA:10,(anonymous_1)
FNDA:12,(anonymous_2)
FNDA:6,(anonymous_3)
FNDA:1,(anonymous_4)
FNDA:1,(anonymous_5)
FNDA:1,(anonymous_6)
FNDA:1,(anonymous_7)
FNDA:1,(anonymous_8)
FNDA:1,(anonymous_9)
DA:1,1
DA:3,10
DA:13,12
DA:14,12
DA:15,12
DA:16,6
DA:20,12
DA:22,12
DA:23,1
DA:25,1
DA:31,12
DA:32,3
DA:33,1
DA:35,1
DA:42,12
DA:43,1
DA:45,1
LF:17
LH:17
BRDA:13,1,0,12
BRDA:13,1,1,12
BRDA:31,2,0,3
BRDA:31,2,1,9
BRDA:31,3,0,12
BRDA:31,3,1,3
BRF:6
BRH:6
end_of_record
TN:
SF:./src/rxActionMenu/rxActionMenu.js
FN:2,(anonymous_1)
FN:10,(anonymous_2)
FN:16,(anonymous_3)
FN:21,(anonymous_4)
FN:27,(anonymous_5)
FN:33,(anonymous_6)
FN:35,(anonymous_7)
FNF:7
FNH:6
FNDA:6,(anonymous_1)
FNDA:7,(anonymous_2)
FNDA:7,(anonymous_3)
FNDA:0,(anonymous_4)
FNDA:9,(anonymous_5)
FNDA:13,(anonymous_6)
FNDA:3,(anonymous_7)
DA:1,1
DA:3,6
DA:11,7
DA:12,6
DA:14,7
DA:16,7
DA:17,7
DA:18,7
DA:21,7
DA:22,0
DA:23,0
DA:27,7
DA:28,9
DA:29,2
DA:33,7
DA:34,13
DA:35,3
LF:17
LH:15
BRDA:11,1,0,6
BRDA:11,1,1,1
BRDA:22,2,0,0
BRDA:22,2,1,0
BRDA:28,3,0,2
BRDA:28,3,1,7
BRDA:28,4,0,9
BRDA:28,4,1,8
BRDA:34,5,0,3
BRDA:34,5,1,10
BRDA:34,6,0,13
BRDA:34,6,1,12
BRDA:34,6,2,3
BRF:13
BRH:11
end_of_record
TN:
SF:./src/rxActiveUrl/rxActiveUrl.js
FN:12,(anonymous_1)
FN:21,(anonymous_2)
FN:22,(anonymous_3)
FN:26,(anonymous_4)
FNF:4
FNH:4
FNDA:4,(anonymous_1)
FNDA:4,(anonymous_2)
FNDA:6,(anonymous_3)
FNDA:4,(anonymous_4)
DA:1,1
DA:13,4
DA:22,4
DA:23,6
DA:28,4
LF:5
LH:5
BRF:0
BRH:0
end_of_record
TN:
SF:./src/rxAge/rxAge.js
FN:5,(anonymous_1)
FN:6,(anonymous_2)
FN:40,(anonymous_3)
FN:55,(anonymous_4)
FNF:4
FNH:4
FNDA:10,(anonymous_1)
FNDA:14,(anonymous_2)
FNDA:9,(anonymous_3)
FNDA:24,(anonymous_4)
DA:1,1
DA:6,10
DA:7,14
DA:8,1
DA:9,13
DA:10,1
DA:13,12
DA:14,12
DA:15,12
DA:16,12
DA:17,12
DA:18,12
DA:19,12
DA:20,12
DA:22,12
DA:24,1
DA:25,11
DA:27,9
DA:32,12
DA:34,12
DA:35,12
DA:37,12
DA:38,3
DA:40,3
DA:41,9
DA:45,12
DA:46,10
DA:49,12
DA:50,11
DA:53,12
DA:55,12
DA:56,24
DA:57,12
DA:59,12
LF:34
LH:34
BRDA:7,1,0,1
BRDA:7,1,1,13
BRDA:9,2,0,1
BRDA:9,2,1,12
BRDA:22,3,0,1
BRDA:22,3,1,11
BRDA:25,4,0,9
BRDA:25,4,1,2
BRDA:32,5,0,5
BRDA:32,5,1,7
BRDA:37,6,0,3
BRDA:37,6,1,9
BRDA:41,7,0,9
BRDA:41,7,1,0
BRDA:45,8,0,10
BRDA:45,8,1,2
BRDA:49,9,0,11
BRDA:49,9,1,1
BRDA:56,10,0,12
BRDA:56,10,1,12
BRDA:61,11,0,3
BRDA:61,11,1,9
BRF:22
BRH:21
end_of_record
TN:
SF:./src/rxApp/rxApp.js
FN:12,(anonymous_1)
FN:22,(anonymous_2)
FN:35,(anonymous_3)
FN:64,(anonymous_4)
FN:78,(anonymous_5)
FN:105,(anonymous_6)
FN:116,(anonymous_7)
FN:147,(anonymous_8)
FN:159,(anonymous_9)
FN:164,(anonymous_10)
FN:165,(anonymous_11)
FN:169,(anonymous_12)
FN:193,(anonymous_13)
FN:217,(anonymous_14)
FN:218,(anonymous_15)
FN:219,(anonymous_16)
FN:223,(anonymous_17)
FN:261,(anonymous_18)
FN:265,(anonymous_19)
FN:292,(anonymous_20)
FN:316,(anonymous_21)
FN:336,(anonymous_22)
FN:340,(anonymous_23)
FN:343,(anonymous_24)
FN:344,(anonymous_25)
FN:347,(anonymous_26)
FN:356,(anonymous_27)
FN:357,(anonymous_28)
FN:375,(anonymous_29)
FN:401,(anonymous_30)
FN:405,(anonymous_31)
FN:406,(anonymous_32)
FN:414,(anonymous_33)
FN:418,(anonymous_34)
FN:419,(anonymous_35)
FN:427,(anonymous_36)
FN:432,(anonymous_37)
FN:433,(anonymous_38)
FN:449,(anonymous_39)
FN:453,(anonymous_40)
FN:455,(anonymous_41)
FN:472,(anonymous_42)
FN:476,(anonymous_43)
FN:480,(anonymous_44)
FN:484,(anonymous_45)
FN:491,(anonymous_46)
FN:516,(anonymous_47)
FN:520,(anonymous_48)
FN:536,(anonymous_49)
FN:539,(anonymous_50)
FN:558,(anonymous_51)
FN:572,(anonymous_52)
FN:579,(anonymous_53)
FN:583,(anonymous_54)
FN:590,(anonymous_55)
FN:605,(anonymous_56)
FN:612,(anonymous_57)
FNF:57
FNH:40
FNDA:20,(anonymous_1)
FNDA:3,(anonymous_2)
FNDA:44,(anonymous_3)
FNDA:20,(anonymous_4)
FNDA:56,(anonymous_5)
FNDA:16,(anonymous_6)
FNDA:0,(anonymous_7)
FNDA:3,(anonymous_8)
FNDA:3,(anonymous_9)
FNDA:3,(anonymous_10)
FNDA:4,(anonymous_11)
FNDA:3,(anonymous_12)
FNDA:28,(anonymous_13)
FNDA:28,(anonymous_14)
FNDA:66,(anonymous_15)
FNDA:34,(anonymous_16)
FNDA:34,(anonymous_17)
FNDA:66,(anonymous_18)
FNDA:277,(anonymous_19)
FNDA:0,(anonymous_20)
FNDA:0,(anonymous_21)
FNDA:3,(anonymous_22)
FNDA:4,(anonymous_23)
FNDA:4,(anonymous_24)
FNDA:4,(anonymous_25)
FNDA:3,(anonymous_26)
FNDA:3,(anonymous_27)
FNDA:0,(anonymous_28)
FNDA:0,(anonymous_29)
FNDA:0,(anonymous_30)
FNDA:0,(anonymous_31)
FNDA:0,(anonymous_32)
FNDA:0,(anonymous_33)
FNDA:0,(anonymous_34)
FNDA:0,(anonymous_35)
FNDA:0,(anonymous_36)
FNDA:0,(anonymous_37)
FNDA:0,(anonymous_38)
FNDA:0,(anonymous_39)
FNDA:0,(anonymous_40)
FNDA:0,(anonymous_41)
FNDA:32,(anonymous_42)
FNDA:55,(anonymous_43)
FNDA:42,(anonymous_44)
FNDA:2,(anonymous_45)
FNDA:41,(anonymous_46)
FNDA:21,(anonymous_47)
FNDA:2,(anonymous_48)
FNDA:22,(anonymous_49)
FNDA:2,(anonymous_50)
FNDA:63,(anonymous_51)
FNDA:2,(anonymous_52)
FNDA:19,(anonymous_53)
FNDA:30,(anonymous_54)
FNDA:58,(anonymous_55)
FNDA:17,(anonymous_56)
FNDA:56,(anonymous_57)
DA:1,1
DA:17,20
DA:18,20
DA:20,20
DA:22,20
DA:23,3
DA:28,20
DA:29,20
DA:30,4
DA:31,16
DA:32,0
DA:35,20
DA:36,44
DA:41,20
DA:65,20
DA:79,56
DA:81,56
DA:83,56
DA:85,56
DA:86,4
DA:88,52
DA:89,4
DA:94,56
DA:98,56
DA:99,12
DA:102,44
DA:105,56
DA:106,16
DA:110,56
DA:112,56
DA:113,24
DA:117,0
DA:148,3
DA:162,3
DA:165,3
DA:166,4
DA:169,3
DA:170,3
DA:171,0
DA:194,28
DA:218,28
DA:219,66
DA:220,34
DA:221,34
DA:223,34
DA:224,34
DA:228,66
DA:230,66
DA:233,10
DA:235,10
DA:239,66
DA:241,66
DA:242,6
DA:246,66
DA:248,66
DA:249,24
DA:253,28
DA:263,66
DA:265,66
DA:266,277
DA:269,277
DA:271,178
DA:274,99
DA:279,39
DA:280,39
DA:282,39
DA:286,39
DA:289,99
DA:292,66
DA:294,0
DA:295,0
DA:296,0
DA:317,0
DA:337,3
DA:341,4
DA:343,4
DA:344,4
DA:345,4
DA:346,3
DA:347,3
DA:348,3
DA:351,1
DA:356,4
DA:357,3
DA:358,0
DA:359,0
DA:360,0
DA:367,0
DA:370,3
DA:373,4
DA:375,4
DA:380,0
DA:381,0
DA:383,0
DA:384,0
DA:385,0
DA:386,0
DA:390,4
DA:402,0
DA:406,0
DA:407,0
DA:408,0
DA:415,0
DA:419,0
DA:420,0
DA:421,0
DA:428,0
DA:433,0
DA:434,0
DA:435,0
DA:450,0
DA:455,0
DA:474,32
DA:476,32
DA:477,55
DA:480,32
DA:481,42
DA:484,32
DA:485,2
DA:491,32
DA:492,41
DA:495,32
DA:518,21
DA:521,2
DA:525,21
DA:537,22
DA:540,2
DA:544,22
DA:560,63
DA:572,63
DA:573,2
DA:579,63
DA:580,19
DA:584,30
DA:585,29
DA:587,1
DA:591,58
DA:606,17
DA:613,56
DA:614,56
DA:615,28
DA:616,28
DA:617,28
LF:143
LH:112
BRDA:29,1,0,4
BRDA:29,1,1,16
BRDA:31,2,0,0
BRDA:31,2,1,16
BRDA:81,3,0,56
BRDA:81,3,1,4
BRDA:83,4,0,56
BRDA:83,4,1,52
BRDA:85,5,0,4
BRDA:85,5,1,52
BRDA:88,6,0,4
BRDA:88,6,1,48
BRDA:94,7,0,12
BRDA:94,7,1,44
BRDA:98,8,0,12
BRDA:98,8,1,44
BRDA:98,9,0,56
BRDA:98,9,1,44
BRDA:110,10,0,12
BRDA:110,10,1,44
BRDA:112,11,0,24
BRDA:112,11,1,32
BRDA:170,12,0,0
BRDA:170,12,1,3
BRDA:230,13,0,10
BRDA:230,13,1,56
BRDA:241,14,0,6
BRDA:241,14,1,60
BRDA:248,15,0,24
BRDA:248,15,1,42
BRDA:269,16,0,178
BRDA:269,16,1,99
BRDA:274,17,0,39
BRDA:274,17,1,60
BRDA:286,18,0,39
BRDA:286,18,1,0
BRDA:294,19,0,0
BRDA:294,19,1,0
BRDA:345,20,0,3
BRDA:345,20,1,1
BRDA:360,21,0,0
BRDA:360,21,1,0
BRDA:383,22,0,0
BRDA:383,22,1,0
BRDA:407,23,0,0
BRDA:407,23,1,0
BRDA:420,24,0,0
BRDA:420,24,1,0
BRDA:434,25,0,0
BRDA:434,25,1,0
BRDA:584,26,0,29
BRDA:584,26,1,1
BRDA:614,27,0,28
BRDA:614,27,1,28
BRF:54
BRH:39
end_of_record
TN:
SF:./src/rxAppRoutes/rxAppRoutes.js
FN:8,(anonymous_1)
FN:10,(anonymous_2)
FN:18,(anonymous_3)
FN:26,(anonymous_4)
FN:35,(anonymous_5)
FN:55,(anonymous_6)
FN:63,(anonymous_7)
FN:77,(anonymous_8)
FN:100,(anonymous_9)
FN:120,(anonymous_10)
FN:130,(anonymous_11)
FN:131,(anonymous_12)
FN:143,(anonymous_13)
FN:144,(anonymous_14)
FN:161,(anonymous_15)
FN:165,(anonymous_16)
FN:190,(anonymous_17)
FN:204,(anonymous_18)
FN:214,(anonymous_19)
FN:230,(anonymous_20)
FN:231,(anonymous_21)
FN:242,(anonymous_22)
FN:243,(anonymous_23)
FN:245,(anonymous_24)
FN:250,(anonymous_25)
FN:251,(anonymous_26)
FN:253,(anonymous_27)
FN:264,(anonymous_28)
FN:265,(anonymous_29)
FN:272,(anonymous_30)
FN:276,(anonymous_31)
FN:277,(anonymous_32)
FN:281,(anonymous_33)
FN:288,(anonymous_34)
FNF:34
FNH:31
FNDA:63,(anonymous_1)
FNDA:361,(anonymous_2)
FNDA:3,(anonymous_3)
FNDA:753,(anonymous_4)
FNDA:93,(anonymous_5)
FNDA:94,(anonymous_6)
FNDA:335,(anonymous_7)
FNDA:333,(anonymous_8)
FNDA:328,(anonymous_9)
FNDA:661,(anonymous_10)
FNDA:42,(anonymous_11)
FNDA:54,(anonymous_12)
FNDA:209,(anonymous_13)
FNDA:324,(anonymous_14)
FNDA:29,(anonymous_15)
FNDA:56,(anonymous_16)
FNDA:5,(anonymous_17)
FNDA:6,(anonymous_18)
FNDA:36,(anonymous_19)
FNDA:16,(anonymous_20)
FNDA:16,(anonymous_21)
FNDA:7,(anonymous_22)
FNDA:6,(anonymous_23)
FNDA:1,(anonymous_24)
FNDA:3,(anonymous_25)
FNDA:3,(anonymous_26)
FNDA:0,(anonymous_27)
FNDA:3,(anonymous_28)
FNDA:3,(anonymous_29)
FNDA:0,(anonymous_30)
FNDA:83,(anonymous_31)
FNDA:43,(anonymous_32)
FNDA:41,(anonymous_33)
FNDA:0,(anonymous_34)
DA:1,1
DA:10,63
DA:12,361
DA:14,361
DA:18,63
DA:20,3
DA:22,3
DA:26,63
DA:27,753
DA:28,75
DA:31,678
DA:35,63
DA:36,93
DA:37,93
DA:39,93
DA:40,1
DA:43,1
DA:46,93
DA:55,63
DA:56,94
DA:58,94
DA:63,63
DA:64,335
DA:65,75
DA:69,260
DA:70,260
DA:72,260
DA:77,63
DA:78,333
DA:79,333
DA:83,333
DA:84,333
DA:85,324
DA:90,333
DA:91,128
DA:94,333
DA:100,63
DA:102,328
DA:103,72
DA:107,256
DA:109,256
DA:111,238
DA:112,238
DA:115,256
DA:120,63
DA:121,661
DA:131,42
DA:132,54
DA:134,54
DA:135,54
DA:139,54
DA:140,0
DA:143,54
DA:144,209
DA:146,324
DA:149,324
DA:150,129
DA:155,324
DA:158,209
DA:161,54
DA:162,29
DA:163,29
DA:165,29
DA:166,56
DA:167,56
DA:168,16
DA:169,16
DA:170,40
DA:172,13
DA:173,13
DA:174,9
DA:175,9
DA:178,56
DA:179,25
DA:180,1
DA:182,24
DA:187,29
DA:190,54
DA:191,5
DA:193,5
DA:195,2
DA:197,3
DA:200,5
DA:204,54
DA:205,6
DA:207,6
DA:208,8
DA:209,8
DA:211,6
DA:214,54
DA:216,36
DA:218,36
DA:221,54
DA:231,16
DA:232,16
DA:233,16
DA:234,1
DA:235,1
DA:238,15
DA:243,7
DA:244,6
DA:246,1
DA:251,3
DA:252,3
DA:254,0
DA:265,3
DA:266,3
DA:269,3
DA:271,3
DA:273,0
DA:277,83
DA:278,43
DA:283,41
DA:285,41
DA:286,41
DA:289,0
DA:294,42
LF:117
LH:113
BRDA:27,1,0,75
BRDA:27,1,1,678
BRDA:39,2,0,1
BRDA:39,2,1,92
BRDA:64,3,0,75
BRDA:64,3,1,260
BRDA:84,4,0,324
BRDA:84,4,1,9
BRDA:90,5,0,128
BRDA:90,5,1,205
BRDA:90,6,0,333
BRDA:90,6,1,324
BRDA:102,7,0,72
BRDA:102,7,1,256
BRDA:109,8,0,238
BRDA:109,8,1,18
BRDA:111,9,0,238
BRDA:111,9,1,236
BRDA:132,10,0,54
BRDA:132,10,1,54
BRDA:139,11,0,0
BRDA:139,11,1,54
BRDA:149,12,0,129
BRDA:149,12,1,195
BRDA:167,13,0,16
BRDA:167,13,1,40
BRDA:170,14,0,13
BRDA:170,14,1,27
BRDA:173,15,0,9
BRDA:173,15,1,4
BRDA:178,16,0,25
BRDA:178,16,1,31
BRDA:179,17,0,1
BRDA:179,17,1,24
BRDA:193,18,0,2
BRDA:193,18,1,3
BRDA:233,19,0,1
BRDA:233,19,1,15
BRF:38
BRH:37
end_of_record
TN:
SF:./src/rxAttributes/rxAttributes.js
FN:2,(anonymous_1)
FN:8,(anonymous_2)
FN:10,preLink
FN:14,(anonymous_4)
FNF:4
FNH:4
FNDA:2,(anonymous_1)
FNDA:2,(anonymous_2)
FNDA:2,preLink
FNDA:4,(anonymous_4)
DA:1,1
DA:4,2
DA:9,2
DA:12,2
DA:14,2
DA:17,4
DA:18,2
DA:23,2
DA:24,2
DA:27,2
LF:10
LH:10
BRDA:17,1,0,2
BRDA:17,1,1,2
BRF:2
BRH:2
end_of_record
TN:
SF:./src/rxAuth/rxAuth.js
FN:30,(anonymous_1)
FNF:1
FNH:1
FNDA:9,(anonymous_1)
DA:1,1
DA:31,9
DA:33,9
DA:34,9
DA:35,9
DA:37,9
LF:6
LH:6
BRF:0
BRH:0
end_of_record
TN:
SF:./src/rxBreadcrumbs/rxBreadcrumbs.js
FN:2,(anonymous_1)
FN:10,(anonymous_2)
FN:17,(anonymous_3)
FN:24,(anonymous_4)
FN:35,(anonymous_5)
FN:60,(anonymous_6)
FN:64,(anonymous_7)
FNF:7
FNH:7
FNDA:17,(anonymous_1)
FNDA:17,(anonymous_2)
FNDA:40,(anonymous_3)
FNDA:36,(anonymous_4)
FNDA:2,(anonymous_5)
FNDA:11,(anonymous_6)
FNDA:11,(anonymous_7)
DA:1,1
DA:4,17
DA:8,17
DA:10,17
DA:12,17
DA:14,17
DA:17,17
DA:19,40
DA:23,40
DA:24,9
DA:27,36
DA:28,1
DA:32,40
DA:35,17
DA:36,2
DA:42,17
DA:61,11
DA:65,11
LF:18
LH:18
BRDA:23,1,0,9
BRDA:23,1,1,31
BRDA:23,2,0,40
BRDA:23,2,1,9
BRDA:27,3,0,1
BRDA:27,3,1,35
BRDA:27,4,0,36
BRDA:27,4,1,9
BRDA:38,5,0,2
BRDA:38,5,1,1
BRF:10
BRH:10
end_of_record
TN:
SF:./src/rxButton/rxButton.js
FN:17,(anonymous_1)
FNF:1
FNH:1
FNDA:3,(anonymous_1)
DA:1,1
DA:18,3
LF:2
LH:2
BRF:0
BRH:0
end_of_record
TN:
SF:./src/rxCapitalize/rxCapitalize.js
FN:2,(anonymous_1)
FN:3,(anonymous_2)
FNF:2
FNH:2
FNDA:2,(anonymous_1)
FNDA:2,(anonymous_2)
DA:1,1
DA:3,2
DA:4,2
DA:5,1
DA:7,1
LF:5
LH:5
BRDA:4,1,0,1
BRDA:4,1,1,1
BRF:2
BRH:2
end_of_record
TN:
SF:./src/rxCompile/rxCompile.js
FN:7,(anonymous_1)
FN:8,(anonymous_2)
FN:10,(anonymous_3)
FN:14,(anonymous_4)
FNF:4
FNH:4
FNDA:7,(anonymous_1)
FNDA:7,(anonymous_2)
FNDA:22,(anonymous_3)
FNDA:7,(anonymous_4)
DA:1,1
DA:8,7
DA:9,7
DA:12,22
DA:17,7
DA:23,7
LF:6
LH:6
BRF:0
BRH:0
end_of_record
TN:
SF:./src/rxDiskSize/rxDiskSize.js
FN:2,(anonymous_1)
FN:3,(anonymous_2)
FNF:2
FNH:2
FNDA:13,(anonymous_1)
FNDA:12,(anonymous_2)
DA:1,1
DA:3,13
DA:4,12
DA:5,12
DA:7,12
DA:8,6
DA:9,3
DA:11,3
DA:12,3
DA:16,12
LF:10
LH:10
BRDA:7,1,0,6
BRDA:7,1,1,6
BRDA:8,2,0,3
BRDA:8,2,1,3
BRF:4
BRH:4
end_of_record
TN:
SF:./src/rxEnvironment/rxEnvironment.js
FN:14,(anonymous_1)
FN:67,(anonymous_2)
FN:76,(anonymous_3)
FN:90,(anonymous_4)
FN:94,(anonymous_5)
FN:112,(anonymous_6)
FN:127,(anonymous_7)
FN:142,(anonymous_8)
FN:144,(anonymous_9)
FN:150,(anonymous_10)
FN:151,(anonymous_11)
FN:197,(anonymous_12)
FN:198,(anonymous_13)
FN:223,(anonymous_14)
FN:224,(anonymous_15)
FN:249,(anonymous_16)
FN:254,(anonymous_17)
FN:256,preLink
FNF:18
FNH:18
FNDA:96,(anonymous_1)
FNDA:8,(anonymous_2)
FNDA:790,(anonymous_3)
FNDA:34,(anonymous_4)
FNDA:65,(anonymous_5)
FNDA:3,(anonymous_6)
FNDA:1,(anonymous_7)
FNDA:145,(anonymous_8)
FNDA:725,(anonymous_9)
FNDA:480,(anonymous_10)
FNDA:97,(anonymous_11)
FNDA:64,(anonymous_12)
FNDA:257,(anonymous_13)
FNDA:24,(anonymous_14)
FNDA:48,(anonymous_15)
FNDA:4,(anonymous_16)
FNDA:4,(anonymous_17)
FNDA:4,preLink
DA:1,1
DA:26,96
DA:67,96
DA:68,8
DA:73,8
DA:76,96
DA:77,790
DA:78,637
DA:81,153
DA:90,96
DA:92,34
DA:94,34
DA:95,65
DA:98,34
DA:99,1
DA:101,1
DA:104,34
DA:112,96
DA:114,3
DA:116,2
DA:118,1
DA:127,96
DA:129,1
DA:131,1
DA:142,96
DA:143,145
DA:144,145
DA:145,725
DA:147,145
DA:150,96
DA:151,480
DA:157,96
DA:162,96
DA:167,96
DA:172,96
DA:177,96
DA:198,64
DA:199,257
DA:202,257
DA:204,257
DA:224,24
DA:226,48
DA:229,48
DA:231,48
DA:232,48
DA:250,4
DA:255,4
DA:258,4
DA:261,4
DA:262,4
DA:265,4
LF:51
LH:51
BRDA:69,1,0,8
BRDA:69,1,1,8
BRDA:69,1,2,6
BRDA:69,1,3,7
BRDA:77,2,0,637
BRDA:77,2,1,153
BRDA:92,3,0,34
BRDA:92,3,1,29
BRDA:98,4,0,1
BRDA:98,4,1,33
BRDA:114,5,0,2
BRDA:114,5,1,1
BRDA:129,6,0,1
BRDA:129,6,1,0
BRDA:129,7,0,1
BRDA:129,7,1,1
BRDA:143,8,0,145
BRDA:143,8,1,145
BRDA:202,9,0,54
BRDA:202,9,1,203
BRDA:229,10,0,24
BRDA:229,10,1,24
BRDA:232,11,0,24
BRDA:232,11,1,24
BRF:24
BRH:23
end_of_record
TN:
SF:./src/rxFavicon/rxFavicon.js
FN:13,(anonymous_1)
FN:17,(anonymous_2)
FN:41,(anonymous_3)
FN:43,(anonymous_4)
FNF:4
FNH:4
FNDA:6,(anonymous_1)
FNDA:6,(anonymous_2)
FNDA:10,(anonymous_3)
FNDA:5,(anonymous_4)
DA:1,1
DA:14,6
DA:19,6
DA:22,6
DA:23,1
DA:25,1
DA:29,5
DA:30,5
DA:31,5
DA:34,5
DA:41,5
DA:42,10
DA:44,5
DA:47,5
LF:14
LH:14
BRDA:22,1,0,1
BRDA:22,1,1,5
BRDA:30,2,0,5
BRDA:30,2,1,1
BRDA:31,3,0,5
BRDA:31,3,1,1
BRF:6
BRH:6
end_of_record
TN:
SF:./src/rxFeedback/rxFeedback.js
FN:26,(anonymous_1)
FN:28,(anonymous_2)
FN:35,(anonymous_3)
FN:43,(anonymous_4)
FN:55,(anonymous_5)
FN:61,(anonymous_6)
FN:68,(anonymous_7)
FN:89,(anonymous_8)
FN:96,(anonymous_9)
FN:100,(anonymous_10)
FN:108,(anonymous_11)
FN:120,(anonymous_12)
FN:125,(anonymous_13)
FN:133,(anonymous_14)
FN:139,(anonymous_15)
FN:141,(anonymous_16)
FNF:16
FNH:16
FNDA:3,(anonymous_1)
FNDA:2,(anonymous_2)
FNDA:2,(anonymous_3)
FNDA:1,(anonymous_4)
FNDA:13,(anonymous_5)
FNDA:14,(anonymous_6)
FNDA:3,(anonymous_7)
FNDA:7,(anonymous_8)
FNDA:8,(anonymous_9)
FNDA:3,(anonymous_10)
FNDA:3,(anonymous_11)
FNDA:6,(anonymous_12)
FNDA:3,(anonymous_13)
FNDA:6,(anonymous_14)
FNDA:5,(anonymous_15)
FNDA:1,(anonymous_16)
DA:1,1
DA:28,3
DA:29,2
DA:31,2
DA:34,3
DA:36,2
DA:38,2
DA:39,1
DA:40,1
DA:42,1
DA:44,1
DA:46,1
DA:51,2
DA:56,13
DA:61,13
DA:62,14
DA:66,13
DA:68,13
DA:69,3
DA:70,3
DA:76,3
DA:79,3
DA:80,3
DA:82,3
DA:83,3
DA:87,13
DA:90,7
DA:97,8
DA:98,8
DA:100,8
DA:101,3
DA:103,3
DA:108,8
DA:109,3
DA:111,3
DA:112,1
DA:115,3
DA:120,8
DA:121,6
DA:126,3
DA:128,3
DA:132,8
DA:133,7
DA:134,6
DA:137,6
DA:139,6
DA:140,5
DA:142,1
LF:48
LH:48
BRDA:38,1,0,1
BRDA:38,1,1,1
BRDA:82,2,0,3
BRDA:82,2,1,0
BRDA:101,3,0,1
BRDA:101,3,1,2
BRDA:111,4,0,1
BRDA:111,4,1,2
BRDA:111,5,0,3
BRDA:111,5,1,1
BRDA:132,6,0,7
BRDA:132,6,1,1
BRF:12
BRH:11
end_of_record
TN:
SF:./src/rxFloatingHeader/rxFloatingHeader.js
FN:8,(anonymous_1)
FN:12,(anonymous_2)
FN:32,(anonymous_3)
FN:40,(anonymous_4)
FN:49,(anonymous_5)
FN:63,(anonymous_6)
FN:71,(anonymous_7)
FN:81,(anonymous_8)
FN:88,(anonymous_9)
FN:103,(anonymous_10)
FN:109,(anonymous_11)
FN:115,(anonymous_12)
FN:123,(anonymous_13)
FN:141,(anonymous_14)
FN:143,(anonymous_15)
FN:151,(anonymous_16)
FN:166,(anonymous_17)
FN:173,(anonymous_18)
FN:177,(anonymous_19)
FN:181,(anonymous_20)
FN:189,(anonymous_21)
FNF:21
FNH:15
FNDA:3,(anonymous_1)
FNDA:3,(anonymous_2)
FNDA:6,(anonymous_3)
FNDA:9,(anonymous_4)
FNDA:3,(anonymous_5)
FNDA:4,(anonymous_6)
FNDA:4,(anonymous_7)
FNDA:4,(anonymous_8)
FNDA:6,(anonymous_9)
FNDA:1,(anonymous_10)
FNDA:2,(anonymous_11)
FNDA:2,(anonymous_12)
FNDA:0,(anonymous_13)
FNDA:2,(anonymous_14)
FNDA:0,(anonymous_15)
FNDA:0,(anonymous_16)
FNDA:2,(anonymous_17)
FNDA:2,(anonymous_18)
FNDA:0,(anonymous_19)
FNDA:0,(anonymous_20)
FNDA:0,(anonymous_21)
DA:7,1
DA:9,3
DA:14,3
DA:32,3
DA:33,6
DA:34,6
DA:35,6
DA:36,6
DA:40,3
DA:41,9
DA:42,9
DA:43,3
DA:44,3
DA:45,3
DA:49,3
DA:50,3
DA:51,2
DA:54,3
DA:56,3
DA:57,2
DA:58,2
DA:59,2
DA:63,2
DA:64,4
DA:68,2
DA:71,2
DA:72,4
DA:80,2
DA:81,2
DA:82,4
DA:83,4
DA:84,4
DA:88,2
DA:89,6
DA:90,6
DA:91,6
DA:96,1
DA:97,1
DA:98,1
DA:103,1
DA:104,1
DA:105,0
DA:109,1
DA:110,2
DA:115,1
DA:116,2
DA:123,3
DA:124,0
DA:143,2
DA:146,0
DA:147,0
DA:148,0
DA:151,2
DA:153,0
DA:154,0
DA:155,0
DA:156,0
DA:157,0
DA:158,0
DA:159,0
DA:160,0
DA:161,0
DA:162,0
DA:163,0
DA:166,2
DA:167,2
DA:168,1
DA:170,2
DA:173,2
DA:174,2
DA:177,2
DA:178,0
DA:181,2
DA:182,0
DA:185,0
DA:189,2
DA:190,0
DA:193,2
LF:78
LH:58
BRDA:42,1,0,3
BRDA:42,1,1,6
BRDA:50,2,0,2
BRDA:50,2,1,1
BRDA:56,3,0,2
BRDA:56,3,1,1
BRDA:57,4,0,2
BRDA:57,4,1,0
BRDA:96,5,0,1
BRDA:96,5,1,0
BRDA:96,6,0,1
BRDA:96,6,1,0
BRDA:104,7,0,0
BRDA:104,7,1,1
BRDA:147,8,0,0
BRDA:147,8,1,0
BRDA:147,8,2,0
BRDA:147,8,3,0
BRDA:157,9,0,0
BRDA:157,9,1,0
BRDA:158,10,0,0
BRDA:158,10,1,0
BRDA:167,11,0,1
BRDA:167,11,1,1
BRDA:185,12,0,0
BRDA:185,12,1,0
BRF:26
BRH:12
end_of_record
TN:
SF:./src/rxForm/rxForm.js
FN:18,(anonymous_1)
FN:29,(anonymous_2)
FN:37,(anonymous_3)
FN:76,(anonymous_4)
FN:124,(anonymous_5)
FN:138,(anonymous_6)
FN:139,(anonymous_7)
FN:148,(anonymous_8)
FN:153,(anonymous_9)
FN:177,(anonymous_10)
FN:192,(anonymous_11)
FN:202,(anonymous_12)
FN:213,(anonymous_13)
FN:232,(anonymous_14)
FNF:14
FNH:12
FNDA:8,(anonymous_1)
FNDA:13,(anonymous_2)
FNDA:13,(anonymous_3)
FNDA:0,(anonymous_4)
FNDA:14,(anonymous_5)
FNDA:15,(anonymous_6)
FNDA:386,(anonymous_7)
FNDA:369,(anonymous_8)
FNDA:136,(anonymous_9)
FNDA:35,(anonymous_10)
FNDA:12,(anonymous_11)
FNDA:12,(anonymous_12)
FNDA:0,(anonymous_13)
FNDA:82,(anonymous_14)
DA:1,1
DA:19,8
DA:30,13
DA:37,13
DA:39,13
DA:41,13
DA:43,13
DA:46,13
DA:47,1
DA:50,12
DA:52,12
DA:53,2
DA:55,10
DA:58,12
DA:61,13
DA:77,0
DA:125,14
DA:139,15
DA:140,386
DA:141,103
DA:144,283
DA:148,15
DA:149,369
DA:153,15
DA:155,136
DA:156,108
DA:157,55
DA:158,53
DA:159,53
DA:161,17
DA:164,36
DA:169,28
DA:177,15
DA:178,35
DA:179,29
DA:181,6
DA:192,15
DA:193,12
DA:194,12
DA:195,12
DA:201,15
DA:202,15
DA:203,12
DA:204,4
DA:213,15
DA:214,0
DA:215,0
DA:216,0
DA:218,0
DA:220,0
DA:221,0
DA:223,0
DA:232,15
DA:233,82
DA:235,82
DA:236,0
DA:240,82
DA:241,78
DA:245,4
DA:246,4
LF:60
LH:51
BRDA:43,1,0,13
BRDA:43,1,1,12
BRDA:46,2,0,1
BRDA:46,2,1,12
BRDA:52,3,0,2
BRDA:52,3,1,10
BRDA:140,4,0,103
BRDA:140,4,1,283
BRDA:140,5,0,386
BRDA:140,5,1,314
BRDA:155,6,0,108
BRDA:155,6,1,28
BRDA:156,7,0,55
BRDA:156,7,1,53
BRDA:158,8,0,53
BRDA:158,8,1,0
BRDA:159,9,0,17
BRDA:159,9,1,36
BRDA:178,10,0,29
BRDA:178,10,1,6
BRDA:179,11,0,29
BRDA:179,11,1,29
BRDA:194,12,0,3
BRDA:194,12,1,9
BRDA:203,13,0,4
BRDA:203,13,1,8
BRDA:215,14,0,0
BRDA:215,14,1,0
BRDA:216,15,0,0
BRDA:216,15,1,0
BRDA:218,16,0,0
BRDA:218,16,1,0
BRDA:220,17,0,0
BRDA:220,17,1,0
BRDA:235,18,0,0
BRDA:235,18,1,82
BRDA:240,19,0,78
BRDA:240,19,1,4
BRF:38
BRH:28
end_of_record
TN:
SF:./src/rxIdentity/rxIdentity.js
FN:17,(anonymous_1)
FN:25,(anonymous_2)
FNF:2
FNH:2
FNDA:11,(anonymous_1)
FNDA:2,(anonymous_2)
DA:1,1
DA:18,11
DA:25,11
DA:26,2
DA:35,2
DA:38,11
LF:6
LH:6
BRF:0
BRH:0
end_of_record
TN:
SF:./src/rxInfoPanel/rxInfoPanel.js
FN:12,(anonymous_1)
FNF:1
FNH:1
FNDA:10,(anonymous_1)
DA:1,1
DA:13,10
LF:2
LH:2
BRF:0
BRH:0
end_of_record
TN:
SF:./src/rxLocalStorage/rxLocalStorage.js
FN:25,(anonymous_1)
FN:26,(anonymous_2)
FN:30,(anonymous_3)
FN:34,(anonymous_4)
FN:38,(anonymous_5)
FN:42,(anonymous_6)
FN:46,(anonymous_7)
FN:50,(anonymous_8)
FN:55,(anonymous_9)
FNF:9
FNH:9
FNDA:37,(anonymous_1)
FNDA:6,(anonymous_2)
FNDA:2,(anonymous_3)
FNDA:2,(anonymous_4)
FNDA:1,(anonymous_5)
FNDA:9,(anonymous_6)
FNDA:7,(anonymous_7)
FNDA:2,(anonymous_8)
FNDA:2,(anonymous_9)
DA:2,1
DA:26,37
DA:27,6
DA:30,37
DA:31,2
DA:34,37
DA:35,2
DA:38,37
DA:39,1
DA:42,37
DA:43,9
DA:46,37
DA:47,7
DA:50,37
DA:51,2
DA:52,2
DA:55,37
DA:56,2
DA:57,2
DA:58,2
DA:60,0
DA:63,2
LF:22
LH:21
BRDA:51,1,0,2
BRDA:51,1,1,0
BRDA:51,2,0,2
BRDA:51,2,1,0
BRF:4
BRH:2
end_of_record
TN:
SF:./src/rxLogout/rxLogout.js
FN:16,(anonymous_1)
FN:22,(anonymous_2)
FN:26,(anonymous_3)
FNF:3
FNH:3
FNDA:3,(anonymous_1)
FNDA:4,(anonymous_2)
FNDA:3,(anonymous_3)
DA:1,1
DA:17,3
DA:24,4
DA:26,4
DA:27,3
DA:31,3
DA:32,2
DA:35,3
LF:8
LH:8
BRDA:24,1,0,3
BRDA:24,1,1,1
BRDA:24,2,0,4
BRDA:24,2,1,3
BRDA:31,3,0,2
BRDA:31,3,1,1
BRF:6
BRH:6
end_of_record
TN:
SF:./src/rxModalAction/rxModalAction.js
FN:20,(anonymous_1)
FN:33,(anonymous_2)
FN:40,(anonymous_3)
FN:47,(anonymous_4)
FN:56,(anonymous_5)
FN:77,(anonymous_6)
FN:79,(anonymous_7)
FN:108,(anonymous_8)
FN:109,(anonymous_9)
FN:128,(anonymous_10)
FN:132,(anonymous_11)
FN:136,(anonymous_12)
FN:144,(anonymous_13)
FNF:13
FNH:13
FNDA:9,(anonymous_1)
FNDA:10,(anonymous_2)
FNDA:10,(anonymous_3)
FNDA:2,(anonymous_4)
FNDA:8,(anonymous_5)
FNDA:6,(anonymous_6)
FNDA:4,(anonymous_7)
FNDA:10,(anonymous_8)
FNDA:10,(anonymous_9)
FNDA:11,(anonymous_10)
FNDA:4,(anonymous_11)
FNDA:3,(anonymous_12)
FNDA:10,(anonymous_13)
DA:1,1
DA:21,9
DA:35,10
DA:40,10
DA:41,10
DA:43,10
DA:44,2
DA:45,2
DA:47,2
DA:48,2
DA:49,2
DA:53,8
DA:54,8
DA:56,8
DA:58,8
DA:59,8
DA:60,7
DA:62,8
DA:63,7
DA:69,10
DA:73,10
DA:79,6
DA:80,4
DA:83,6
DA:86,6
DA:109,10
DA:110,10
DA:116,10
DA:118,10
DA:120,10
DA:123,10
DA:130,11
DA:132,11
DA:133,4
DA:136,11
DA:137,3
DA:141,3
DA:144,11
DA:145,10
DA:149,10
DA:153,10
DA:155,10
DA:157,10
LF:43
LH:43
BRDA:43,1,0,2
BRDA:43,1,1,8
BRDA:43,2,0,10
BRDA:43,2,1,9
BRDA:48,3,0,2
BRDA:48,3,1,0
BRDA:59,4,0,7
BRDA:59,4,1,1
BRDA:62,5,0,7
BRDA:62,5,1,1
BRF:10
BRH:9
end_of_record
TN:
SF:./src/rxNotify/rxNotify.js
FN:15,(anonymous_1)
FN:38,(anonymous_2)
FN:46,(anonymous_3)
FN:51,(anonymous_4)
FN:55,(anonymous_5)
FN:59,(anonymous_6)
FN:61,(anonymous_7)
FN:75,(anonymous_8)
FN:101,(anonymous_9)
FN:125,(anonymous_10)
FN:129,(anonymous_11)
FN:141,(anonymous_12)
FN:155,(anonymous_13)
FN:160,(anonymous_14)
FN:171,(anonymous_15)
FN:172,(anonymous_16)
FN:183,(anonymous_17)
FN:184,(anonymous_18)
FN:198,(anonymous_19)
FN:210,(anonymous_20)
FN:221,(anonymous_21)
FN:264,processRouteChange
FN:290,(anonymous_23)
FN:298,(anonymous_24)
FN:311,(anonymous_25)
FN:335,(anonymous_26)
FN:350,(anonymous_27)
FN:380,(anonymous_28)
FN:382,(anonymous_29)
FNF:29
FNH:29
FNDA:54,(anonymous_1)
FNDA:54,(anonymous_2)
FNDA:34,(anonymous_3)
FNDA:1,(anonymous_4)
FNDA:34,(anonymous_5)
FNDA:102,(anonymous_6)
FNDA:40,(anonymous_7)
FNDA:64,(anonymous_8)
FNDA:47,(anonymous_9)
FNDA:3,(anonymous_10)
FNDA:2,(anonymous_11)
FNDA:4,(anonymous_12)
FNDA:1,(anonymous_13)
FNDA:2,(anonymous_14)
FNDA:6,(anonymous_15)
FNDA:6,(anonymous_16)
FNDA:6,(anonymous_17)
FNDA:2,(anonymous_18)
FNDA:4,(anonymous_19)
FNDA:12,(anonymous_20)
FNDA:51,(anonymous_21)
FNDA:6,processRouteChange
FNDA:8,(anonymous_23)
FNDA:6,(anonymous_24)
FNDA:6,(anonymous_25)
FNDA:1,(anonymous_26)
FNDA:8,(anonymous_27)
FNDA:3,(anonymous_28)
FNDA:3,(anonymous_29)
DA:1,1
DA:16,54
DA:39,54
DA:51,34
DA:52,1
DA:56,34
DA:59,34
DA:60,102
DA:62,40
DA:65,34
DA:76,64
DA:77,64
DA:80,64
DA:83,64
DA:85,64
DA:101,64
DA:103,47
DA:104,6
DA:105,1
DA:110,46
DA:111,3
DA:115,46
DA:116,44
DA:125,64
DA:127,3
DA:129,3
DA:130,2
DA:141,64
DA:142,4
DA:143,4
DA:146,4
DA:149,4
DA:150,1
DA:151,3
DA:152,3
DA:155,3
DA:156,1
DA:160,4
DA:161,2
DA:162,2
DA:171,64
DA:172,6
DA:173,6
DA:183,64
DA:184,6
DA:186,2
DA:190,6
DA:198,64
DA:199,4
DA:201,3
DA:210,64
DA:212,12
DA:221,64
DA:222,51
DA:226,51
DA:229,51
DA:232,51
DA:235,51
DA:236,5
DA:240,51
DA:243,51
DA:246,51
DA:247,3
DA:251,51
DA:252,44
DA:253,7
DA:254,6
DA:255,1
DA:256,1
DA:260,51
DA:264,64
DA:265,6
DA:266,6
DA:270,64
DA:291,8
DA:298,8
DA:299,6
DA:300,4
DA:311,8
DA:312,6
DA:314,4
DA:315,4
DA:317,4
DA:322,4
DA:323,2
DA:326,4
DA:335,8
DA:336,1
DA:337,1
DA:350,8
DA:351,8
DA:353,8
DA:355,8
DA:362,8
DA:366,8
DA:367,2
DA:370,8
DA:371,5
DA:375,8
DA:380,8
DA:381,3
DA:383,3
DA:387,8
DA:390,8
DA:392,8
DA:395,8
LF:106
LH:106
BRDA:56,1,0,34
BRDA:56,1,1,34
BRDA:103,2,0,6
BRDA:103,2,1,41
BRDA:104,3,0,1
BRDA:104,3,1,5
BRDA:110,4,0,3
BRDA:110,4,1,43
BRDA:115,5,0,44
BRDA:115,5,1,2
BRDA:149,6,0,1
BRDA:149,6,1,3
BRDA:151,7,0,3
BRDA:151,7,1,0
BRDA:161,8,0,2
BRDA:161,8,1,0
BRDA:199,9,0,3
BRDA:199,9,1,1
BRDA:226,10,0,51
BRDA:226,10,1,12
BRDA:232,11,0,51
BRDA:232,11,1,31
BRDA:235,12,0,5
BRDA:235,12,1,46
BRDA:246,13,0,3
BRDA:246,13,1,48
BRDA:251,14,0,44
BRDA:251,14,1,7
BRDA:253,15,0,6
BRDA:253,15,1,1
BRDA:255,16,0,1
BRDA:255,16,1,0
BRDA:299,17,0,4
BRDA:299,17,1,2
BRDA:312,18,0,4
BRDA:312,18,1,2
BRDA:312,19,0,6
BRDA:312,19,1,4
BRDA:322,20,0,2
BRDA:322,20,1,2
BRDA:366,21,0,2
BRDA:366,21,1,6
BRDA:370,22,0,5
BRDA:370,22,1,3
BRF:44
BRH:41
end_of_record
TN:
SF:./src/rxPageTitle/rxPageTitle.js
FN:2,(anonymous_1)
FN:6,(anonymous_2)
FN:15,(anonymous_3)
FN:20,(anonymous_4)
FN:23,(anonymous_5)
FN:26,(anonymous_6)
FN:34,(anonymous_7)
FN:39,(anonymous_8)
FN:60,(anonymous_9)
FN:61,(anonymous_10)
FNF:10
FNH:10
FNDA:12,(anonymous_1)
FNDA:12,(anonymous_2)
FNDA:12,(anonymous_3)
FNDA:3,(anonymous_4)
FNDA:1,(anonymous_5)
FNDA:7,(anonymous_6)
FNDA:5,(anonymous_7)
FNDA:10,(anonymous_8)
FNDA:10,(anonymous_9)
FNDA:10,(anonymous_10)
DA:1,1
DA:3,12
DA:6,12
DA:7,12
DA:8,2
DA:10,10
DA:15,12
DA:16,12
DA:19,12
DA:21,3
DA:24,1
DA:27,7
DA:28,7
DA:35,5
DA:36,5
DA:40,10
DA:61,10
DA:63,10
DA:64,2
DA:67,10
DA:68,10
DA:69,10
LF:22
LH:22
BRDA:7,1,0,2
BRDA:7,1,1,10
BRDA:63,2,0,2
BRDA:63,2,1,8
BRDA:69,3,0,10
BRDA:69,3,1,2
BRDA:69,3,2,2
BRF:7
BRH:7
end_of_record
TN:
SF:./src/rxPaginate/rxPaginate.js
FN:16,(anonymous_1)
FN:25,(anonymous_2)
FN:36,(anonymous_3)
FN:45,(anonymous_4)
FN:88,(anonymous_5)
FN:92,PageTrackingObject
FN:121,(anonymous_7)
FN:127,(anonymous_8)
FN:147,(anonymous_9)
FN:148,(anonymous_10)
FN:194,(anonymous_11)
FN:195,(anonymous_12)
FN:220,(anonymous_13)
FN:221,(anonymous_14)
FNF:14
FNH:13
FNDA:12,(anonymous_1)
FNDA:12,(anonymous_2)
FNDA:2,(anonymous_3)
FNDA:0,(anonymous_4)
FNDA:19,(anonymous_5)
FNDA:26,PageTrackingObject
FNDA:26,(anonymous_7)
FNDA:6,(anonymous_8)
FNDA:4,(anonymous_9)
FNDA:8,(anonymous_10)
FNDA:15,(anonymous_11)
FNDA:49,(anonymous_12)
FNDA:14,(anonymous_13)
FNDA:59,(anonymous_14)
DA:1,1
DA:17,12
DA:29,12
DA:30,12
DA:31,0
DA:34,12
DA:36,12
DA:37,2
DA:38,2
DA:42,2
DA:45,12
DA:46,0
DA:90,19
DA:92,1
DA:93,26
DA:103,26
DA:104,26
DA:109,26
DA:110,16
DA:111,16
DA:115,26
DA:116,3
DA:120,19
DA:122,26
DA:123,26
DA:124,26
DA:128,6
DA:148,4
DA:149,8
DA:150,0
DA:152,8
DA:153,0
DA:154,0
DA:156,8
DA:157,8
DA:158,8
DA:166,8
DA:167,3
DA:170,8
DA:171,8
DA:172,8
DA:174,8
DA:175,8
DA:177,8
DA:195,15
DA:196,49
DA:197,49
DA:198,6
DA:200,49
DA:221,14
DA:222,59
DA:223,0
DA:226,59
DA:233,59
DA:235,59
DA:240,59
DA:242,325
DA:246,59
LF:58
LH:52
BRDA:30,1,0,12
BRDA:30,1,1,0
BRDA:109,2,0,16
BRDA:109,2,1,10
BRDA:115,3,0,3
BRDA:115,3,1,23
BRDA:115,4,0,26
BRDA:115,4,1,4
BRDA:122,5,0,18
BRDA:122,5,1,8
BRDA:149,6,0,0
BRDA:149,6,1,8
BRDA:152,7,0,0
BRDA:152,7,1,8
BRDA:156,8,0,8
BRDA:156,8,1,0
BRDA:166,9,0,3
BRDA:166,9,1,5
BRDA:172,10,0,4
BRDA:172,10,1,4
BRDA:197,11,0,6
BRDA:197,11,1,43
BRDA:197,12,0,49
BRDA:197,12,1,48
BRDA:222,13,0,0
BRDA:222,13,1,59
BRDA:228,14,0,59
BRDA:228,14,1,6
BRDA:233,15,0,59
BRDA:233,15,1,0
BRDA:233,16,0,59
BRDA:233,16,1,59
BRF:32
BRH:26
end_of_record
TN:
SF:./src/rxPermission/rxPermission.js
FN:16,(anonymous_1)
FN:19,(anonymous_2)
FN:25,(anonymous_3)
FN:27,(anonymous_4)
FN:52,(anonymous_5)
FN:60,(anonymous_6)
FN:61,(anonymous_7)
FNF:7
FNH:7
FNDA:16,(anonymous_1)
FNDA:8,(anonymous_2)
FNDA:7,(anonymous_3)
FNDA:12,(anonymous_4)
FNDA:4,(anonymous_5)
FNDA:16,(anonymous_6)
FNDA:104,(anonymous_7)
DA:1,1
DA:17,16
DA:19,16
DA:20,8
DA:21,8
DA:25,16
DA:27,7
DA:28,12
DA:32,7
DA:34,7
DA:36,7
DA:39,16
DA:53,4
DA:61,16
DA:62,104
LF:15
LH:15
BRDA:21,1,0,7
BRDA:21,1,1,1
BRDA:21,2,0,8
BRDA:21,2,1,7
BRDA:21,2,2,7
BRDA:21,2,3,7
BRF:6
BRH:6
end_of_record
TN:
SF:./src/rxSession/rxSession.js
FN:20,(anonymous_1)
FN:28,(anonymous_2)
FN:37,(anonymous_3)
FN:44,(anonymous_4)
FN:48,(anonymous_5)
FN:52,(anonymous_6)
FN:56,(anonymous_7)
FN:60,(anonymous_8)
FN:64,(anonymous_9)
FN:68,(anonymous_10)
FN:78,(anonymous_11)
FNF:11
FNH:11
FNDA:29,(anonymous_1)
FNDA:10,(anonymous_2)
FNDA:30,(anonymous_3)
FNDA:13,(anonymous_4)
FNDA:1,(anonymous_5)
FNDA:2,(anonymous_6)
FNDA:2,(anonymous_7)
FNDA:1,(anonymous_8)
FNDA:1,(anonymous_9)
FNDA:4,(anonymous_10)
FNDA:2,(anonymous_11)
DA:1,1
DA:21,29
DA:22,29
DA:28,29
DA:29,10
DA:33,10
DA:34,1
DA:37,9
DA:38,30
DA:41,9
DA:44,29
DA:45,13
DA:48,29
DA:49,1
DA:52,29
DA:53,2
DA:56,29
DA:57,2
DA:60,29
DA:61,1
DA:64,29
DA:65,1
DA:68,29
DA:69,4
DA:71,4
DA:72,3
DA:75,1
DA:78,29
DA:79,2
DA:80,2
DA:83,29
LF:31
LH:31
BRDA:31,1,0,10
BRDA:31,1,1,0
BRDA:33,2,0,1
BRDA:33,2,1,9
BRDA:33,3,0,10
BRDA:33,3,1,9
BRDA:38,4,0,25
BRDA:38,4,1,5
BRDA:71,5,0,3
BRDA:71,5,1,1
BRDA:80,6,0,1
BRDA:80,6,1,1
BRF:12
BRH:11
end_of_record
TN:
SF:./src/rxSessionStorage/rxSessionStorage.js
FN:25,(anonymous_1)
FN:26,(anonymous_2)
FN:30,(anonymous_3)
FN:34,(anonymous_4)
FN:38,(anonymous_5)
FN:42,(anonymous_6)
FN:46,(anonymous_7)
FN:50,(anonymous_8)
FN:55,(anonymous_9)
FNF:9
FNH:9
FNDA:7,(anonymous_1)
FNDA:5,(anonymous_2)
FNDA:1,(anonymous_3)
FNDA:2,(anonymous_4)
FNDA:1,(anonymous_5)
FNDA:9,(anonymous_6)
FNDA:7,(anonymous_7)
FNDA:2,(anonymous_8)
FNDA:2,(anonymous_9)
DA:2,1
DA:26,7
DA:27,5
DA:30,7
DA:31,1
DA:34,7
DA:35,2
DA:38,7
DA:39,1
DA:42,7
DA:43,9
DA:46,7
DA:47,7
DA:50,7
DA:51,2
DA:52,2
DA:55,7
DA:56,2
DA:57,2
DA:58,2
DA:60,0
DA:63,2
LF:22
LH:21
BRDA:51,1,0,2
BRDA:51,1,1,0
BRDA:51,2,0,2
BRDA:51,2,1,0
BRF:4
BRH:2
end_of_record
TN:
SF:./src/rxSortableColumn/rxSortableColumn.js
FN:17,(anonymous_1)
FN:42,(anonymous_2)
FN:45,(anonymous_3)
FN:50,(anonymous_4)
FNF:4
FNH:4
FNDA:1,(anonymous_1)
FNDA:4,(anonymous_2)
FNDA:2,(anonymous_3)
FNDA:2,(anonymous_4)
DA:1,1
DA:18,1
DA:43,4
DA:45,4
DA:46,2
DA:47,2
DA:50,4
DA:51,2
DA:52,2
DA:57,2
DA:58,2
DA:62,4
LF:12
LH:12
BRDA:46,1,0,1
BRDA:46,1,1,1
BRDA:51,2,0,1
BRDA:51,2,1,1
BRDA:57,3,0,2
BRDA:57,3,1,0
BRF:6
BRH:5
end_of_record
TN:
SF:./src/rxSpinner/rxSpinner.js
FN:16,(anonymous_1)
FN:24,(anonymous_2)
FN:25,(anonymous_3)
FNF:3
FNH:3
FNDA:36,(anonymous_1)
FNDA:12,(anonymous_2)
FNDA:16,(anonymous_3)
DA:1,1
DA:17,36
DA:25,12
DA:26,16
DA:27,16
DA:28,16
DA:29,5
DA:31,11
LF:8
LH:8
BRDA:26,1,0,0
BRDA:26,1,1,16
BRDA:27,2,0,3
BRDA:27,2,1,13
BRDA:28,3,0,5
BRDA:28,3,1,11
BRF:6
BRH:5
end_of_record
TN:
SF:./src/rxStatus/rxStatus.js
FN:16,(anonymous_1)
FN:18,(anonymous_2)
FN:29,(anonymous_3)
FN:33,(anonymous_4)
FN:40,(anonymous_5)
FN:51,(anonymous_6)
FN:61,(anonymous_7)
FN:70,(anonymous_8)
FN:79,(anonymous_9)
FN:88,(anonymous_10)
FN:95,(anonymous_11)
FN:104,(anonymous_12)
FN:108,(anonymous_13)
FN:112,(anonymous_14)
FN:117,(anonymous_15)
FN:139,(anonymous_16)
FN:152,(anonymous_17)
FN:157,(anonymous_18)
FN:163,(anonymous_19)
FN:169,(anonymous_20)
FN:174,(anonymous_21)
FN:184,(anonymous_22)
FN:190,(anonymous_23)
FN:194,(anonymous_24)
FN:199,(anonymous_25)
FN:213,(anonymous_26)
FN:219,(anonymous_27)
FNF:27
FNH:27
FNDA:2,(anonymous_1)
FNDA:2,(anonymous_2)
FNDA:12,(anonymous_3)
FNDA:1,(anonymous_4)
FNDA:6,(anonymous_5)
FNDA:1,(anonymous_6)
FNDA:1,(anonymous_7)
FNDA:2,(anonymous_8)
FNDA:2,(anonymous_9)
FNDA:10,(anonymous_10)
FNDA:10,(anonymous_11)
FNDA:1,(anonymous_12)
FNDA:1,(anonymous_13)
FNDA:12,(anonymous_14)
FNDA:10,(anonymous_15)
FNDA:1,(anonymous_16)
FNDA:5,(anonymous_17)
FNDA:1,(anonymous_18)
FNDA:1,(anonymous_19)
FNDA:1,(anonymous_20)
FNDA:2,(anonymous_21)
FNDA:1,(anonymous_22)
FNDA:1,(anonymous_23)
FNDA:1,(anonymous_24)
FNDA:1,(anonymous_25)
FNDA:16,(anonymous_26)
FNDA:5,(anonymous_27)
DA:1,1
DA:17,2
DA:19,2
DA:30,12
DA:31,12
DA:32,12
DA:34,1
DA:41,6
DA:52,1
DA:62,1
DA:71,2
DA:80,2
DA:88,12
DA:89,10
DA:95,12
DA:96,10
DA:97,10
DA:98,10
DA:104,12
DA:105,1
DA:108,12
DA:109,1
DA:112,12
DA:113,12
DA:114,12
DA:117,12
DA:118,10
DA:120,10
DA:124,1
DA:125,0
DA:127,1
DA:130,10
DA:131,5
DA:134,10
DA:135,10
DA:136,10
DA:139,12
DA:140,1
DA:145,1
DA:146,1
DA:147,0
DA:149,1
DA:152,12
DA:153,5
DA:154,5
DA:157,12
DA:158,1
DA:159,1
DA:160,1
DA:163,12
DA:164,1
DA:165,1
DA:166,1
DA:169,12
DA:170,1
DA:171,1
DA:174,12
DA:175,2
DA:176,2
DA:184,12
DA:185,1
DA:186,1
DA:187,1
DA:190,12
DA:191,1
DA:194,12
DA:195,1
DA:196,1
DA:199,12
DA:200,1
DA:201,1
DA:204,12
DA:219,16
DA:220,5
DA:221,5
DA:222,4
DA:224,5
DA:227,16
LF:78
LH:76
BRDA:19,1,0,2
BRDA:19,1,1,1
BRDA:89,2,0,10
BRDA:89,2,1,10
BRDA:96,3,0,0
BRDA:96,3,1,10
BRDA:97,4,0,10
BRDA:97,4,1,0
BRDA:97,5,0,10
BRDA:97,5,1,10
BRDA:120,6,0,1
BRDA:120,6,1,9
BRDA:120,7,0,10
BRDA:120,7,1,10
BRDA:124,8,0,0
BRDA:124,8,1,1
BRDA:130,9,0,5
BRDA:130,9,1,5
BRDA:131,10,0,5
BRDA:131,10,1,3
BRDA:134,11,0,10
BRDA:134,11,1,0
BRDA:140,12,0,0
BRDA:140,12,1,1
BRDA:146,13,0,0
BRDA:146,13,1,1
BRDA:149,14,0,1
BRDA:149,14,1,0
BRDA:153,15,0,4
BRDA:153,15,1,1
BRDA:154,16,0,5
BRDA:154,16,1,1
BRDA:159,17,0,0
BRDA:159,17,1,1
BRDA:165,18,0,1
BRDA:165,18,1,0
BRDA:170,19,0,0
BRDA:170,19,1,1
BRDA:175,20,0,0
BRDA:175,20,1,2
BRDA:185,21,0,0
BRDA:185,21,1,1
BRDA:186,22,0,1
BRDA:186,22,1,0
BRDA:191,23,0,0
BRDA:191,23,1,1
BRDA:201,24,0,1
BRDA:201,24,1,1
BRDA:220,25,0,5
BRDA:220,25,1,1
BRDA:221,26,0,4
BRDA:221,26,1,1
BRDA:222,27,0,1
BRDA:222,27,1,3
BRF:54
BRH:40
end_of_record
TN:
SF:./src/rxStatusColumn/rxStatusColumn.js
FN:15,(anonymous_1)
FN:24,(anonymous_2)
FN:56,(anonymous_3)
FN:58,(anonymous_4)
FN:72,(anonymous_5)
FN:78,(anonymous_6)
FN:83,(anonymous_7)
FN:90,(anonymous_8)
FN:96,(anonymous_9)
FN:97,(anonymous_10)
FN:102,(anonymous_11)
FN:125,(anonymous_12)
FNF:12
FNH:10
FNDA:12,(anonymous_1)
FNDA:12,(anonymous_2)
FNDA:0,(anonymous_3)
FNDA:0,(anonymous_4)
FNDA:40,(anonymous_5)
FNDA:140,(anonymous_6)
FNDA:76,(anonymous_7)
FNDA:24,(anonymous_8)
FNDA:200,(anonymous_9)
FNDA:92,(anonymous_10)
FNDA:30,(anonymous_11)
FNDA:106,(anonymous_12)
DA:1,1
DA:16,12
DA:25,12
DA:26,12
DA:27,12
DA:28,12
DA:29,12
DA:30,12
DA:57,0
DA:59,0
DA:74,40
DA:75,40
DA:76,40
DA:78,40
DA:79,140
DA:83,40
DA:84,76
DA:90,40
DA:91,24
DA:92,24
DA:93,24
DA:96,40
DA:97,200
DA:98,92
DA:99,92
DA:100,82
DA:101,10
DA:102,10
DA:103,30
DA:107,92
DA:108,22
DA:110,70
DA:119,40
DA:120,40
DA:121,40
DA:122,40
DA:123,40
DA:125,40
DA:126,106
DA:127,27
DA:130,79
DA:132,79
DA:135,40
LF:43
LH:41
BRDA:26,1,0,12
BRDA:26,1,1,11
BRDA:27,2,0,12
BRDA:27,2,1,3
BRDA:91,3,0,24
BRDA:91,3,1,24
BRDA:99,4,0,82
BRDA:99,4,1,10
BRDA:101,5,0,10
BRDA:101,5,1,0
BRDA:107,6,0,22
BRDA:107,6,1,70
BRDA:126,7,0,27
BRDA:126,7,1,79
BRDA:126,8,0,106
BRDA:126,8,1,28
BRDA:132,9,0,49
BRDA:132,9,1,30
BRF:18
BRH:17
end_of_record
TN:
SF:./src/rxToggle/rxToggle.js
FN:11,(anonymous_1)
FN:14,(anonymous_2)
FN:17,(anonymous_3)
FN:18,(anonymous_4)
FNF:4
FNH:4
FNDA:2,(anonymous_1)
FNDA:2,(anonymous_2)
FNDA:6,(anonymous_3)
FNDA:6,(anonymous_4)
DA:1,1
DA:12,2
DA:15,2
DA:17,2
DA:18,6
DA:22,6
LF:6
LH:6
BRF:0
BRH:0
end_of_record
TN:
SF:./src/rxTokenInterceptor/rxTokenInterceptor.js
FN:20,(anonymous_1)
FN:23,(anonymous_2)
FN:25,(anonymous_3)
FN:28,(anonymous_4)
FNF:4
FNH:4
FNDA:4,(anonymous_1)
FNDA:4,(anonymous_2)
FNDA:3,(anonymous_3)
FNDA:5,(anonymous_4)
DA:1,1
DA:21,4
DA:23,4
DA:24,4
DA:28,3
DA:29,5
DA:30,2
DA:34,3
DA:35,1
DA:37,3
LF:10
LH:10
BRDA:29,1,0,2
BRDA:29,1,1,3
BRDA:34,2,0,1
BRDA:34,2,1,2
BRF:4
BRH:4
end_of_record
TN:
SF:./src/rxUnauthorizedInterceptor/rxUnauthorizedInterceptor.js
FN:22,(anonymous_1)
FN:24,(anonymous_2)
FN:32,(anonymous_3)
FN:36,(anonymous_4)
FNF:4
FNH:3
FNDA:7,(anonymous_1)
FNDA:0,(anonymous_2)
FNDA:6,(anonymous_3)
FNDA:6,(anonymous_4)
DA:1,1
DA:23,7
DA:30,0
DA:33,6
DA:34,6
DA:37,6
DA:38,5
DA:39,5
DA:42,6
DA:46,7
LF:10
LH:9
BRDA:33,1,0,1
BRDA:33,1,1,5
BRDA:37,2,0,5
BRDA:37,2,1,1
BRF:4
BRH:4
end_of_record
