TN:
SF:./src/configs/configs.js
FNF:0
FNH:0
DA:1,1
LF:1
LH:1
BRF:0
BRH:0
end_of_record
TN:
SF:./src/rxActionMenu/rxActionMenu.js
FN:2,(anonymous_1)
FN:10,(anonymous_2)
FN:16,(anonymous_3)
FN:21,(anonymous_4)
FN:27,(anonymous_5)
FN:33,(anonymous_6)
FN:35,(anonymous_7)
FNF:7
FNH:6
FNDA:6,(anonymous_1)
FNDA:7,(anonymous_2)
FNDA:7,(anonymous_3)
FNDA:0,(anonymous_4)
FNDA:9,(anonymous_5)
FNDA:13,(anonymous_6)
FNDA:3,(anonymous_7)
DA:1,1
DA:3,6
DA:11,7
DA:12,6
DA:14,7
DA:16,7
DA:17,7
DA:18,7
DA:21,7
DA:22,0
DA:23,0
DA:27,7
DA:28,9
DA:29,2
DA:33,7
DA:34,13
DA:35,3
LF:17
LH:15
BRDA:11,1,0,6
BRDA:11,1,1,1
BRDA:22,2,0,0
BRDA:22,2,1,0
BRDA:28,3,0,2
BRDA:28,3,1,7
BRDA:28,4,0,9
BRDA:28,4,1,8
BRDA:34,5,0,3
BRDA:34,5,1,10
BRDA:34,6,0,13
BRDA:34,6,1,12
BRDA:34,6,2,3
BRF:13
BRH:11
end_of_record
TN:
SF:./src/rxActiveUrl/rxActiveUrl.js
FN:12,(anonymous_1)
FN:21,(anonymous_2)
FN:22,(anonymous_3)
FN:26,(anonymous_4)
FNF:4
FNH:4
FNDA:4,(anonymous_1)
FNDA:4,(anonymous_2)
FNDA:6,(anonymous_3)
FNDA:4,(anonymous_4)
DA:1,1
DA:13,4
DA:22,4
DA:23,6
DA:28,4
LF:5
LH:5
BRF:0
BRH:0
end_of_record
TN:
SF:./src/rxAge/rxAge.js
FN:5,(anonymous_1)
FN:6,(anonymous_2)
FN:40,(anonymous_3)
FN:55,(anonymous_4)
FNF:4
FNH:4
FNDA:10,(anonymous_1)
FNDA:14,(anonymous_2)
FNDA:9,(anonymous_3)
FNDA:24,(anonymous_4)
DA:1,1
DA:6,10
DA:7,14
DA:8,1
DA:9,13
DA:10,1
DA:13,12
DA:14,12
DA:15,12
DA:16,12
DA:17,12
DA:18,12
DA:19,12
DA:20,12
DA:22,12
DA:24,1
DA:25,11
DA:27,9
DA:32,12
DA:34,12
DA:35,12
DA:37,12
DA:38,3
DA:40,3
DA:41,9
DA:45,12
DA:46,10
DA:49,12
DA:50,11
DA:53,12
DA:55,12
DA:56,24
DA:57,12
DA:59,12
LF:34
LH:34
BRDA:7,1,0,1
BRDA:7,1,1,13
BRDA:9,2,0,1
BRDA:9,2,1,12
BRDA:22,3,0,1
BRDA:22,3,1,11
BRDA:25,4,0,9
BRDA:25,4,1,2
BRDA:32,5,0,5
BRDA:32,5,1,7
BRDA:37,6,0,3
BRDA:37,6,1,9
BRDA:41,7,0,9
BRDA:41,7,1,0
BRDA:45,8,0,10
BRDA:45,8,1,2
BRDA:49,9,0,11
BRDA:49,9,1,1
BRDA:56,10,0,12
BRDA:56,10,1,12
BRDA:61,11,0,3
BRDA:61,11,1,9
BRF:22
BRH:21
end_of_record
TN:
SF:./src/rxApp/rxApp.js
FN:26,(anonymous_1)
FN:43,(anonymous_2)
FN:96,(anonymous_3)
FN:188,(anonymous_4)
FN:189,(anonymous_5)
FN:192,(anonymous_6)
FN:193,(anonymous_7)
FN:202,(anonymous_8)
FN:213,(anonymous_9)
FN:225,(anonymous_10)
FN:242,(anonymous_11)
FN:259,(anonymous_12)
FN:260,(anonymous_13)
FN:277,(anonymous_14)
FN:281,(anonymous_15)
FN:306,(anonymous_16)
FN:319,(anonymous_17)
FN:332,(anonymous_18)
FN:347,(anonymous_19)
FN:362,(anonymous_20)
FN:365,(anonymous_21)
FN:373,(anonymous_22)
FN:381,(anonymous_23)
FN:405,(anonymous_24)
FN:419,(anonymous_25)
FN:435,(anonymous_26)
FN:459,(anonymous_27)
FN:468,(anonymous_28)
FN:473,(anonymous_29)
FN:494,(anonymous_30)
FN:518,(anonymous_31)
FN:519,(anonymous_32)
FN:520,(anonymous_33)
FN:524,(anonymous_34)
FN:562,(anonymous_35)
FN:566,(anonymous_36)
FN:577,(anonymous_37)
FN:601,(anonymous_38)
FN:621,(anonymous_39)
FN:625,(anonymous_40)
FN:626,(anonymous_41)
FN:634,(anonymous_42)
FN:638,(anonymous_43)
FN:639,(anonymous_44)
FN:647,(anonymous_45)
FN:652,(anonymous_46)
FN:653,(anonymous_47)
FN:669,(anonymous_48)
FN:673,(anonymous_49)
FN:675,(anonymous_50)
FNF:50
FNH:42
FNDA:109,(anonymous_1)
FNDA:82,(anonymous_2)
FNDA:109,(anonymous_3)
FNDA:29,(anonymous_4)
FNDA:38,(anonymous_5)
FNDA:7652,(anonymous_6)
FNDA:15304,(anonymous_7)
FNDA:2815,(anonymous_8)
FNDA:2815,(anonymous_9)
FNDA:2815,(anonymous_10)
FNDA:967,(anonymous_11)
FNDA:337,(anonymous_12)
FNDA:967,(anonymous_13)
FNDA:18,(anonymous_14)
FNDA:28,(anonymous_15)
FNDA:5,(anonymous_16)
FNDA:4,(anonymous_17)
FNDA:9,(anonymous_18)
FNDA:3,(anonymous_19)
FNDA:144,(anonymous_20)
FNDA:51,(anonymous_21)
FNDA:9,(anonymous_22)
FNDA:29,(anonymous_23)
FNDA:9,(anonymous_24)
FNDA:36,(anonymous_25)
FNDA:0,(anonymous_26)
FNDA:1,(anonymous_27)
FNDA:1,(anonymous_28)
FNDA:1,(anonymous_29)
FNDA:17,(anonymous_30)
FNDA:17,(anonymous_31)
FNDA:830,(anonymous_32)
FNDA:348,(anonymous_33)
FNDA:348,(anonymous_34)
FNDA:830,(anonymous_35)
FNDA:3168,(anonymous_36)
FNDA:0,(anonymous_37)
FNDA:9,(anonymous_38)
FNDA:9,(anonymous_39)
FNDA:27,(anonymous_40)
FNDA:0,(anonymous_41)
FNDA:9,(anonymous_42)
FNDA:27,(anonymous_43)
FNDA:0,(anonymous_44)
FNDA:9,(anonymous_45)
FNDA:27,(anonymous_46)
FNDA:0,(anonymous_47)
FNDA:0,(anonymous_48)
FNDA:0,(anonymous_49)
FNDA:0,(anonymous_50)
DA:1,1
DA:27,109
DA:28,0
DA:31,109
DA:46,82
DA:47,0
DA:49,82
DA:99,109
DA:100,0
DA:102,109
DA:189,29
DA:190,38
DA:192,38
DA:193,7652
DA:194,15304
DA:195,2430
DA:199,7652
DA:202,38
DA:204,2815
DA:207,2815
DA:208,2815
DA:210,2815
DA:213,38
DA:214,2815
DA:215,408
DA:219,2407
DA:220,2407
DA:222,2407
DA:225,38
DA:228,2815
DA:229,2815
DA:230,2815
DA:235,2815
DA:236,584
DA:239,2815
DA:242,38
DA:244,967
DA:245,201
DA:249,766
DA:251,766
DA:253,325
DA:256,766
DA:259,38
DA:260,337
DA:262,967
DA:265,967
DA:266,279
DA:271,967
DA:274,337
DA:277,38
DA:278,18
DA:279,18
DA:281,18
DA:282,28
DA:283,28
DA:284,10
DA:285,10
DA:286,18
DA:288,9
DA:289,9
DA:290,7
DA:291,7
DA:294,28
DA:295,17
DA:296,1
DA:298,16
DA:303,18
DA:306,38
DA:307,5
DA:309,5
DA:311,2
DA:313,3
DA:316,5
DA:319,38
DA:320,4
DA:323,38
DA:333,9
DA:335,9
DA:336,0
DA:339,9
DA:348,3
DA:351,3
DA:352,3
DA:355,3
DA:357,3
DA:359,0
DA:363,144
DA:366,51
DA:371,29
DA:373,29
DA:374,9
DA:377,29
DA:382,29
DA:406,9
DA:420,36
DA:423,36
DA:427,36
DA:428,9
DA:431,36
DA:432,18
DA:436,0
DA:460,1
DA:471,1
DA:474,1
DA:495,17
DA:519,17
DA:520,830
DA:521,348
DA:522,348
DA:524,348
DA:525,348
DA:529,830
DA:531,830
DA:534,141
DA:536,141
DA:540,830
DA:542,830
DA:543,6
DA:547,830
DA:549,830
DA:550,207
DA:554,17
DA:564,830
DA:566,830
DA:567,3168
DA:569,2379
DA:572,789
DA:577,830
DA:579,0
DA:580,0
DA:581,0
DA:602,9
DA:622,9
DA:626,27
DA:627,0
DA:628,0
DA:635,9
DA:639,27
DA:640,0
DA:641,0
DA:648,9
DA:653,27
DA:654,0
DA:655,0
DA:670,0
DA:675,0
LF:146
LH:129
BRDA:27,1,0,0
BRDA:27,1,1,109
BRDA:46,2,0,0
BRDA:46,2,1,82
BRDA:99,3,0,0
BRDA:99,3,1,109
BRDA:194,4,0,2430
BRDA:194,4,1,12874
BRDA:214,5,0,408
BRDA:214,5,1,2407
BRDA:230,6,0,2815
BRDA:230,6,1,2407
BRDA:230,6,2,2404
BRDA:235,7,0,584
BRDA:235,7,1,2231
BRDA:235,8,0,2815
BRDA:235,8,1,2812
BRDA:244,9,0,201
BRDA:244,9,1,766
BRDA:251,10,0,325
BRDA:251,10,1,441
BRDA:265,11,0,279
BRDA:265,11,1,688
BRDA:283,12,0,10
BRDA:283,12,1,18
BRDA:286,13,0,9
BRDA:286,13,1,9
BRDA:289,14,0,7
BRDA:289,14,1,2
BRDA:294,15,0,17
BRDA:294,15,1,11
BRDA:295,16,0,1
BRDA:295,16,1,16
BRDA:309,17,0,2
BRDA:309,17,1,3
BRDA:335,18,0,0
BRDA:335,18,1,9
BRDA:351,19,0,3
BRDA:351,19,1,0
BRDA:420,20,0,9
BRDA:420,20,1,27
BRDA:423,21,0,9
BRDA:423,21,1,27
BRDA:427,22,0,9
BRDA:427,22,1,27
BRDA:427,23,0,36
BRDA:427,23,1,27
BRDA:431,24,0,18
BRDA:431,24,1,18
BRDA:531,25,0,141
BRDA:531,25,1,689
BRDA:542,26,0,6
BRDA:542,26,1,824
BRDA:549,27,0,207
BRDA:549,27,1,623
BRDA:567,28,0,2379
BRDA:567,28,1,789
BRDA:579,29,0,0
BRDA:579,29,1,0
BRDA:627,30,0,0
BRDA:627,30,1,0
BRDA:640,31,0,0
BRDA:640,31,1,0
BRDA:654,32,0,0
BRDA:654,32,1,0
BRF:65
BRH:52
end_of_record
TN:
SF:./src/rxAttributes/rxAttributes.js
FN:2,(anonymous_1)
FN:8,(anonymous_2)
FN:10,preLink
FN:14,(anonymous_4)
FNF:4
FNH:4
FNDA:2,(anonymous_1)
FNDA:2,(anonymous_2)
FNDA:2,preLink
FNDA:4,(anonymous_4)
DA:1,1
DA:4,2
DA:9,2
DA:12,2
DA:14,2
DA:17,4
DA:18,2
DA:23,2
DA:24,2
DA:27,2
LF:10
LH:10
BRDA:17,1,0,2
BRDA:17,1,1,2
BRF:2
BRH:2
end_of_record
TN:
SF:./src/rxAuth/rxAuth.js
FN:30,(anonymous_1)
FNF:1
FNH:1
FNDA:9,(anonymous_1)
DA:1,1
DA:31,9
DA:33,9
DA:34,9
DA:35,9
DA:37,9
LF:6
LH:6
BRF:0
BRH:0
end_of_record
TN:
SF:./src/rxBreadcrumbs/rxBreadcrumbs.js
FN:2,(anonymous_1)
FN:10,(anonymous_2)
FN:17,(anonymous_3)
FN:24,(anonymous_4)
FN:28,(anonymous_5)
FNF:5
FNH:5
FNDA:8,(anonymous_1)
FNDA:8,(anonymous_2)
FNDA:17,(anonymous_3)
FNDA:4,(anonymous_4)
FNDA:4,(anonymous_5)
DA:1,1
DA:4,8
DA:8,8
DA:10,8
DA:12,8
DA:14,8
DA:17,8
DA:19,17
DA:22,8
DA:25,4
DA:29,4
LF:11
LH:11
BRF:0
BRH:0
end_of_record
TN:
SF:./src/rxButton/rxButton.js
FN:15,(anonymous_1)
FNF:1
FNH:1
FNDA:2,(anonymous_1)
DA:1,1
DA:16,2
LF:2
LH:2
BRF:0
BRH:0
end_of_record
TN:
SF:./src/rxCapitalize/rxCapitalize.js
FN:2,(anonymous_1)
FN:3,(anonymous_2)
FNF:2
FNH:2
FNDA:1,(anonymous_1)
FNDA:1,(anonymous_2)
DA:1,1
DA:3,1
DA:4,1
LF:3
LH:3
BRF:0
BRH:0
end_of_record
TN:
SF:./src/rxCompile/rxCompile.js
FN:7,(anonymous_1)
FN:8,(anonymous_2)
FN:10,(anonymous_3)
FN:14,(anonymous_4)
FNF:4
FNH:4
FNDA:7,(anonymous_1)
FNDA:7,(anonymous_2)
FNDA:22,(anonymous_3)
FNDA:7,(anonymous_4)
DA:1,1
DA:8,7
DA:9,7
DA:12,22
DA:17,7
DA:23,7
LF:6
LH:6
BRF:0
BRH:0
end_of_record
TN:
SF:./src/rxDiskSize/rxDiskSize.js
FN:2,(anonymous_1)
FN:3,(anonymous_2)
FNF:2
FNH:2
FNDA:7,(anonymous_1)
FNDA:6,(anonymous_2)
DA:1,1
DA:3,7
DA:4,6
DA:5,6
DA:7,6
DA:8,3
DA:11,6
LF:7
LH:7
BRDA:7,1,0,3
BRDA:7,1,1,3
BRF:2
BRH:2
end_of_record
TN:
SF:./src/rxEnvironment/rxEnvironment.js
FN:14,(anonymous_1)
FN:60,(anonymous_2)
FN:75,(anonymous_3)
FN:79,(anonymous_4)
FN:103,(anonymous_5)
FN:118,(anonymous_6)
FN:145,(anonymous_7)
FN:146,(anonymous_8)
FN:171,(anonymous_9)
FN:172,(anonymous_10)
FN:203,(anonymous_11)
FN:208,(anonymous_12)
FN:210,preLink
FNF:13
FNH:13
FNDA:47,(anonymous_1)
FNDA:7,(anonymous_2)
FNDA:1535,(anonymous_3)
FNDA:1556,(anonymous_4)
FNDA:3,(anonymous_5)
FNDA:1,(anonymous_6)
FNDA:30,(anonymous_7)
FNDA:767,(anonymous_8)
FNDA:14,(anonymous_9)
FNDA:830,(anonymous_10)
FNDA:4,(anonymous_11)
FNDA:4,(anonymous_12)
FNDA:4,preLink
DA:1,1
DA:15,47
DA:28,47
DA:60,47
DA:61,7
DA:66,7
DA:75,47
DA:77,1535
DA:79,1535
DA:80,1556
DA:82,1556
DA:83,1548
DA:86,8
DA:89,1535
DA:90,1
DA:92,1
DA:95,1535
DA:103,47
DA:105,3
DA:107,2
DA:109,1
DA:118,47
DA:120,1
DA:122,1
DA:126,47
DA:146,30
DA:147,767
DA:150,767
DA:152,767
DA:172,14
DA:174,830
DA:177,830
DA:180,830
DA:182,830
DA:183,6
DA:185,824
DA:204,4
DA:209,4
DA:212,4
DA:215,4
DA:216,4
DA:219,4
LF:42
LH:42
BRDA:62,1,0,7
BRDA:62,1,1,7
BRDA:62,1,2,5
BRDA:62,1,3,6
BRDA:77,2,0,1535
BRDA:77,2,1,1530
BRDA:82,3,0,1548
BRDA:82,3,1,8
BRDA:89,4,0,1
BRDA:89,4,1,1534
BRDA:105,5,0,2
BRDA:105,5,1,1
BRDA:120,6,0,1
BRDA:120,6,1,0
BRDA:120,7,0,1
BRDA:120,7,1,1
BRDA:150,8,0,19
BRDA:150,8,1,748
BRDA:177,9,0,6
BRDA:177,9,1,824
BRDA:182,10,0,6
BRDA:182,10,1,824
BRF:22
BRH:21
end_of_record
TN:
SF:./src/rxFavicon/rxFavicon.js
FN:13,(anonymous_1)
FN:17,(anonymous_2)
FN:41,(anonymous_3)
FN:43,(anonymous_4)
FNF:4
FNH:4
FNDA:6,(anonymous_1)
FNDA:6,(anonymous_2)
FNDA:10,(anonymous_3)
FNDA:5,(anonymous_4)
DA:1,1
DA:14,6
DA:19,6
DA:22,6
DA:23,1
DA:25,1
DA:29,5
DA:30,5
DA:31,5
DA:34,5
DA:41,5
DA:42,10
DA:44,5
DA:47,5
LF:14
LH:14
BRDA:22,1,0,1
BRDA:22,1,1,5
BRDA:30,2,0,5
BRDA:30,2,1,1
BRDA:31,3,0,5
BRDA:31,3,1,1
BRF:6
BRH:6
end_of_record
TN:
SF:./src/rxFeedback/rxFeedback.js
FN:26,(anonymous_1)
FN:28,(anonymous_2)
FN:35,(anonymous_3)
FN:43,(anonymous_4)
FN:55,(anonymous_5)
FN:58,(anonymous_6)
FN:65,(anonymous_7)
FN:90,(anonymous_8)
FN:94,(anonymous_9)
FN:98,(anonymous_10)
FN:106,(anonymous_11)
FN:118,(anonymous_12)
FN:123,(anonymous_13)
FN:130,(anonymous_14)
FN:136,(anonymous_15)
FN:138,(anonymous_16)
FNF:16
FNH:16
FNDA:3,(anonymous_1)
FNDA:2,(anonymous_2)
FNDA:2,(anonymous_3)
FNDA:1,(anonymous_4)
FNDA:11,(anonymous_5)
FNDA:12,(anonymous_6)
FNDA:2,(anonymous_7)
FNDA:6,(anonymous_8)
FNDA:6,(anonymous_9)
FNDA:3,(anonymous_10)
FNDA:3,(anonymous_11)
FNDA:6,(anonymous_12)
FNDA:3,(anonymous_13)
FNDA:6,(anonymous_14)
FNDA:5,(anonymous_15)
FNDA:1,(anonymous_16)
DA:1,1
DA:28,3
DA:29,2
DA:31,2
DA:34,3
DA:36,2
DA:38,2
DA:39,1
DA:40,1
DA:42,1
DA:44,1
DA:46,1
DA:51,2
DA:56,11
DA:58,11
DA:59,12
DA:63,11
DA:65,11
DA:66,2
DA:67,2
DA:73,2
DA:76,2
DA:77,2
DA:79,2
DA:80,2
DA:84,11
DA:91,6
DA:95,6
DA:96,6
DA:98,6
DA:99,3
DA:101,3
DA:106,6
DA:107,3
DA:109,3
DA:110,1
DA:113,3
DA:118,6
DA:119,6
DA:124,3
DA:126,3
DA:130,6
DA:131,6
DA:134,6
DA:136,6
DA:137,5
DA:139,1
LF:47
LH:47
BRDA:38,1,0,1
BRDA:38,1,1,1
BRDA:79,2,0,2
BRDA:79,2,1,0
BRDA:99,3,0,1
BRDA:99,3,1,2
BRDA:109,4,0,1
BRDA:109,4,1,2
BRDA:109,5,0,3
BRDA:109,5,1,1
BRF:10
BRH:9
end_of_record
TN:
SF:./src/rxForm/rxForm.js
FN:18,(anonymous_1)
FN:29,(anonymous_2)
FN:37,(anonymous_3)
FN:74,(anonymous_4)
FN:122,(anonymous_5)
FN:136,(anonymous_6)
FN:137,(anonymous_7)
FN:146,(anonymous_8)
FN:151,(anonymous_9)
FN:175,(anonymous_10)
FN:190,(anonymous_11)
FN:200,(anonymous_12)
FN:211,(anonymous_13)
FN:230,(anonymous_14)
FNF:14
FNH:12
FNDA:6,(anonymous_1)
FNDA:10,(anonymous_2)
FNDA:10,(anonymous_3)
FNDA:0,(anonymous_4)
FNDA:14,(anonymous_5)
FNDA:15,(anonymous_6)
FNDA:386,(anonymous_7)
FNDA:369,(anonymous_8)
FNDA:136,(anonymous_9)
FNDA:35,(anonymous_10)
FNDA:12,(anonymous_11)
FNDA:12,(anonymous_12)
FNDA:0,(anonymous_13)
FNDA:82,(anonymous_14)
DA:1,1
DA:19,6
DA:30,10
DA:37,10
DA:39,10
DA:41,10
DA:44,10
DA:45,1
DA:48,9
DA:50,9
DA:51,2
DA:53,7
DA:56,9
DA:59,10
DA:75,0
DA:123,14
DA:137,15
DA:138,386
DA:139,103
DA:142,283
DA:146,15
DA:147,369
DA:151,15
DA:153,136
DA:154,108
DA:155,55
DA:156,53
DA:157,53
DA:159,17
DA:162,36
DA:167,28
DA:175,15
DA:176,35
DA:177,29
DA:179,6
DA:190,15
DA:191,12
DA:192,12
DA:193,12
DA:199,15
DA:200,15
DA:201,12
DA:202,4
DA:211,15
DA:212,0
DA:213,0
DA:214,0
DA:216,0
DA:218,0
DA:219,0
DA:221,0
DA:230,15
DA:231,82
DA:233,82
DA:234,0
DA:238,82
DA:239,78
DA:243,4
DA:244,4
LF:59
LH:50
BRDA:44,1,0,1
BRDA:44,1,1,9
BRDA:50,2,0,2
BRDA:50,2,1,7
BRDA:138,3,0,103
BRDA:138,3,1,283
BRDA:138,4,0,386
BRDA:138,4,1,314
BRDA:153,5,0,108
BRDA:153,5,1,28
BRDA:154,6,0,55
BRDA:154,6,1,53
BRDA:156,7,0,53
BRDA:156,7,1,0
BRDA:157,8,0,17
BRDA:157,8,1,36
BRDA:176,9,0,29
BRDA:176,9,1,6
BRDA:177,10,0,29
BRDA:177,10,1,29
BRDA:192,11,0,3
BRDA:192,11,1,9
BRDA:201,12,0,4
BRDA:201,12,1,8
BRDA:213,13,0,0
BRDA:213,13,1,0
BRDA:214,14,0,0
BRDA:214,14,1,0
BRDA:216,15,0,0
BRDA:216,15,1,0
BRDA:218,16,0,0
BRDA:218,16,1,0
BRDA:233,17,0,0
BRDA:233,17,1,82
BRDA:238,18,0,78
BRDA:238,18,1,4
BRF:36
BRH:26
end_of_record
TN:
SF:./src/rxIdentity/rxIdentity.js
FN:17,(anonymous_1)
FN:25,(anonymous_2)
FNF:2
FNH:2
FNDA:11,(anonymous_1)
FNDA:2,(anonymous_2)
DA:1,1
DA:18,11
DA:25,11
DA:26,2
DA:35,2
DA:38,11
LF:6
LH:6
BRF:0
BRH:0
end_of_record
TN:
SF:./src/rxLocalStorage/rxLocalStorage.js
FN:25,(anonymous_1)
FN:26,(anonymous_2)
FN:30,(anonymous_3)
FN:34,(anonymous_4)
FN:38,(anonymous_5)
FN:42,(anonymous_6)
FN:46,(anonymous_7)
FN:50,(anonymous_8)
FN:55,(anonymous_9)
FNF:9
FNH:9
FNDA:35,(anonymous_1)
FNDA:6,(anonymous_2)
FNDA:2,(anonymous_3)
FNDA:2,(anonymous_4)
FNDA:1,(anonymous_5)
FNDA:9,(anonymous_6)
FNDA:7,(anonymous_7)
FNDA:2,(anonymous_8)
FNDA:2,(anonymous_9)
DA:2,1
DA:26,35
DA:27,6
DA:30,35
DA:31,2
DA:34,35
DA:35,2
DA:38,35
DA:39,1
DA:42,35
DA:43,9
DA:46,35
DA:47,7
DA:50,35
DA:51,2
DA:52,2
DA:55,35
DA:56,2
DA:57,2
DA:58,2
DA:60,0
DA:63,2
LF:22
LH:21
BRDA:51,1,0,2
BRDA:51,1,1,0
BRDA:51,2,0,2
BRDA:51,2,1,0
BRF:4
BRH:2
end_of_record
TN:
SF:./src/rxLogout/rxLogout.js
FN:16,(anonymous_1)
FN:22,(anonymous_2)
FN:26,(anonymous_3)
FNF:3
FNH:3
FNDA:3,(anonymous_1)
FNDA:4,(anonymous_2)
FNDA:3,(anonymous_3)
DA:1,1
DA:17,3
DA:24,4
DA:26,4
DA:27,3
DA:31,3
DA:32,2
DA:35,3
LF:8
LH:8
BRDA:24,1,0,3
BRDA:24,1,1,1
BRDA:24,2,0,4
BRDA:24,2,1,3
BRDA:31,3,0,2
BRDA:31,3,1,1
BRF:6
BRH:6
end_of_record
TN:
SF:./src/rxModalAction/rxModalAction.js
FN:19,(anonymous_1)
FN:31,(anonymous_2)
FN:33,(anonymous_3)
FN:45,(anonymous_4)
FN:58,(anonymous_5)
FN:60,(anonymous_6)
FN:89,(anonymous_7)
FN:90,(anonymous_8)
FN:109,(anonymous_9)
FN:113,(anonymous_10)
FN:117,(anonymous_11)
FN:125,(anonymous_12)
FNF:12
FNH:12
FNDA:4,(anonymous_1)
FNDA:5,(anonymous_2)
FNDA:5,(anonymous_3)
FNDA:5,(anonymous_4)
FNDA:6,(anonymous_5)
FNDA:4,(anonymous_6)
FNDA:10,(anonymous_7)
FNDA:10,(anonymous_8)
FNDA:11,(anonymous_9)
FNDA:4,(anonymous_10)
FNDA:3,(anonymous_11)
FNDA:10,(anonymous_12)
DA:1,1
DA:20,4
DA:33,5
DA:34,5
DA:35,5
DA:36,5
DA:39,5
DA:40,5
DA:41,4
DA:45,5
DA:46,5
DA:50,5
DA:54,5
DA:60,6
DA:61,4
DA:64,6
DA:67,6
DA:90,10
DA:91,10
DA:97,10
DA:99,10
DA:101,10
DA:104,10
DA:111,11
DA:113,11
DA:114,4
DA:117,11
DA:118,3
DA:122,3
DA:125,11
DA:126,10
DA:130,10
DA:134,10
DA:136,10
DA:138,10
LF:35
LH:35
BRDA:40,1,0,4
BRDA:40,1,1,1
BRF:2
BRH:2
end_of_record
TN:
SF:./src/rxNotify/rxNotify.js
FN:15,(anonymous_1)
FN:38,(anonymous_2)
FN:46,(anonymous_3)
FN:51,(anonymous_4)
FN:55,(anonymous_5)
FN:59,(anonymous_6)
FN:61,(anonymous_7)
FN:75,(anonymous_8)
FN:101,(anonymous_9)
FN:125,(anonymous_10)
FN:129,(anonymous_11)
FN:140,(anonymous_12)
FN:154,(anonymous_13)
FN:159,(anonymous_14)
FN:170,(anonymous_15)
FN:171,(anonymous_16)
FN:182,(anonymous_17)
FN:183,(anonymous_18)
FN:197,(anonymous_19)
FN:209,(anonymous_20)
FN:220,(anonymous_21)
FN:263,processRouteChange
FN:289,(anonymous_23)
FN:297,(anonymous_24)
FN:310,(anonymous_25)
FN:334,(anonymous_26)
FN:349,(anonymous_27)
FN:379,(anonymous_28)
FN:381,(anonymous_29)
FNF:29
FNH:29
FNDA:34,(anonymous_1)
FNDA:34,(anonymous_2)
FNDA:34,(anonymous_3)
FNDA:1,(anonymous_4)
FNDA:34,(anonymous_5)
FNDA:102,(anonymous_6)
FNDA:40,(anonymous_7)
FNDA:46,(anonymous_8)
FNDA:44,(anonymous_9)
FNDA:3,(anonymous_10)
FNDA:2,(anonymous_11)
FNDA:4,(anonymous_12)
FNDA:1,(anonymous_13)
FNDA:2,(anonymous_14)
FNDA:6,(anonymous_15)
FNDA:6,(anonymous_16)
FNDA:6,(anonymous_17)
FNDA:2,(anonymous_18)
FNDA:4,(anonymous_19)
FNDA:12,(anonymous_20)
FNDA:48,(anonymous_21)
FNDA:6,processRouteChange
FNDA:8,(anonymous_23)
FNDA:6,(anonymous_24)
FNDA:6,(anonymous_25)
FNDA:1,(anonymous_26)
FNDA:8,(anonymous_27)
FNDA:3,(anonymous_28)
FNDA:3,(anonymous_29)
DA:1,1
DA:16,34
DA:39,34
DA:51,34
DA:52,1
DA:56,34
DA:59,34
DA:60,102
DA:62,40
DA:65,34
DA:76,46
DA:77,46
DA:80,46
DA:83,46
DA:85,46
DA:101,46
DA:103,44
DA:104,6
DA:105,1
DA:110,43
DA:111,3
DA:115,43
DA:116,41
DA:125,46
DA:127,3
DA:129,3
DA:130,2
DA:140,46
DA:141,4
DA:142,4
DA:145,4
DA:148,4
DA:149,1
DA:150,3
DA:151,3
DA:154,3
DA:155,1
DA:159,4
DA:160,2
DA:161,2
DA:170,46
DA:171,6
DA:172,6
DA:182,46
DA:183,6
DA:185,2
DA:189,6
DA:197,46
DA:198,4
DA:200,3
DA:209,46
DA:211,12
DA:220,46
DA:221,48
DA:225,48
DA:228,48
DA:231,48
DA:234,48
DA:235,5
DA:239,48
DA:242,48
DA:245,48
DA:246,3
DA:250,48
DA:251,41
DA:252,7
DA:253,6
DA:254,1
DA:255,1
DA:259,48
DA:263,46
DA:264,6
DA:265,6
DA:269,46
DA:290,8
DA:297,8
DA:298,6
DA:299,4
DA:310,8
DA:311,6
DA:313,4
DA:314,4
DA:316,4
DA:321,4
DA:322,2
DA:325,4
DA:334,8
DA:335,1
DA:336,1
DA:349,8
DA:350,8
DA:352,8
DA:354,8
DA:361,8
DA:365,8
DA:366,2
DA:369,8
DA:370,5
DA:374,8
DA:379,8
DA:380,3
DA:382,3
DA:386,8
DA:389,8
DA:391,8
DA:394,8
LF:106
LH:106
BRDA:56,1,0,34
BRDA:56,1,1,34
BRDA:103,2,0,6
BRDA:103,2,1,38
BRDA:104,3,0,1
BRDA:104,3,1,5
BRDA:110,4,0,3
BRDA:110,4,1,40
BRDA:115,5,0,41
BRDA:115,5,1,2
BRDA:148,6,0,1
BRDA:148,6,1,3
BRDA:150,7,0,3
BRDA:150,7,1,0
BRDA:160,8,0,2
BRDA:160,8,1,0
BRDA:198,9,0,3
BRDA:198,9,1,1
BRDA:225,10,0,48
BRDA:225,10,1,12
BRDA:231,11,0,48
BRDA:231,11,1,31
BRDA:234,12,0,5
BRDA:234,12,1,43
BRDA:245,13,0,3
BRDA:245,13,1,45
BRDA:250,14,0,41
BRDA:250,14,1,7
BRDA:252,15,0,6
BRDA:252,15,1,1
BRDA:254,16,0,1
BRDA:254,16,1,0
BRDA:298,17,0,4
BRDA:298,17,1,2
BRDA:311,18,0,4
BRDA:311,18,1,2
BRDA:311,19,0,6
BRDA:311,19,1,4
BRDA:321,20,0,2
BRDA:321,20,1,2
BRDA:365,21,0,2
BRDA:365,21,1,6
BRDA:369,22,0,5
BRDA:369,22,1,3
BRF:44
BRH:41
end_of_record
TN:
SF:./src/rxPageTitle/rxPageTitle.js
FN:2,(anonymous_1)
FN:7,(anonymous_2)
FN:10,(anonymous_3)
FN:13,(anonymous_4)
FN:21,(anonymous_5)
FNF:5
FNH:5
FNDA:4,(anonymous_1)
FNDA:2,(anonymous_2)
FNDA:1,(anonymous_3)
FNDA:3,(anonymous_4)
FNDA:2,(anonymous_5)
DA:1,1
DA:3,4
DA:6,4
DA:8,2
DA:11,1
DA:14,3
DA:15,1
DA:17,2
DA:19,3
DA:22,2
LF:10
LH:10
BRDA:14,1,0,1
BRDA:14,1,1,2
BRF:2
BRH:2
end_of_record
TN:
SF:./src/rxPaginate/rxPaginate.js
FN:16,(anonymous_1)
FN:56,(anonymous_2)
FN:57,PageTrackingObject
FN:69,(anonymous_4)
FN:91,(anonymous_5)
FN:92,(anonymous_6)
FN:128,(anonymous_7)
FN:129,(anonymous_8)
FNF:8
FNH:8
FNDA:10,(anonymous_1)
FNDA:14,(anonymous_2)
FNDA:6,PageTrackingObject
FNDA:6,(anonymous_4)
FNDA:1,(anonymous_5)
FNDA:3,(anonymous_6)
FNDA:12,(anonymous_7)
FNDA:51,(anonymous_8)
DA:1,1
DA:17,10
DA:57,1
DA:58,6
DA:68,14
DA:70,6
DA:71,6
DA:72,6
DA:92,1
DA:93,3
DA:94,0
DA:96,3
DA:97,0
DA:98,0
DA:100,3
DA:101,3
DA:102,3
DA:104,3
DA:105,3
DA:106,3
DA:108,3
DA:109,3
DA:111,3
DA:129,12
DA:130,51
DA:131,0
DA:134,51
DA:141,51
DA:143,51
DA:148,51
DA:150,277
DA:154,51
LF:32
LH:28
BRDA:70,1,0,4
BRDA:70,1,1,2
BRDA:93,2,0,0
BRDA:93,2,1,3
BRDA:96,3,0,0
BRDA:96,3,1,3
BRDA:100,4,0,3
BRDA:100,4,1,0
BRDA:106,5,0,1
BRDA:106,5,1,2
BRDA:130,6,0,0
BRDA:130,6,1,51
BRDA:136,7,0,51
BRDA:136,7,1,6
BRDA:141,8,0,51
BRDA:141,8,1,0
BRDA:141,9,0,51
BRDA:141,9,1,51
BRF:18
BRH:13
end_of_record
TN:
SF:./src/rxPermission/rxPermission.js
FN:16,(anonymous_1)
FN:19,(anonymous_2)
FN:25,(anonymous_3)
FN:27,(anonymous_4)
FN:52,(anonymous_5)
FN:60,(anonymous_6)
FN:61,(anonymous_7)
FNF:7
FNH:7
FNDA:16,(anonymous_1)
FNDA:8,(anonymous_2)
FNDA:7,(anonymous_3)
FNDA:12,(anonymous_4)
FNDA:4,(anonymous_5)
FNDA:16,(anonymous_6)
FNDA:104,(anonymous_7)
DA:1,1
DA:17,16
DA:19,16
DA:20,8
DA:21,8
DA:25,16
DA:27,7
DA:28,12
DA:32,7
DA:34,7
DA:36,7
DA:39,16
DA:53,4
DA:61,16
DA:62,104
LF:15
LH:15
BRDA:21,1,0,7
BRDA:21,1,1,1
BRDA:21,2,0,8
BRDA:21,2,1,7
BRDA:21,2,2,7
BRDA:21,2,3,7
BRF:6
BRH:6
end_of_record
TN:
SF:./src/rxSession/rxSession.js
FN:20,(anonymous_1)
FN:28,(anonymous_2)
FN:37,(anonymous_3)
FN:44,(anonymous_4)
FN:48,(anonymous_5)
FN:52,(anonymous_6)
FN:56,(anonymous_7)
FN:60,(anonymous_8)
FN:64,(anonymous_9)
FN:68,(anonymous_10)
FN:78,(anonymous_11)
FNF:11
FNH:11
FNDA:27,(anonymous_1)
FNDA:10,(anonymous_2)
FNDA:30,(anonymous_3)
FNDA:13,(anonymous_4)
FNDA:1,(anonymous_5)
FNDA:2,(anonymous_6)
FNDA:2,(anonymous_7)
FNDA:1,(anonymous_8)
FNDA:1,(anonymous_9)
FNDA:4,(anonymous_10)
FNDA:2,(anonymous_11)
DA:1,1
DA:21,27
DA:22,27
DA:28,27
DA:29,10
DA:33,10
DA:34,1
DA:37,9
DA:38,30
DA:41,9
DA:44,27
DA:45,13
DA:48,27
DA:49,1
DA:52,27
DA:53,2
DA:56,27
DA:57,2
DA:60,27
DA:61,1
DA:64,27
DA:65,1
DA:68,27
DA:69,4
DA:71,4
DA:72,3
DA:75,1
DA:78,27
DA:79,2
DA:80,2
DA:83,27
LF:31
LH:31
BRDA:31,1,0,10
BRDA:31,1,1,0
BRDA:33,2,0,1
BRDA:33,2,1,9
BRDA:33,3,0,10
BRDA:33,3,1,9
BRDA:38,4,0,25
BRDA:38,4,1,5
BRDA:71,5,0,3
BRDA:71,5,1,1
BRDA:80,6,0,1
BRDA:80,6,1,1
BRF:12
BRH:11
end_of_record
TN:
SF:./src/rxSessionStorage/rxSessionStorage.js
FN:25,(anonymous_1)
FN:26,(anonymous_2)
FN:30,(anonymous_3)
FN:34,(anonymous_4)
FN:38,(anonymous_5)
FN:42,(anonymous_6)
FN:46,(anonymous_7)
FN:50,(anonymous_8)
FN:55,(anonymous_9)
FNF:9
FNH:9
FNDA:7,(anonymous_1)
FNDA:5,(anonymous_2)
FNDA:1,(anonymous_3)
FNDA:2,(anonymous_4)
FNDA:1,(anonymous_5)
FNDA:9,(anonymous_6)
FNDA:7,(anonymous_7)
FNDA:2,(anonymous_8)
FNDA:2,(anonymous_9)
DA:2,1
DA:26,7
DA:27,5
DA:30,7
DA:31,1
DA:34,7
DA:35,2
DA:38,7
DA:39,1
DA:42,7
DA:43,9
DA:46,7
DA:47,7
DA:50,7
DA:51,2
DA:52,2
DA:55,7
DA:56,2
DA:57,2
DA:58,2
DA:60,0
DA:63,2
LF:22
LH:21
BRDA:51,1,0,2
BRDA:51,1,1,0
BRDA:51,2,0,2
BRDA:51,2,1,0
BRF:4
BRH:2
end_of_record
TN:
SF:./src/rxSortableColumn/rxSortableColumn.js
FN:17,(anonymous_1)
FN:42,(anonymous_2)
FN:45,(anonymous_3)
FN:50,(anonymous_4)
FNF:4
FNH:4
FNDA:1,(anonymous_1)
FNDA:4,(anonymous_2)
FNDA:2,(anonymous_3)
FNDA:2,(anonymous_4)
DA:1,1
DA:18,1
DA:43,4
DA:45,4
DA:46,2
DA:47,2
DA:50,4
DA:51,2
DA:52,2
DA:57,2
DA:58,2
DA:62,4
LF:12
LH:12
BRDA:46,1,0,1
BRDA:46,1,1,1
BRDA:51,2,0,1
BRDA:51,2,1,1
BRDA:57,3,0,2
BRDA:57,3,1,0
BRF:6
BRH:5
end_of_record
TN:
SF:./src/rxSpinner/rxSpinner.js
FN:16,(anonymous_1)
FN:24,(anonymous_2)
FN:25,(anonymous_3)
FNF:3
FNH:3
FNDA:36,(anonymous_1)
FNDA:12,(anonymous_2)
FNDA:16,(anonymous_3)
DA:1,1
DA:17,36
DA:25,12
DA:26,16
DA:27,16
DA:28,16
DA:29,5
DA:31,11
LF:8
LH:8
BRDA:26,1,0,0
BRDA:26,1,1,16
BRDA:27,2,0,3
BRDA:27,2,1,13
BRDA:28,3,0,5
BRDA:28,3,1,11
BRF:6
BRH:5
end_of_record
TN:
SF:./src/rxStatus/rxStatus.js
FN:16,(anonymous_1)
FN:18,(anonymous_2)
FN:29,(anonymous_3)
FN:33,(anonymous_4)
FN:40,(anonymous_5)
FN:51,(anonymous_6)
FN:61,(anonymous_7)
FN:70,(anonymous_8)
FN:79,(anonymous_9)
FN:88,(anonymous_10)
FN:95,(anonymous_11)
FN:104,(anonymous_12)
FN:108,(anonymous_13)
FN:112,(anonymous_14)
FN:117,(anonymous_15)
FN:139,(anonymous_16)
FN:152,(anonymous_17)
FN:157,(anonymous_18)
FN:163,(anonymous_19)
FN:169,(anonymous_20)
FN:174,(anonymous_21)
FN:184,(anonymous_22)
FN:190,(anonymous_23)
FN:194,(anonymous_24)
FN:199,(anonymous_25)
FN:213,(anonymous_26)
FN:219,(anonymous_27)
FNF:27
FNH:27
FNDA:2,(anonymous_1)
FNDA:2,(anonymous_2)
FNDA:12,(anonymous_3)
FNDA:1,(anonymous_4)
FNDA:6,(anonymous_5)
FNDA:1,(anonymous_6)
FNDA:1,(anonymous_7)
FNDA:2,(anonymous_8)
FNDA:2,(anonymous_9)
FNDA:10,(anonymous_10)
FNDA:10,(anonymous_11)
FNDA:1,(anonymous_12)
FNDA:1,(anonymous_13)
FNDA:12,(anonymous_14)
FNDA:10,(anonymous_15)
FNDA:1,(anonymous_16)
FNDA:5,(anonymous_17)
FNDA:1,(anonymous_18)
FNDA:1,(anonymous_19)
FNDA:1,(anonymous_20)
FNDA:2,(anonymous_21)
FNDA:1,(anonymous_22)
FNDA:1,(anonymous_23)
FNDA:1,(anonymous_24)
FNDA:1,(anonymous_25)
FNDA:16,(anonymous_26)
FNDA:5,(anonymous_27)
DA:1,1
DA:17,2
DA:19,2
DA:30,12
DA:31,12
DA:32,12
DA:34,1
DA:41,6
DA:52,1
DA:62,1
DA:71,2
DA:80,2
DA:88,12
DA:89,10
DA:95,12
DA:96,10
DA:97,10
DA:98,10
DA:104,12
DA:105,1
DA:108,12
DA:109,1
DA:112,12
DA:113,12
DA:114,12
DA:117,12
DA:118,10
DA:120,10
DA:124,1
DA:125,0
DA:127,1
DA:130,10
DA:131,5
DA:134,10
DA:135,10
DA:136,10
DA:139,12
DA:140,1
DA:145,1
DA:146,1
DA:147,0
DA:149,1
DA:152,12
DA:153,5
DA:154,5
DA:157,12
DA:158,1
DA:159,1
DA:160,1
DA:163,12
DA:164,1
DA:165,1
DA:166,1
DA:169,12
DA:170,1
DA:171,1
DA:174,12
DA:175,2
DA:176,2
DA:184,12
DA:185,1
DA:186,1
DA:187,1
DA:190,12
DA:191,1
DA:194,12
DA:195,1
DA:196,1
DA:199,12
DA:200,1
DA:201,1
DA:204,12
DA:219,16
DA:220,5
DA:221,5
DA:222,4
DA:224,5
DA:227,16
LF:78
LH:76
BRDA:19,1,0,2
BRDA:19,1,1,1
BRDA:89,2,0,10
BRDA:89,2,1,10
BRDA:96,3,0,0
BRDA:96,3,1,10
BRDA:97,4,0,10
BRDA:97,4,1,0
BRDA:97,5,0,10
BRDA:97,5,1,10
BRDA:120,6,0,1
BRDA:120,6,1,9
BRDA:120,7,0,10
BRDA:120,7,1,10
BRDA:124,8,0,0
BRDA:124,8,1,1
BRDA:130,9,0,5
BRDA:130,9,1,5
BRDA:131,10,0,5
BRDA:131,10,1,3
BRDA:134,11,0,10
BRDA:134,11,1,0
BRDA:140,12,0,0
BRDA:140,12,1,1
BRDA:146,13,0,0
BRDA:146,13,1,1
BRDA:149,14,0,1
BRDA:149,14,1,0
BRDA:153,15,0,4
BRDA:153,15,1,1
BRDA:154,16,0,5
BRDA:154,16,1,1
BRDA:159,17,0,0
BRDA:159,17,1,1
BRDA:165,18,0,1
BRDA:165,18,1,0
BRDA:170,19,0,0
BRDA:170,19,1,1
BRDA:175,20,0,0
BRDA:175,20,1,2
BRDA:185,21,0,0
BRDA:185,21,1,1
BRDA:186,22,0,1
BRDA:186,22,1,0
BRDA:191,23,0,0
BRDA:191,23,1,1
BRDA:201,24,0,1
BRDA:201,24,1,1
BRDA:220,25,0,5
BRDA:220,25,1,1
BRDA:221,26,0,4
BRDA:221,26,1,1
BRDA:222,27,0,1
BRDA:222,27,1,3
BRF:54
BRH:40
end_of_record
TN:
SF:./src/rxToggle/rxToggle.js
FN:11,(anonymous_1)
FN:14,(anonymous_2)
FN:17,(anonymous_3)
FN:18,(anonymous_4)
FNF:4
FNH:4
FNDA:2,(anonymous_1)
FNDA:2,(anonymous_2)
FNDA:6,(anonymous_3)
FNDA:6,(anonymous_4)
DA:1,1
DA:12,2
DA:15,2
DA:17,2
DA:18,6
DA:22,6
LF:6
LH:6
BRF:0
BRH:0
end_of_record
TN:
SF:./src/rxTokenInterceptor/rxTokenInterceptor.js
FN:20,(anonymous_1)
FN:22,(anonymous_2)
FNF:2
FNH:2
FNDA:2,(anonymous_1)
FNDA:1,(anonymous_2)
DA:1,1
DA:21,2
DA:23,1
DA:24,1
LF:4
LH:4
BRF:0
BRH:0
end_of_record
TN:
SF:./src/rxUnauthorizedInterceptor/rxUnauthorizedInterceptor.js
FN:22,(anonymous_1)
FN:24,(anonymous_2)
FN:32,(anonymous_3)
FN:36,(anonymous_4)
FNF:4
FNH:3
FNDA:7,(anonymous_1)
FNDA:0,(anonymous_2)
FNDA:6,(anonymous_3)
FNDA:6,(anonymous_4)
DA:1,1
DA:23,7
DA:30,0
DA:33,6
DA:34,6
DA:37,6
DA:38,5
DA:39,5
DA:42,6
DA:46,7
LF:10
LH:9
BRDA:33,1,0,1
BRDA:33,1,1,5
BRDA:37,2,0,5
BRDA:37,2,1,1
BRF:4
BRH:4
end_of_record
