TN:
SF:./src/configs/configs.js
FN:18,(anonymous_1)
FN:22,(anonymous_2)
FNF:2
FNH:2
FNDA:38,(anonymous_1)
FNDA:25,(anonymous_2)
DA:1,1
DA:20,38
DA:22,38
DA:23,25
DA:26,25
DA:29,25
DA:32,25
LF:7
LH:7
BRDA:23,1,0,25
BRDA:23,1,1,21
BRF:2
BRH:2
end_of_record
TN:
SF:./src/rxAccountInfo/rxAccountInfo.js
FN:20,(anonymous_1)
FN:23,(anonymous_2)
FN:36,(anonymous_3)
FN:39,(anonymous_4)
FN:46,(anonymous_5)
FN:52,(anonymous_6)
FN:54,(anonymous_7)
FN:62,(anonymous_8)
FN:64,(anonymous_9)
FN:72,(anonymous_10)
FN:82,(anonymous_11)
FNF:11
FNH:11
FNDA:15,(anonymous_1)
FNDA:18,(anonymous_2)
FNDA:18,(anonymous_3)
FNDA:6,(anonymous_4)
FNDA:18,(anonymous_5)
FNDA:1,(anonymous_6)
FNDA:1,(anonymous_7)
FNDA:1,(anonymous_8)
FNDA:1,(anonymous_9)
FNDA:4,(anonymous_10)
FNDA:1,(anonymous_11)
DA:1,1
DA:22,15
DA:24,18
DA:25,15
DA:27,3
DA:37,18
DA:38,18
DA:39,18
DA:40,6
DA:46,18
DA:47,18
DA:50,18
DA:52,18
DA:53,1
DA:55,1
DA:61,18
DA:62,3
DA:63,1
DA:65,1
DA:72,18
DA:73,4
DA:74,4
DA:75,4
DA:76,4
DA:77,4
DA:78,1
DA:79,3
DA:80,1
DA:83,1
LF:29
LH:29
BRDA:24,1,0,15
BRDA:24,1,1,3
BRDA:37,2,0,18
BRDA:37,2,1,18
BRDA:61,3,0,3
BRDA:61,3,1,15
BRDA:61,4,0,18
BRDA:61,4,1,3
BRDA:77,5,0,1
BRDA:77,5,1,3
BRDA:79,6,0,1
BRDA:79,6,1,2
BRF:12
BRH:12
end_of_record
TN:
SF:./src/rxActionMenu/rxActionMenu.js
FN:2,(anonymous_1)
FN:10,(anonymous_2)
FN:16,(anonymous_3)
FN:21,(anonymous_4)
FN:27,(anonymous_5)
FN:33,(anonymous_6)
FN:35,(anonymous_7)
FNF:7
FNH:6
FNDA:6,(anonymous_1)
FNDA:7,(anonymous_2)
FNDA:7,(anonymous_3)
FNDA:0,(anonymous_4)
FNDA:9,(anonymous_5)
FNDA:13,(anonymous_6)
FNDA:3,(anonymous_7)
DA:1,1
DA:3,6
DA:11,7
DA:12,6
DA:14,7
DA:16,7
DA:17,7
DA:18,7
DA:21,7
DA:22,0
DA:23,0
DA:27,7
DA:28,9
DA:29,2
DA:33,7
DA:34,13
DA:35,3
LF:17
LH:15
BRDA:11,1,0,6
BRDA:11,1,1,1
BRDA:22,2,0,0
BRDA:22,2,1,0
BRDA:28,3,0,2
BRDA:28,3,1,7
BRDA:28,4,0,9
BRDA:28,4,1,8
BRDA:34,5,0,3
BRDA:34,5,1,10
BRDA:34,6,0,13
BRDA:34,6,1,12
BRDA:34,6,2,3
BRF:13
BRH:11
end_of_record
TN:
SF:./src/rxActiveUrl/rxActiveUrl.js
FN:12,(anonymous_1)
FN:21,(anonymous_2)
FN:22,(anonymous_3)
FN:26,(anonymous_4)
FNF:4
FNH:4
FNDA:4,(anonymous_1)
FNDA:4,(anonymous_2)
FNDA:6,(anonymous_3)
FNDA:4,(anonymous_4)
DA:1,1
DA:13,4
DA:22,4
DA:23,6
DA:28,4
LF:5
LH:5
BRF:0
BRH:0
end_of_record
TN:
SF:./src/rxAge/rxAge.js
FN:5,(anonymous_1)
FN:6,(anonymous_2)
FN:40,(anonymous_3)
FN:55,(anonymous_4)
FNF:4
FNH:4
FNDA:10,(anonymous_1)
FNDA:14,(anonymous_2)
FNDA:9,(anonymous_3)
FNDA:24,(anonymous_4)
DA:1,1
DA:6,10
DA:7,14
DA:8,1
DA:9,13
DA:10,1
DA:13,12
DA:14,12
DA:15,12
DA:16,12
DA:17,12
DA:18,12
DA:19,12
DA:20,12
DA:22,12
DA:24,1
DA:25,11
DA:27,9
DA:32,12
DA:34,12
DA:35,12
DA:37,12
DA:38,3
DA:40,3
DA:41,9
DA:45,12
DA:46,10
DA:49,12
DA:50,11
DA:53,12
DA:55,12
DA:56,24
DA:57,12
DA:59,12
LF:34
LH:34
BRDA:7,1,0,1
BRDA:7,1,1,13
BRDA:9,2,0,1
BRDA:9,2,1,12
BRDA:22,3,0,1
BRDA:22,3,1,11
BRDA:25,4,0,9
BRDA:25,4,1,2
BRDA:32,5,0,5
BRDA:32,5,1,7
BRDA:37,6,0,3
BRDA:37,6,1,9
BRDA:41,7,0,9
BRDA:41,7,1,0
BRDA:45,8,0,10
BRDA:45,8,1,2
BRDA:49,9,0,11
BRDA:49,9,1,1
BRDA:56,10,0,12
BRDA:56,10,1,12
BRDA:61,11,0,3
BRDA:61,11,1,9
BRF:22
BRH:21
end_of_record
TN:
SF:./src/rxApp/rxApp.js
FN:12,(anonymous_1)
FN:23,(anonymous_2)
FN:29,(anonymous_3)
FN:58,(anonymous_4)
FN:63,(anonymous_5)
FN:67,(anonymous_6)
FN:102,(anonymous_7)
FN:117,(anonymous_8)
FN:147,(anonymous_9)
FN:158,(anonymous_10)
FN:189,(anonymous_11)
FN:202,(anonymous_12)
FN:211,moveLayoutAttrib
FN:228,(anonymous_14)
FN:229,(anonymous_15)
FN:233,(anonymous_16)
FN:257,(anonymous_17)
FN:281,(anonymous_18)
FN:282,(anonymous_19)
FN:283,(anonymous_20)
FN:287,(anonymous_21)
FN:325,(anonymous_22)
FN:329,(anonymous_23)
FN:353,(anonymous_24)
FN:390,(anonymous_25)
FN:414,(anonymous_26)
FN:434,(anonymous_27)
FN:438,(anonymous_28)
FN:441,(anonymous_29)
FN:442,(anonymous_30)
FN:445,(anonymous_31)
FN:458,(anonymous_32)
FN:459,(anonymous_33)
FN:488,(anonymous_34)
FN:514,(anonymous_35)
FN:518,(anonymous_36)
FN:519,(anonymous_37)
FN:527,(anonymous_38)
FN:531,(anonymous_39)
FN:532,(anonymous_40)
FN:540,(anonymous_41)
FN:544,(anonymous_42)
FN:546,(anonymous_43)
FN:549,(anonymous_44)
FN:552,(anonymous_45)
FN:572,(anonymous_46)
FN:576,(anonymous_47)
FN:578,(anonymous_48)
FN:595,(anonymous_49)
FN:599,(anonymous_50)
FN:603,(anonymous_51)
FN:607,(anonymous_52)
FN:614,(anonymous_53)
FN:639,(anonymous_54)
FN:643,(anonymous_55)
FN:659,(anonymous_56)
FN:662,(anonymous_57)
FN:681,(anonymous_58)
FN:695,(anonymous_59)
FN:702,(anonymous_60)
FN:706,(anonymous_61)
FN:713,(anonymous_62)
FN:728,(anonymous_63)
FN:735,(anonymous_64)
FNF:64
FNH:45
FNDA:29,(anonymous_1)
FNDA:1,(anonymous_2)
FNDA:4,(anonymous_3)
FNDA:55,(anonymous_4)
FNDA:5,(anonymous_5)
FNDA:5,(anonymous_6)
FNDA:25,(anonymous_7)
FNDA:64,(anonymous_8)
FNDA:19,(anonymous_9)
FNDA:0,(anonymous_10)
FNDA:3,(anonymous_11)
FNDA:3,(anonymous_12)
FNDA:3,moveLayoutAttrib
FNDA:3,(anonymous_14)
FNDA:4,(anonymous_15)
FNDA:3,(anonymous_16)
FNDA:39,(anonymous_17)
FNDA:39,(anonymous_18)
FNDA:193,(anonymous_19)
FNDA:67,(anonymous_20)
FNDA:67,(anonymous_21)
FNDA:193,(anonymous_22)
FNDA:185,(anonymous_23)
FNDA:717,(anonymous_24)
FNDA:0,(anonymous_25)
FNDA:0,(anonymous_26)
FNDA:4,(anonymous_27)
FNDA:7,(anonymous_28)
FNDA:7,(anonymous_29)
FNDA:7,(anonymous_30)
FNDA:6,(anonymous_31)
FNDA:6,(anonymous_32)
FNDA:0,(anonymous_33)
FNDA:0,(anonymous_34)
FNDA:0,(anonymous_35)
FNDA:0,(anonymous_36)
FNDA:0,(anonymous_37)
FNDA:0,(anonymous_38)
FNDA:0,(anonymous_39)
FNDA:0,(anonymous_40)
FNDA:0,(anonymous_41)
FNDA:0,(anonymous_42)
FNDA:0,(anonymous_43)
FNDA:0,(anonymous_44)
FNDA:0,(anonymous_45)
FNDA:0,(anonymous_46)
FNDA:0,(anonymous_47)
FNDA:0,(anonymous_48)
FNDA:47,(anonymous_49)
FNDA:85,(anonymous_50)
FNDA:78,(anonymous_51)
FNDA:2,(anonymous_52)
FNDA:59,(anonymous_53)
FNDA:30,(anonymous_54)
FNDA:2,(anonymous_55)
FNDA:31,(anonymous_56)
FNDA:2,(anonymous_57)
FNDA:79,(anonymous_58)
FNDA:2,(anonymous_59)
FNDA:19,(anonymous_60)
FNDA:30,(anonymous_61)
FNDA:58,(anonymous_62)
FNDA:17,(anonymous_63)
FNDA:56,(anonymous_64)
DA:1,1
DA:18,29
DA:19,29
DA:21,29
DA:23,29
DA:24,1
DA:29,29
DA:30,4
DA:35,29
DA:36,29
DA:38,1
DA:39,1
DA:40,1
DA:43,5
DA:44,5
DA:45,5
DA:48,5
DA:49,5
DA:50,5
DA:53,18
DA:54,18
DA:58,29
DA:59,55
DA:60,55
DA:62,55
DA:64,5
DA:65,5
DA:68,5
DA:69,1
DA:70,1
DA:72,4
DA:76,55
DA:79,29
DA:104,25
DA:118,64
DA:120,64
DA:122,64
DA:124,64
DA:126,64
DA:127,4
DA:129,60
DA:130,4
DA:135,64
DA:139,64
DA:140,13
DA:144,51
DA:147,64
DA:148,19
DA:152,64
DA:154,64
DA:155,26
DA:159,0
DA:190,3
DA:205,3
DA:207,3
DA:208,3
DA:211,1
DA:214,3
DA:215,3
DA:218,0
DA:219,0
DA:223,3
DA:224,3
DA:225,3
DA:229,3
DA:230,4
DA:233,3
DA:234,3
DA:235,0
DA:258,39
DA:282,39
DA:283,193
DA:284,67
DA:285,67
DA:287,67
DA:288,67
DA:292,193
DA:294,193
DA:297,19
DA:299,19
DA:303,193
DA:305,193
DA:306,12
DA:310,193
DA:312,193
DA:313,48
DA:317,39
DA:327,193
DA:329,193
DA:330,185
DA:331,0
DA:334,185
DA:335,111
DA:338,74
DA:339,74
DA:342,0
DA:353,193
DA:354,717
DA:357,717
DA:359,306
DA:362,411
DA:367,75
DA:368,75
DA:370,75
DA:374,75
DA:378,411
DA:383,411
DA:384,185
DA:387,411
DA:390,193
DA:392,0
DA:393,0
DA:394,0
DA:415,0
DA:435,4
DA:439,7
DA:441,7
DA:442,7
DA:443,7
DA:444,6
DA:445,6
DA:446,6
DA:449,1
DA:458,7
DA:459,6
DA:462,0
DA:464,0
DA:466,0
DA:468,0
DA:476,0
DA:480,6
DA:481,6
DA:482,5
DA:486,7
DA:488,7
DA:493,0
DA:494,0
DA:496,0
DA:497,0
DA:498,0
DA:499,0
DA:503,7
DA:515,0
DA:519,0
DA:520,0
DA:521,0
DA:528,0
DA:532,0
DA:533,0
DA:534,0
DA:541,0
DA:545,0
DA:546,0
DA:547,0
DA:549,0
DA:550,0
DA:552,0
DA:553,0
DA:554,0
DA:556,0
DA:573,0
DA:578,0
DA:597,47
DA:599,47
DA:600,85
DA:603,47
DA:604,78
DA:607,47
DA:608,2
DA:614,47
DA:615,59
DA:618,47
DA:641,30
DA:644,2
DA:648,30
DA:660,31
DA:663,2
DA:667,31
DA:683,79
DA:695,79
DA:696,2
DA:702,79
DA:703,19
DA:707,30
DA:708,29
DA:710,1
DA:714,58
DA:729,17
DA:736,56
DA:737,56
DA:738,28
DA:739,28
DA:740,28
LF:193
LH:152
BRDA:36,1,0,1
BRDA:36,1,1,5
BRDA:36,1,2,5
BRDA:36,1,3,18
BRDA:68,2,0,1
BRDA:68,2,1,4
BRDA:76,3,0,55
BRDA:76,3,1,50
BRDA:122,4,0,64
BRDA:122,4,1,4
BRDA:124,5,0,64
BRDA:124,5,1,60
BRDA:126,6,0,4
BRDA:126,6,1,60
BRDA:129,7,0,4
BRDA:129,7,1,56
BRDA:135,8,0,13
BRDA:135,8,1,51
BRDA:139,9,0,13
BRDA:139,9,1,51
BRDA:139,10,0,64
BRDA:139,10,1,51
BRDA:152,11,0,13
BRDA:152,11,1,51
BRDA:154,12,0,26
BRDA:154,12,1,38
BRDA:214,13,0,3
BRDA:214,13,1,0
BRDA:214,14,0,3
BRDA:214,14,1,3
BRDA:234,15,0,0
BRDA:234,15,1,3
BRDA:294,16,0,19
BRDA:294,16,1,174
BRDA:305,17,0,12
BRDA:305,17,1,181
BRDA:312,18,0,48
BRDA:312,18,1,145
BRDA:330,19,0,0
BRDA:330,19,1,185
BRDA:334,20,0,111
BRDA:334,20,1,74
BRDA:338,21,0,74
BRDA:338,21,1,0
BRDA:357,22,0,306
BRDA:357,22,1,411
BRDA:357,23,0,717
BRDA:357,23,1,454
BRDA:362,24,0,75
BRDA:362,24,1,336
BRDA:374,25,0,75
BRDA:374,25,1,0
BRDA:378,26,0,148
BRDA:378,26,1,263
BRDA:383,27,0,185
BRDA:383,27,1,226
BRDA:383,28,0,411
BRDA:383,28,1,293
BRDA:387,29,0,411
BRDA:387,29,1,293
BRDA:392,30,0,0
BRDA:392,30,1,0
BRDA:443,31,0,6
BRDA:443,31,1,1
BRDA:468,32,0,0
BRDA:468,32,1,0
BRDA:481,33,0,5
BRDA:481,33,1,1
BRDA:496,34,0,0
BRDA:496,34,1,0
BRDA:520,35,0,0
BRDA:520,35,1,0
BRDA:533,36,0,0
BRDA:533,36,1,0
BRDA:547,37,0,0
BRDA:547,37,1,0
BRDA:550,38,0,0
BRDA:550,38,1,0
BRDA:553,39,0,0
BRDA:553,39,1,0
BRDA:707,40,0,29
BRDA:707,40,1,1
BRDA:737,41,0,28
BRDA:737,41,1,28
BRF:84
BRH:63
end_of_record
TN:
SF:./src/rxAppRoutes/rxAppRoutes.js
FN:8,(anonymous_1)
FN:10,(anonymous_2)
FN:18,(anonymous_3)
FN:26,(anonymous_4)
FN:35,(anonymous_5)
FN:55,(anonymous_6)
FN:63,(anonymous_7)
FN:77,(anonymous_8)
FN:100,(anonymous_9)
FN:120,(anonymous_10)
FN:130,(anonymous_11)
FN:131,(anonymous_12)
FN:143,(anonymous_13)
FN:144,(anonymous_14)
FN:161,(anonymous_15)
FN:165,(anonymous_16)
FN:190,(anonymous_17)
FN:204,(anonymous_18)
FN:214,(anonymous_19)
FN:230,(anonymous_20)
FN:231,(anonymous_21)
FN:242,(anonymous_22)
FN:243,(anonymous_23)
FN:245,(anonymous_24)
FN:250,(anonymous_25)
FN:251,(anonymous_26)
FN:253,(anonymous_27)
FN:264,(anonymous_28)
FN:265,(anonymous_29)
FN:272,(anonymous_30)
FN:276,(anonymous_31)
FN:277,(anonymous_32)
FN:281,(anonymous_33)
FN:288,(anonymous_34)
FNF:34
FNH:31
FNDA:72,(anonymous_1)
FNDA:381,(anonymous_2)
FNDA:3,(anonymous_3)
FNDA:782,(anonymous_4)
FNDA:110,(anonymous_5)
FNDA:111,(anonymous_6)
FNDA:341,(anonymous_7)
FNDA:339,(anonymous_8)
FNDA:334,(anonymous_9)
FNDA:673,(anonymous_10)
FNDA:51,(anonymous_11)
FNDA:64,(anonymous_12)
FNDA:222,(anonymous_13)
FNDA:330,(anonymous_14)
FNDA:29,(anonymous_15)
FNDA:56,(anonymous_16)
FNDA:5,(anonymous_17)
FNDA:6,(anonymous_18)
FNDA:43,(anonymous_19)
FNDA:16,(anonymous_20)
FNDA:16,(anonymous_21)
FNDA:7,(anonymous_22)
FNDA:6,(anonymous_23)
FNDA:1,(anonymous_24)
FNDA:3,(anonymous_25)
FNDA:3,(anonymous_26)
FNDA:0,(anonymous_27)
FNDA:3,(anonymous_28)
FNDA:3,(anonymous_29)
FNDA:0,(anonymous_30)
FNDA:91,(anonymous_31)
FNDA:46,(anonymous_32)
FNDA:44,(anonymous_33)
FNDA:0,(anonymous_34)
DA:1,1
DA:10,72
DA:12,381
DA:14,381
DA:18,72
DA:20,3
DA:22,3
DA:26,72
DA:27,782
DA:28,78
DA:31,704
DA:35,72
DA:36,110
DA:37,110
DA:39,110
DA:40,1
DA:43,1
DA:46,110
DA:55,72
DA:56,111
DA:58,111
DA:63,72
DA:64,341
DA:65,78
DA:69,263
DA:70,263
DA:72,263
DA:77,72
DA:78,339
DA:79,339
DA:83,339
DA:84,339
DA:85,330
DA:90,339
DA:91,131
DA:94,339
DA:100,72
DA:102,334
DA:103,75
DA:107,259
DA:109,259
DA:111,238
DA:112,238
DA:115,259
DA:120,72
DA:121,673
DA:131,51
DA:132,64
DA:134,64
DA:135,64
DA:139,64
DA:140,0
DA:143,64
DA:144,222
DA:146,330
DA:149,330
DA:150,132
DA:155,330
DA:158,222
DA:161,64
DA:162,29
DA:163,29
DA:165,29
DA:166,56
DA:167,56
DA:168,16
DA:169,16
DA:170,40
DA:172,13
DA:173,13
DA:174,9
DA:175,9
DA:178,56
DA:179,25
DA:180,1
DA:182,24
DA:187,29
DA:190,64
DA:191,5
DA:193,5
DA:195,2
DA:197,3
DA:200,5
DA:204,64
DA:205,6
DA:207,6
DA:208,8
DA:209,8
DA:211,6
DA:214,64
DA:216,43
DA:218,43
DA:221,64
DA:231,16
DA:232,16
DA:233,16
DA:234,1
DA:235,1
DA:238,15
DA:243,7
DA:244,6
DA:246,1
DA:251,3
DA:252,3
DA:254,0
DA:265,3
DA:266,3
DA:269,3
DA:271,3
DA:273,0
DA:277,91
DA:278,46
DA:283,44
DA:285,44
DA:286,44
DA:289,0
DA:294,51
LF:117
LH:113
BRDA:27,1,0,78
BRDA:27,1,1,704
BRDA:39,2,0,1
BRDA:39,2,1,109
BRDA:64,3,0,78
BRDA:64,3,1,263
BRDA:84,4,0,330
BRDA:84,4,1,9
BRDA:90,5,0,131
BRDA:90,5,1,208
BRDA:90,6,0,339
BRDA:90,6,1,330
BRDA:102,7,0,75
BRDA:102,7,1,259
BRDA:109,8,0,238
BRDA:109,8,1,21
BRDA:111,9,0,238
BRDA:111,9,1,236
BRDA:132,10,0,64
BRDA:132,10,1,64
BRDA:139,11,0,0
BRDA:139,11,1,64
BRDA:149,12,0,132
BRDA:149,12,1,198
BRDA:167,13,0,16
BRDA:167,13,1,40
BRDA:170,14,0,13
BRDA:170,14,1,27
BRDA:173,15,0,9
BRDA:173,15,1,4
BRDA:178,16,0,25
BRDA:178,16,1,31
BRDA:179,17,0,1
BRDA:179,17,1,24
BRDA:193,18,0,2
BRDA:193,18,1,3
BRDA:233,19,0,1
BRDA:233,19,1,15
BRF:38
BRH:37
end_of_record
TN:
SF:./src/rxAttributes/rxAttributes.js
FN:2,(anonymous_1)
FN:8,(anonymous_2)
FN:10,preLink
FN:14,(anonymous_4)
FNF:4
FNH:4
FNDA:2,(anonymous_1)
FNDA:2,(anonymous_2)
FNDA:2,preLink
FNDA:4,(anonymous_4)
DA:1,1
DA:4,2
DA:9,2
DA:12,2
DA:14,2
DA:17,4
DA:18,2
DA:23,2
DA:24,2
DA:27,2
LF:10
LH:10
BRDA:17,1,0,2
BRDA:17,1,1,2
BRF:2
BRH:2
end_of_record
TN:
SF:./src/rxAuth/rxAuth.js
FN:30,(anonymous_1)
FNF:1
FNH:1
FNDA:9,(anonymous_1)
DA:1,1
DA:31,9
DA:33,9
DA:34,9
DA:35,9
DA:37,9
LF:6
LH:6
BRF:0
BRH:0
end_of_record
TN:
SF:./src/rxBreadcrumbs/rxBreadcrumbs.js
FN:2,(anonymous_1)
FN:10,(anonymous_2)
FN:17,(anonymous_3)
FN:24,(anonymous_4)
FN:35,(anonymous_5)
FN:60,(anonymous_6)
FN:64,(anonymous_7)
FNF:7
FNH:7
FNDA:17,(anonymous_1)
FNDA:17,(anonymous_2)
FNDA:40,(anonymous_3)
FNDA:36,(anonymous_4)
FNDA:2,(anonymous_5)
FNDA:11,(anonymous_6)
FNDA:11,(anonymous_7)
DA:1,1
DA:4,17
DA:8,17
DA:10,17
DA:12,17
DA:14,17
DA:17,17
DA:19,40
DA:23,40
DA:24,9
DA:27,36
DA:28,1
DA:32,40
DA:35,17
DA:36,2
DA:42,17
DA:61,11
DA:65,11
LF:18
LH:18
BRDA:23,1,0,9
BRDA:23,1,1,31
BRDA:23,2,0,40
BRDA:23,2,1,9
BRDA:27,3,0,1
BRDA:27,3,1,35
BRDA:27,4,0,36
BRDA:27,4,1,9
BRDA:38,5,0,2
BRDA:38,5,1,1
BRF:10
BRH:10
end_of_record
TN:
SF:./src/rxBulkSelect/rxBulkSelect.js
FN:20,(anonymous_1)
FN:28,(anonymous_2)
FN:37,(anonymous_3)
FN:44,(anonymous_4)
FN:59,(anonymous_5)
FN:64,(anonymous_6)
FN:69,(anonymous_7)
FN:73,(anonymous_8)
FN:77,(anonymous_9)
FN:78,(anonymous_10)
FN:83,(anonymous_11)
FN:88,(anonymous_12)
FN:94,(anonymous_13)
FN:99,(anonymous_14)
FN:105,(anonymous_15)
FN:111,(anonymous_16)
FN:115,(anonymous_17)
FN:119,(anonymous_18)
FN:141,(anonymous_19)
FN:147,(anonymous_20)
FN:149,(anonymous_21)
FN:158,(anonymous_22)
FN:165,(anonymous_23)
FN:189,(anonymous_24)
FN:198,(anonymous_25)
FN:200,(anonymous_26)
FN:233,(anonymous_27)
FN:241,(anonymous_28)
FN:246,(anonymous_29)
FN:248,(anonymous_30)
FN:252,(anonymous_31)
FN:259,(anonymous_32)
FN:284,(anonymous_33)
FN:323,(anonymous_34)
FN:329,(anonymous_35)
FN:340,(anonymous_36)
FN:344,(anonymous_37)
FN:368,(anonymous_38)
FN:371,(anonymous_39)
FN:376,(anonymous_40)
FN:377,(anonymous_41)
FN:415,(anonymous_42)
FN:418,(anonymous_43)
FN:420,(anonymous_44)
FN:421,(anonymous_45)
FN:422,(anonymous_46)
FN:428,(anonymous_47)
FN:429,(anonymous_48)
FN:435,register
FNF:49
FNH:44
FNDA:15,(anonymous_1)
FNDA:15,(anonymous_2)
FNDA:15,(anonymous_3)
FNDA:21,(anonymous_4)
FNDA:24,(anonymous_5)
FNDA:24,(anonymous_6)
FNDA:46,(anonymous_7)
FNDA:4,(anonymous_8)
FNDA:4,(anonymous_9)
FNDA:12,(anonymous_10)
FNDA:2,(anonymous_11)
FNDA:2,(anonymous_12)
FNDA:2,(anonymous_13)
FNDA:2,(anonymous_14)
FNDA:20,(anonymous_15)
FNDA:6,(anonymous_16)
FNDA:3,(anonymous_17)
FNDA:15,(anonymous_18)
FNDA:15,(anonymous_19)
FNDA:15,(anonymous_20)
FNDA:2,(anonymous_21)
FNDA:74,(anonymous_22)
FNDA:2,(anonymous_23)
FNDA:15,(anonymous_24)
FNDA:45,(anonymous_25)
FNDA:6,(anonymous_26)
FNDA:15,(anonymous_27)
FNDA:15,(anonymous_28)
FNDA:57,(anonymous_29)
FNDA:1,(anonymous_30)
FNDA:1,(anonymous_31)
FNDA:43,(anonymous_32)
FNDA:31,(anonymous_33)
FNDA:15,(anonymous_34)
FNDA:15,(anonymous_35)
FNDA:0,(anonymous_36)
FNDA:43,(anonymous_37)
FNDA:0,(anonymous_38)
FNDA:0,(anonymous_39)
FNDA:0,(anonymous_40)
FNDA:0,(anonymous_41)
FNDA:15,(anonymous_42)
FNDA:42,(anonymous_43)
FNDA:57,(anonymous_44)
FNDA:130,(anonymous_45)
FNDA:93,(anonymous_46)
FNDA:192,(anonymous_47)
FNDA:57,(anonymous_48)
FNDA:85,register
DA:1,1
DA:21,15
DA:22,15
DA:32,15
DA:33,15
DA:34,15
DA:35,15
DA:37,15
DA:38,15
DA:45,21
DA:47,21
DA:54,21
DA:55,21
DA:57,21
DA:59,21
DA:60,24
DA:61,24
DA:64,21
DA:65,24
DA:66,24
DA:69,21
DA:70,46
DA:73,21
DA:74,4
DA:77,21
DA:78,4
DA:79,12
DA:83,21
DA:84,2
DA:85,2
DA:88,21
DA:89,2
DA:90,2
DA:91,2
DA:94,21
DA:95,2
DA:96,2
DA:99,21
DA:100,2
DA:101,2
DA:102,2
DA:105,21
DA:106,20
DA:107,16
DA:111,21
DA:112,6
DA:115,21
DA:116,3
DA:119,21
DA:120,15
DA:121,15
DA:142,15
DA:143,15
DA:148,15
DA:149,15
DA:150,2
DA:151,1
DA:153,1
DA:156,15
DA:158,15
DA:159,74
DA:160,74
DA:162,15
DA:163,15
DA:165,15
DA:166,2
DA:168,15
DA:190,15
DA:199,45
DA:200,45
DA:201,6
DA:202,4
DA:204,2
DA:234,15
DA:242,15
DA:244,15
DA:248,15
DA:249,1
DA:252,15
DA:253,1
DA:256,15
DA:257,15
DA:259,15
DA:260,43
DA:261,43
DA:262,43
DA:263,43
DA:272,43
DA:273,25
DA:274,25
DA:275,18
DA:278,17
DA:279,17
DA:282,15
DA:284,15
DA:285,31
DA:287,15
DA:324,15
DA:331,15
DA:336,15
DA:338,15
DA:340,15
DA:341,0
DA:344,15
DA:345,43
DA:346,43
DA:347,25
DA:350,15
DA:352,15
DA:358,0
DA:359,0
DA:361,0
DA:369,0
DA:371,0
DA:372,0
DA:376,0
DA:377,0
DA:378,0
DA:382,0
DA:416,15
DA:418,15
DA:419,42
DA:420,42
DA:421,57
DA:422,130
DA:423,130
DA:427,42
DA:428,192
DA:430,57
DA:431,57
DA:432,57
DA:435,42
DA:436,85
DA:441,15
LF:134
LH:123
BRDA:34,1,0,15
BRDA:34,1,1,15
BRDA:106,2,0,16
BRDA:106,2,1,4
BRDA:120,3,0,15
BRDA:120,3,1,0
BRDA:150,4,0,1
BRDA:150,4,1,1
BRDA:201,5,0,4
BRDA:201,5,1,2
BRDA:246,6,0,15
BRDA:246,6,1,15
BRDA:262,7,0,7
BRDA:262,7,1,36
BRDA:263,8,0,7
BRDA:263,8,1,36
BRDA:272,9,0,25
BRDA:272,9,1,18
BRDA:275,10,0,17
BRDA:275,10,1,1
BRDA:275,11,0,18
BRDA:275,11,1,18
BRDA:346,12,0,25
BRDA:346,12,1,18
BRDA:352,13,0,0
BRDA:352,13,1,15
BRDA:358,14,0,0
BRDA:358,14,1,0
BRF:28
BRH:24
end_of_record
TN:
SF:./src/rxButton/rxButton.js
FN:18,(anonymous_1)
FNF:1
FNH:1
FNDA:3,(anonymous_1)
DA:1,1
DA:19,3
LF:2
LH:2
BRF:0
BRH:0
end_of_record
TN:
SF:./src/rxCapitalize/rxCapitalize.js
FN:2,(anonymous_1)
FN:3,(anonymous_2)
FNF:2
FNH:2
FNDA:2,(anonymous_1)
FNDA:2,(anonymous_2)
DA:1,1
DA:3,2
DA:4,2
DA:5,1
DA:7,1
LF:5
LH:5
BRDA:4,1,0,1
BRDA:4,1,1,1
BRF:2
BRH:2
end_of_record
TN:
SF:./src/rxCharacterCount/rxCharacterCount.js
FN:19,(anonymous_1)
FN:28,(anonymous_2)
FN:39,(anonymous_3)
FN:43,(anonymous_4)
FN:53,(anonymous_5)
FN:59,(anonymous_6)
FN:73,(anonymous_7)
FN:74,(anonymous_8)
FN:83,countSpaces
FN:91,writeLimitText
FN:107,(anonymous_11)
FN:114,(anonymous_12)
FNF:12
FNH:12
FNDA:14,(anonymous_1)
FNDA:18,(anonymous_2)
FNDA:14,(anonymous_3)
FNDA:4,(anonymous_4)
FNDA:14,(anonymous_5)
FNDA:14,(anonymous_6)
FNDA:88,(anonymous_7)
FNDA:28,(anonymous_8)
FNDA:8,countSpaces
FNDA:7,writeLimitText
FNDA:4,(anonymous_11)
FNDA:1,(anonymous_12)
DA:1,1
DA:20,14
DA:21,14
DA:24,14
DA:25,14
DA:28,14
DA:29,18
DA:30,18
DA:31,1
DA:33,18
DA:34,1
DA:36,18
DA:39,14
DA:40,14
DA:43,14
DA:44,4
DA:47,14
DA:56,14
DA:57,14
DA:59,14
DA:60,14
DA:61,14
DA:64,14
DA:65,14
DA:66,14
DA:67,14
DA:68,14
DA:72,14
DA:73,88
DA:75,28
DA:76,0
DA:78,28
DA:79,28
DA:80,28
DA:83,1
DA:84,8
DA:85,8
DA:91,1
DA:92,7
DA:93,7
DA:94,7
DA:96,7
DA:97,4
DA:98,4
DA:101,7
DA:102,7
DA:103,7
DA:106,14
DA:107,4
DA:108,4
DA:111,4
DA:114,14
DA:115,1
DA:116,1
LF:54
LH:53
BRDA:30,1,0,1
BRDA:30,1,1,17
BRDA:33,2,0,1
BRDA:33,2,1,17
BRDA:64,3,0,14
BRDA:64,3,1,6
BRDA:65,4,0,14
BRDA:65,4,1,13
BRDA:75,5,0,0
BRDA:75,5,1,28
BRDA:79,6,0,28
BRDA:79,6,1,23
BRDA:84,7,0,8
BRDA:84,7,1,4
BRDA:85,8,0,4
BRDA:85,8,1,4
BRDA:96,9,0,4
BRDA:96,9,1,3
BRDA:96,10,0,7
BRDA:96,10,1,7
BRDA:106,11,0,4
BRDA:106,11,1,10
BRF:22
BRH:21
end_of_record
TN:
SF:./src/rxCheckbox/rxCheckbox.js
FN:17,(anonymous_1)
FN:23,(anonymous_2)
FN:28,(anonymous_3)
FN:46,(anonymous_4)
FN:55,(anonymous_5)
FN:60,(anonymous_6)
FNF:6
FNH:4
FNDA:25,(anonymous_1)
FNDA:40,(anonymous_2)
FNDA:69,(anonymous_3)
FNDA:8,(anonymous_4)
FNDA:0,(anonymous_5)
FNDA:0,(anonymous_6)
DA:1,1
DA:18,25
DA:25,40
DA:26,40
DA:28,40
DA:29,69
DA:30,69
DA:31,69
DA:35,69
DA:36,69
DA:38,69
DA:42,69
DA:43,2
DA:45,69
DA:46,4
DA:47,8
DA:48,2
DA:50,6
DA:55,69
DA:56,0
DA:60,69
DA:61,0
LF:22
LH:20
BRDA:42,1,0,2
BRDA:42,1,1,67
BRDA:45,2,0,4
BRDA:45,2,1,65
BRDA:47,3,0,2
BRDA:47,3,1,6
BRF:6
BRH:6
end_of_record
TN:
SF:./src/rxCollapse/rxCollapse.js
FN:19,(anonymous_1)
FN:27,(anonymous_2)
FN:30,(anonymous_3)
FNF:3
FNH:3
FNDA:6,(anonymous_1)
FNDA:18,(anonymous_2)
FNDA:2,(anonymous_3)
DA:1,1
DA:20,6
DA:28,18
DA:30,18
DA:31,2
LF:5
LH:5
BRDA:28,1,0,6
BRDA:28,1,1,12
BRF:2
BRH:2
end_of_record
TN:
SF:./src/rxCompile/rxCompile.js
FN:7,(anonymous_1)
FN:8,(anonymous_2)
FN:10,(anonymous_3)
FN:14,(anonymous_4)
FNF:4
FNH:4
FNDA:13,(anonymous_1)
FNDA:13,(anonymous_2)
FNDA:40,(anonymous_3)
FNDA:13,(anonymous_4)
DA:1,1
DA:8,13
DA:9,13
DA:12,40
DA:17,13
DA:23,13
LF:6
LH:6
BRF:0
BRH:0
end_of_record
TN:
SF:./src/rxDiskSize/rxDiskSize.js
FN:2,(anonymous_1)
FN:3,(anonymous_2)
FNF:2
FNH:2
FNDA:13,(anonymous_1)
FNDA:12,(anonymous_2)
DA:1,1
DA:3,13
DA:4,12
DA:5,12
DA:7,12
DA:8,6
DA:9,3
DA:11,3
DA:12,3
DA:16,12
LF:10
LH:10
BRDA:7,1,0,6
BRDA:7,1,1,6
BRDA:8,2,0,3
BRDA:8,2,1,3
BRF:4
BRH:4
end_of_record
TN:
SF:./src/rxEnvironment/rxEnvironment.js
FN:14,(anonymous_1)
FN:67,(anonymous_2)
FN:73,(anonymous_3)
FN:87,(anonymous_4)
FN:91,(anonymous_5)
FN:109,(anonymous_6)
FN:124,(anonymous_7)
FN:139,(anonymous_8)
FN:141,(anonymous_9)
FN:147,(anonymous_10)
FN:148,(anonymous_11)
FN:194,(anonymous_12)
FN:195,(anonymous_13)
FN:218,(anonymous_14)
FN:219,(anonymous_15)
FN:244,(anonymous_16)
FN:249,(anonymous_17)
FN:251,preLink
FNF:18
FNH:18
FNDA:101,(anonymous_1)
FNDA:8,(anonymous_2)
FNDA:883,(anonymous_3)
FNDA:37,(anonymous_4)
FNDA:68,(anonymous_5)
FNDA:3,(anonymous_6)
FNDA:1,(anonymous_7)
FNDA:163,(anonymous_8)
FNDA:815,(anonymous_9)
FNDA:505,(anonymous_10)
FNDA:115,(anonymous_11)
FNDA:73,(anonymous_12)
FNDA:260,(anonymous_13)
FNDA:24,(anonymous_14)
FNDA:48,(anonymous_15)
FNDA:4,(anonymous_16)
FNDA:4,(anonymous_17)
FNDA:4,preLink
DA:1,1
DA:26,101
DA:67,101
DA:68,8
DA:73,101
DA:74,883
DA:75,712
DA:78,171
DA:87,101
DA:89,37
DA:91,37
DA:92,68
DA:95,37
DA:96,1
DA:98,1
DA:101,37
DA:109,101
DA:111,3
DA:113,2
DA:115,1
DA:124,101
DA:126,1
DA:128,1
DA:139,101
DA:140,163
DA:141,163
DA:142,815
DA:144,163
DA:147,101
DA:148,505
DA:154,101
DA:159,101
DA:164,101
DA:169,101
DA:174,101
DA:195,73
DA:196,260
DA:199,260
DA:219,24
DA:221,48
DA:224,48
DA:226,48
DA:227,48
DA:245,4
DA:250,4
DA:253,4
DA:256,4
DA:257,4
DA:260,4
LF:49
LH:49
BRDA:68,1,0,8
BRDA:68,1,1,8
BRDA:68,1,2,6
BRDA:68,1,3,7
BRDA:74,2,0,712
BRDA:74,2,1,171
BRDA:89,3,0,37
BRDA:89,3,1,32
BRDA:95,4,0,1
BRDA:95,4,1,36
BRDA:111,5,0,2
BRDA:111,5,1,1
BRDA:126,6,0,1
BRDA:126,6,1,0
BRDA:126,7,0,1
BRDA:126,7,1,1
BRDA:140,8,0,163
BRDA:140,8,1,163
BRDA:199,9,0,54
BRDA:199,9,1,206
BRDA:224,10,0,24
BRDA:224,10,1,24
BRDA:227,11,0,24
BRDA:227,11,1,24
BRF:24
BRH:23
end_of_record
TN:
SF:./src/rxFavicon/rxFavicon.js
FN:13,(anonymous_1)
FN:17,(anonymous_2)
FN:41,(anonymous_3)
FN:43,(anonymous_4)
FNF:4
FNH:4
FNDA:6,(anonymous_1)
FNDA:6,(anonymous_2)
FNDA:10,(anonymous_3)
FNDA:5,(anonymous_4)
DA:1,1
DA:14,6
DA:19,6
DA:22,6
DA:23,1
DA:25,1
DA:29,5
DA:30,5
DA:31,5
DA:34,5
DA:41,5
DA:42,10
DA:44,5
DA:47,5
LF:14
LH:14
BRDA:22,1,0,1
BRDA:22,1,1,5
BRDA:30,2,0,5
BRDA:30,2,1,1
BRDA:31,3,0,5
BRDA:31,3,1,1
BRF:6
BRH:6
end_of_record
TN:
SF:./src/rxFeedback/rxFeedback.js
FN:26,(anonymous_1)
FN:28,(anonymous_2)
FN:35,(anonymous_3)
FN:43,(anonymous_4)
FN:55,(anonymous_5)
FN:61,(anonymous_6)
FN:68,(anonymous_7)
FN:89,(anonymous_8)
FN:96,(anonymous_9)
FN:99,(anonymous_10)
FN:103,(anonymous_11)
FN:111,(anonymous_12)
FN:123,(anonymous_13)
FN:129,(anonymous_14)
FN:137,(anonymous_15)
FN:145,(anonymous_16)
FN:147,(anonymous_17)
FNF:17
FNH:17
FNDA:3,(anonymous_1)
FNDA:2,(anonymous_2)
FNDA:2,(anonymous_3)
FNDA:1,(anonymous_4)
FNDA:14,(anonymous_5)
FNDA:15,(anonymous_6)
FNDA:3,(anonymous_7)
FNDA:8,(anonymous_8)
FNDA:9,(anonymous_9)
FNDA:1,(anonymous_10)
FNDA:3,(anonymous_11)
FNDA:3,(anonymous_12)
FNDA:6,(anonymous_13)
FNDA:3,(anonymous_14)
FNDA:6,(anonymous_15)
FNDA:5,(anonymous_16)
FNDA:1,(anonymous_17)
DA:1,1
DA:28,3
DA:29,2
DA:31,2
DA:34,3
DA:36,2
DA:38,2
DA:39,1
DA:40,1
DA:42,1
DA:44,1
DA:46,1
DA:51,2
DA:56,14
DA:61,14
DA:62,15
DA:66,14
DA:68,14
DA:69,3
DA:70,3
DA:76,3
DA:79,3
DA:80,3
DA:82,3
DA:83,3
DA:87,14
DA:90,8
DA:97,9
DA:99,9
DA:100,1
DA:103,9
DA:104,3
DA:106,3
DA:111,9
DA:112,3
DA:114,3
DA:115,1
DA:118,3
DA:123,9
DA:124,6
DA:130,3
DA:132,3
DA:136,9
DA:137,8
DA:138,6
DA:140,6
DA:143,6
DA:145,6
DA:146,5
DA:148,1
LF:50
LH:50
BRDA:38,1,0,1
BRDA:38,1,1,1
BRDA:82,2,0,3
BRDA:82,2,1,0
BRDA:104,3,0,1
BRDA:104,3,1,2
BRDA:114,4,0,1
BRDA:114,4,1,2
BRDA:114,5,0,3
BRDA:114,5,1,1
BRDA:136,6,0,8
BRDA:136,6,1,1
BRF:12
BRH:11
end_of_record
TN:
SF:./src/rxFloatingHeader/rxFloatingHeader.js
FN:8,(anonymous_1)
FN:11,(anonymous_2)
FN:12,(anonymous_3)
FN:21,(anonymous_4)
FN:24,(anonymous_5)
FN:27,(anonymous_6)
FN:59,(anonymous_7)
FN:112,(anonymous_8)
FN:118,(anonymous_9)
FN:133,(anonymous_10)
FN:147,(anonymous_11)
FN:155,(anonymous_12)
FN:165,(anonymous_13)
FN:172,(anonymous_14)
FN:187,(anonymous_15)
FN:193,(anonymous_16)
FN:199,(anonymous_17)
FN:207,(anonymous_18)
FN:211,(anonymous_19)
FNF:19
FNH:15
FNDA:3,(anonymous_1)
FNDA:3,(anonymous_2)
FNDA:0,(anonymous_3)
FNDA:3,(anonymous_4)
FNDA:3,(anonymous_5)
FNDA:0,(anonymous_6)
FNDA:6,(anonymous_7)
FNDA:3,(anonymous_8)
FNDA:9,(anonymous_9)
FNDA:3,(anonymous_10)
FNDA:4,(anonymous_11)
FNDA:4,(anonymous_12)
FNDA:4,(anonymous_13)
FNDA:6,(anonymous_14)
FNDA:1,(anonymous_15)
FNDA:2,(anonymous_16)
FNDA:2,(anonymous_17)
FNDA:0,(anonymous_18)
FNDA:0,(anonymous_19)
DA:7,1
DA:9,3
DA:12,3
DA:16,0
DA:17,0
DA:22,3
DA:24,3
DA:26,3
DA:27,0
DA:30,0
DA:33,3
DA:57,3
DA:59,3
DA:60,6
DA:64,6
DA:65,0
DA:74,6
DA:75,6
DA:76,6
DA:77,0
DA:80,6
DA:83,0
DA:85,6
DA:87,6
DA:88,6
DA:95,6
DA:96,3
DA:97,3
DA:98,3
DA:99,3
DA:100,3
DA:101,3
DA:105,3
DA:111,3
DA:112,3
DA:113,3
DA:114,3
DA:118,3
DA:119,9
DA:120,9
DA:121,3
DA:122,3
DA:123,3
DA:124,3
DA:125,3
DA:131,3
DA:133,3
DA:134,3
DA:135,2
DA:138,3
DA:140,3
DA:141,2
DA:142,2
DA:143,2
DA:147,2
DA:148,4
DA:152,2
DA:155,2
DA:156,4
DA:164,2
DA:165,2
DA:166,4
DA:167,4
DA:168,4
DA:172,2
DA:173,6
DA:174,6
DA:175,6
DA:180,1
DA:181,1
DA:182,1
DA:187,1
DA:188,1
DA:189,0
DA:193,1
DA:194,2
DA:199,1
DA:200,2
DA:207,3
DA:208,0
DA:211,3
DA:212,0
LF:82
LH:72
BRDA:16,1,0,0
BRDA:16,1,1,0
BRDA:26,2,0,0
BRDA:26,2,1,3
BRDA:26,3,0,3
BRDA:26,3,1,0
BRDA:64,4,0,0
BRDA:64,4,1,6
BRDA:64,5,0,6
BRDA:64,5,1,6
BRDA:76,6,0,0
BRDA:76,6,1,6
BRDA:80,7,0,0
BRDA:80,7,1,6
BRDA:95,8,0,3
BRDA:95,8,1,3
BRDA:98,9,0,3
BRDA:98,9,1,0
BRDA:100,10,0,3
BRDA:100,10,1,0
BRDA:120,11,0,3
BRDA:120,11,1,6
BRDA:122,12,0,3
BRDA:122,12,1,0
BRDA:122,13,0,3
BRDA:122,13,1,0
BRDA:134,14,0,2
BRDA:134,14,1,1
BRDA:140,15,0,2
BRDA:140,15,1,1
BRDA:141,16,0,2
BRDA:141,16,1,0
BRDA:180,17,0,1
BRDA:180,17,1,0
BRDA:180,18,0,1
BRDA:180,18,1,0
BRDA:188,19,0,0
BRDA:188,19,1,1
BRF:38
BRH:23
end_of_record
TN:
SF:./src/rxForm/rxForm.js
FN:80,(anonymous_1)
FN:131,(anonymous_2)
FN:182,(anonymous_3)
FN:232,(anonymous_4)
FN:294,(anonymous_5)
FN:350,(anonymous_6)
FN:404,(anonymous_7)
FN:458,(anonymous_8)
FN:497,(anonymous_9)
FN:537,(anonymous_10)
FN:562,(anonymous_11)
FN:578,(anonymous_12)
FN:591,(anonymous_13)
FN:650,(anonymous_14)
FN:684,(anonymous_15)
FN:691,(anonymous_16)
FN:704,(anonymous_17)
FNF:17
FNH:14
FNDA:8,(anonymous_1)
FNDA:8,(anonymous_2)
FNDA:7,(anonymous_3)
FNDA:2,(anonymous_4)
FNDA:5,(anonymous_5)
FNDA:4,(anonymous_6)
FNDA:2,(anonymous_7)
FNDA:2,(anonymous_8)
FNDA:0,(anonymous_9)
FNDA:0,(anonymous_10)
FNDA:9,(anonymous_11)
FNDA:15,(anonymous_12)
FNDA:15,(anonymous_13)
FNDA:0,(anonymous_14)
FNDA:5,(anonymous_15)
FNDA:4,(anonymous_16)
FNDA:3,(anonymous_17)
DA:40,1
DA:81,8
DA:132,8
DA:183,7
DA:233,2
DA:295,5
DA:351,4
DA:405,2
DA:459,2
DA:498,0
DA:538,0
DA:563,9
DA:566,9
DA:568,9
DA:579,15
DA:584,15
DA:591,15
DA:593,15
DA:595,15
DA:597,15
DA:600,15
DA:601,2
DA:607,13
DA:608,0
DA:609,0
DA:610,0
DA:611,0
DA:615,13
DA:616,13
DA:617,13
DA:619,13
DA:621,13
DA:622,2
DA:624,11
DA:627,13
DA:630,15
DA:651,0
DA:654,0
DA:656,0
DA:685,5
DA:691,5
DA:692,4
DA:693,4
DA:695,4
DA:696,3
DA:698,4
DA:704,5
DA:705,3
DA:706,3
DA:708,3
DA:709,3
DA:710,2
DA:711,2
DA:712,2
DA:713,2
DA:715,3
DA:718,5
LF:57
LH:48
BRDA:597,1,0,15
BRDA:597,1,1,13
BRDA:600,2,0,2
BRDA:600,2,1,13
BRDA:607,3,0,0
BRDA:607,3,1,13
BRDA:621,4,0,2
BRDA:621,4,1,11
BRDA:695,5,0,3
BRDA:695,5,1,1
BRDA:695,6,0,4
BRDA:695,6,1,3
BRDA:709,7,0,2
BRDA:709,7,1,1
BRF:14
BRH:13
end_of_record
TN:
SF:./src/rxIdentity/rxIdentity.js
FN:17,(anonymous_1)
FN:25,(anonymous_2)
FNF:2
FNH:2
FNDA:11,(anonymous_1)
FNDA:2,(anonymous_2)
DA:1,1
DA:18,11
DA:25,11
DA:26,2
DA:35,2
DA:38,11
LF:6
LH:6
BRF:0
BRH:0
end_of_record
TN:
SF:./src/rxInfoPanel/rxInfoPanel.js
FN:12,(anonymous_1)
FNF:1
FNH:1
FNDA:2,(anonymous_1)
DA:1,1
DA:13,2
LF:2
LH:2
BRF:0
BRH:0
end_of_record
TN:
SF:./src/rxLocalStorage/rxLocalStorage.js
FN:25,(anonymous_1)
FN:26,(anonymous_2)
FN:30,(anonymous_3)
FN:34,(anonymous_4)
FN:38,(anonymous_5)
FN:42,(anonymous_6)
FN:46,(anonymous_7)
FN:50,(anonymous_8)
FN:55,(anonymous_9)
FNF:9
FNH:9
FNDA:143,(anonymous_1)
FNDA:173,(anonymous_2)
FNDA:73,(anonymous_3)
FNDA:2,(anonymous_4)
FNDA:1,(anonymous_5)
FNDA:113,(anonymous_6)
FNDA:7,(anonymous_7)
FNDA:159,(anonymous_8)
FNDA:523,(anonymous_9)
DA:2,1
DA:26,143
DA:27,173
DA:30,143
DA:31,73
DA:34,143
DA:35,2
DA:38,143
DA:39,1
DA:42,143
DA:43,113
DA:46,143
DA:47,7
DA:50,143
DA:51,159
DA:52,159
DA:55,143
DA:56,523
DA:57,523
DA:58,523
DA:60,0
DA:63,523
LF:22
LH:21
BRDA:51,1,0,159
BRDA:51,1,1,0
BRDA:51,2,0,159
BRDA:51,2,1,0
BRF:4
BRH:2
end_of_record
TN:
SF:./src/rxLogout/rxLogout.js
FN:16,(anonymous_1)
FN:22,(anonymous_2)
FN:26,(anonymous_3)
FNF:3
FNH:3
FNDA:3,(anonymous_1)
FNDA:4,(anonymous_2)
FNDA:3,(anonymous_3)
DA:1,1
DA:17,3
DA:24,4
DA:26,4
DA:27,3
DA:31,3
DA:32,2
DA:35,3
LF:8
LH:8
BRDA:24,1,0,3
BRDA:24,1,1,1
BRDA:24,2,0,4
BRDA:24,2,1,3
BRDA:31,3,0,2
BRDA:31,3,1,1
BRF:6
BRH:6
end_of_record
TN:
SF:./src/rxMetadata/rxMetadata.js
FN:65,(anonymous_1)
FN:109,(anonymous_2)
FNF:2
FNH:0
FNDA:0,(anonymous_1)
FNDA:0,(anonymous_2)
DA:14,1
DA:66,0
DA:110,0
LF:3
LH:1
BRF:0
BRH:0
end_of_record
TN:
SF:./src/rxMisc/rxMisc.js
FN:28,(anonymous_1)
FN:29,(anonymous_2)
FN:37,(anonymous_3)
FN:52,(anonymous_4)
FN:59,(anonymous_5)
FN:63,(anonymous_6)
FN:67,(anonymous_7)
FN:79,(anonymous_8)
FN:113,(anonymous_9)
FN:117,(anonymous_10)
FN:153,(anonymous_11)
FN:154,(anonymous_12)
FN:158,(anonymous_13)
FN:189,(anonymous_14)
FN:190,(anonymous_15)
FN:210,(anonymous_16)
FN:289,(anonymous_17)
FN:335,(anonymous_18)
FN:344,(anonymous_19)
FN:359,(anonymous_20)
FN:374,(anonymous_21)
FN:381,(anonymous_22)
FN:387,(anonymous_23)
FN:393,(anonymous_24)
FN:402,(anonymous_25)
FN:410,(anonymous_26)
FN:416,(anonymous_27)
FN:424,(anonymous_28)
FN:440,(anonymous_29)
FN:447,(anonymous_30)
FN:467,(anonymous_31)
FN:471,(anonymous_32)
FN:475,(anonymous_33)
FN:479,(anonymous_34)
FN:486,(anonymous_35)
FN:506,(anonymous_36)
FN:513,(anonymous_37)
FNF:37
FNH:32
FNDA:63,(anonymous_1)
FNDA:0,(anonymous_2)
FNDA:0,(anonymous_3)
FNDA:2,(anonymous_4)
FNDA:2,(anonymous_5)
FNDA:0,(anonymous_6)
FNDA:0,(anonymous_7)
FNDA:16,(anonymous_8)
FNDA:0,(anonymous_9)
FNDA:248,(anonymous_10)
FNDA:35,(anonymous_11)
FNDA:480,(anonymous_12)
FNDA:483,(anonymous_13)
FNDA:27,(anonymous_14)
FNDA:49,(anonymous_15)
FNDA:23,(anonymous_16)
FNDA:17,(anonymous_17)
FNDA:63,(anonymous_18)
FNDA:503,(anonymous_19)
FNDA:337,(anonymous_20)
FNDA:166,(anonymous_21)
FNDA:57,(anonymous_22)
FNDA:57,(anonymous_23)
FNDA:110,(anonymous_24)
FNDA:3,(anonymous_25)
FNDA:114,(anonymous_26)
FNDA:53,(anonymous_27)
FNDA:63,(anonymous_28)
FNDA:110,(anonymous_29)
FNDA:57,(anonymous_30)
FNDA:3,(anonymous_31)
FNDA:2,(anonymous_32)
FNDA:1,(anonymous_33)
FNDA:4,(anonymous_34)
FNDA:53,(anonymous_35)
FNDA:59,(anonymous_36)
FNDA:59,(anonymous_37)
DA:17,1
DA:29,63
DA:32,0
DA:33,0
DA:34,0
DA:37,63
DA:39,0
DA:40,0
DA:41,0
DA:42,0
DA:43,0
DA:44,0
DA:45,0
DA:46,0
DA:47,0
DA:48,0
DA:49,0
DA:52,63
DA:53,2
DA:54,1
DA:56,2
DA:59,63
DA:60,2
DA:63,63
DA:64,0
DA:67,63
DA:68,0
DA:71,0
DA:79,63
DA:81,16
DA:82,16
DA:86,16
DA:87,16
DA:91,16
DA:96,16
DA:97,13
DA:98,0
DA:105,16
DA:106,1
DA:108,15
DA:113,63
DA:114,0
DA:117,63
DA:118,248
DA:121,63
DA:154,35
DA:155,480
DA:159,483
DA:190,27
DA:191,49
DA:193,49
DA:202,49
DA:203,35
DA:210,35
DA:213,49
DA:320,17
DA:335,17
DA:336,63
DA:337,63
DA:338,63
DA:344,17
DA:345,503
DA:359,17
DA:360,337
DA:361,337
DA:362,74
DA:369,337
DA:374,17
DA:375,166
DA:376,166
DA:377,166
DA:381,17
DA:382,57
DA:387,17
DA:388,57
DA:393,17
DA:394,110
DA:395,110
DA:396,110
DA:402,17
DA:403,3
DA:404,3
DA:405,3
DA:406,3
DA:410,17
DA:411,114
DA:416,17
DA:417,53
DA:418,53
DA:419,53
DA:424,17
DA:425,63
DA:426,63
DA:436,63
DA:438,63
DA:440,63
DA:441,110
DA:442,110
DA:447,63
DA:448,57
DA:449,57
DA:452,0
DA:453,0
DA:456,57
DA:460,57
DA:461,57
DA:466,63
DA:468,3
DA:472,2
DA:476,1
DA:480,4
DA:484,63
DA:486,63
DA:488,53
DA:492,53
DA:495,53
DA:498,53
DA:504,63
DA:506,63
DA:507,59
DA:509,58
DA:513,63
DA:514,59
DA:515,57
DA:519,63
DA:520,1
DA:523,63
LF:127
LH:106
BRDA:33,1,0,0
BRDA:33,1,1,0
BRDA:33,1,2,0
BRDA:33,1,3,0
BRDA:43,2,0,0
BRDA:43,2,1,0
BRDA:44,3,0,0
BRDA:44,3,1,0
BRDA:53,4,0,1
BRDA:53,4,1,1
BRDA:71,5,0,0
BRDA:71,5,1,0
BRDA:82,6,0,0
BRDA:82,6,1,16
BRDA:82,7,0,16
BRDA:82,7,1,1
BRDA:96,8,0,13
BRDA:96,8,1,3
BRDA:105,9,0,1
BRDA:105,9,1,15
BRDA:191,10,0,49
BRDA:191,10,1,6
BRDA:202,11,0,35
BRDA:202,11,1,14
BRDA:338,12,0,63
BRDA:338,12,1,0
BRDA:345,13,0,503
BRDA:345,13,1,57
BRDA:361,14,0,74
BRDA:361,14,1,263
BRDA:411,15,0,114
BRDA:411,15,1,0
BRDA:425,16,0,63
BRDA:425,16,1,48
BRDA:441,17,0,110
BRDA:441,17,1,0
BRDA:449,18,0,0
BRDA:449,18,1,57
BRDA:449,19,0,57
BRDA:449,19,1,2
BRDA:507,20,0,58
BRDA:507,20,1,1
BRDA:514,21,0,57
BRDA:514,21,1,2
BRDA:519,22,0,1
BRDA:519,22,1,62
BRF:46
BRH:31
end_of_record
TN:
SF:./src/rxModalAction/rxModalAction.js
FN:2,(anonymous_1)
FN:24,(anonymous_2)
FN:38,(anonymous_3)
FN:43,(anonymous_4)
FN:52,(anonymous_5)
FN:73,(anonymous_6)
FN:83,(anonymous_7)
FN:85,(anonymous_8)
FN:107,(anonymous_9)
FN:117,(anonymous_10)
FN:120,(anonymous_11)
FN:132,(anonymous_12)
FN:158,(anonymous_13)
FN:161,(anonymous_14)
FN:170,(anonymous_15)
FN:199,(anonymous_16)
FN:200,(anonymous_17)
FN:219,(anonymous_18)
FN:223,(anonymous_19)
FN:227,(anonymous_20)
FN:235,(anonymous_21)
FN:242,(anonymous_22)
FNF:22
FNH:22
FNDA:28,(anonymous_1)
FNDA:10,(anonymous_2)
FNDA:11,(anonymous_3)
FNDA:11,(anonymous_4)
FNDA:10,(anonymous_5)
FNDA:10,(anonymous_6)
FNDA:6,(anonymous_7)
FNDA:4,(anonymous_8)
FNDA:14,(anonymous_9)
FNDA:15,(anonymous_10)
FNDA:27,(anonymous_11)
FNDA:26,(anonymous_12)
FNDA:14,(anonymous_13)
FNDA:24,(anonymous_14)
FNDA:4,(anonymous_15)
FNDA:10,(anonymous_16)
FNDA:10,(anonymous_17)
FNDA:11,(anonymous_18)
FNDA:4,(anonymous_19)
FNDA:3,(anonymous_20)
FNDA:10,(anonymous_21)
FNDA:10,(anonymous_22)
DA:1,1
DA:3,28
DA:25,10
DA:40,11
DA:43,11
DA:44,11
DA:47,11
DA:52,11
DA:53,10
DA:55,10
DA:56,2
DA:57,2
DA:59,8
DA:60,8
DA:62,8
DA:63,8
DA:64,7
DA:67,10
DA:68,9
DA:73,11
DA:74,10
DA:79,11
DA:85,6
DA:86,4
DA:89,6
DA:92,6
DA:108,14
DA:109,14
DA:111,14
DA:118,15
DA:119,15
DA:120,15
DA:121,27
DA:133,26
DA:134,22
DA:136,4
DA:159,14
DA:162,24
DA:166,24
DA:170,24
DA:171,4
DA:200,10
DA:201,10
DA:207,10
DA:209,10
DA:211,10
DA:214,10
DA:221,11
DA:223,11
DA:224,4
DA:227,11
DA:228,3
DA:232,3
DA:235,11
DA:236,10
DA:240,10
DA:242,10
DA:243,10
DA:245,10
DA:249,10
DA:251,10
DA:252,0
DA:255,10
DA:257,10
LF:64
LH:63
BRDA:55,1,0,2
BRDA:55,1,1,8
BRDA:55,2,0,10
BRDA:55,2,1,9
BRDA:63,3,0,7
BRDA:63,3,1,1
BRDA:67,4,0,9
BRDA:67,4,1,1
BRDA:133,5,0,22
BRDA:133,5,1,4
BRDA:251,6,0,0
BRDA:251,6,1,10
BRF:12
BRH:11
end_of_record
TN:
SF:./src/rxNotify/rxNotify.js
FN:15,(anonymous_1)
FN:25,(anonymous_2)
FN:70,(anonymous_3)
FN:78,(anonymous_4)
FN:83,(anonymous_5)
FN:87,(anonymous_6)
FN:91,(anonymous_7)
FN:93,(anonymous_8)
FN:107,(anonymous_9)
FN:134,(anonymous_10)
FN:158,(anonymous_11)
FN:162,(anonymous_12)
FN:174,(anonymous_13)
FN:188,(anonymous_14)
FN:193,(anonymous_15)
FN:204,(anonymous_16)
FN:205,(anonymous_17)
FN:216,(anonymous_18)
FN:217,(anonymous_19)
FN:231,(anonymous_20)
FN:243,(anonymous_21)
FN:248,(anonymous_22)
FN:260,(anonymous_23)
FN:303,processRouteChange
FN:329,(anonymous_25)
FN:337,(anonymous_26)
FN:350,(anonymous_27)
FN:374,(anonymous_28)
FN:389,(anonymous_29)
FN:419,(anonymous_30)
FN:421,(anonymous_31)
FNF:31
FNH:31
FNDA:57,(anonymous_1)
FNDA:4,(anonymous_2)
FNDA:57,(anonymous_3)
FNDA:36,(anonymous_4)
FNDA:1,(anonymous_5)
FNDA:36,(anonymous_6)
FNDA:114,(anonymous_7)
FNDA:43,(anonymous_8)
FNDA:95,(anonymous_9)
FNDA:50,(anonymous_10)
FNDA:3,(anonymous_11)
FNDA:2,(anonymous_12)
FNDA:4,(anonymous_13)
FNDA:1,(anonymous_14)
FNDA:2,(anonymous_15)
FNDA:6,(anonymous_16)
FNDA:6,(anonymous_17)
FNDA:6,(anonymous_18)
FNDA:2,(anonymous_19)
FNDA:4,(anonymous_20)
FNDA:13,(anonymous_21)
FNDA:1,(anonymous_22)
FNDA:54,(anonymous_23)
FNDA:6,processRouteChange
FNDA:28,(anonymous_25)
FNDA:6,(anonymous_26)
FNDA:6,(anonymous_27)
FNDA:1,(anonymous_28)
FNDA:8,(anonymous_29)
FNDA:3,(anonymous_30)
FNDA:3,(anonymous_31)
DA:1,1
DA:16,57
DA:26,4
DA:46,1
DA:47,1
DA:51,1
DA:71,57
DA:83,36
DA:84,1
DA:88,36
DA:91,36
DA:92,114
DA:94,43
DA:97,36
DA:108,95
DA:109,95
DA:112,95
DA:115,95
DA:117,95
DA:134,95
DA:136,50
DA:137,6
DA:138,1
DA:143,49
DA:144,3
DA:148,49
DA:149,47
DA:158,95
DA:160,3
DA:162,3
DA:163,2
DA:174,95
DA:175,4
DA:176,4
DA:179,4
DA:182,4
DA:183,1
DA:184,3
DA:185,3
DA:188,3
DA:189,1
DA:193,4
DA:194,2
DA:195,2
DA:204,95
DA:205,6
DA:206,6
DA:216,95
DA:217,6
DA:219,2
DA:223,6
DA:231,95
DA:232,4
DA:234,3
DA:243,95
DA:245,13
DA:247,13
DA:248,1
DA:249,1
DA:260,95
DA:261,54
DA:265,54
DA:268,54
DA:271,54
DA:274,54
DA:275,5
DA:279,54
DA:282,54
DA:285,54
DA:286,3
DA:290,54
DA:291,47
DA:292,7
DA:293,6
DA:294,1
DA:295,1
DA:299,54
DA:303,95
DA:304,6
DA:305,6
DA:309,95
DA:330,28
DA:337,28
DA:338,6
DA:339,4
DA:350,28
DA:351,6
DA:353,4
DA:354,4
DA:356,4
DA:361,4
DA:362,2
DA:365,4
DA:374,28
DA:375,1
DA:376,1
DA:389,28
DA:390,8
DA:392,8
DA:394,8
DA:401,8
DA:405,8
DA:406,2
DA:409,8
DA:410,5
DA:414,8
DA:419,8
DA:420,3
DA:422,3
DA:426,8
DA:429,8
DA:431,8
DA:434,28
LF:113
LH:113
BRDA:26,1,0,1
BRDA:26,1,1,3
BRDA:88,2,0,36
BRDA:88,2,1,36
BRDA:136,3,0,6
BRDA:136,3,1,44
BRDA:137,4,0,1
BRDA:137,4,1,5
BRDA:143,5,0,3
BRDA:143,5,1,46
BRDA:148,6,0,47
BRDA:148,6,1,2
BRDA:182,7,0,1
BRDA:182,7,1,3
BRDA:184,8,0,3
BRDA:184,8,1,0
BRDA:194,9,0,2
BRDA:194,9,1,0
BRDA:232,10,0,3
BRDA:232,10,1,1
BRDA:247,11,0,1
BRDA:247,11,1,12
BRDA:265,12,0,54
BRDA:265,12,1,12
BRDA:271,13,0,54
BRDA:271,13,1,33
BRDA:274,14,0,5
BRDA:274,14,1,49
BRDA:285,15,0,3
BRDA:285,15,1,51
BRDA:290,16,0,47
BRDA:290,16,1,7
BRDA:292,17,0,6
BRDA:292,17,1,1
BRDA:294,18,0,1
BRDA:294,18,1,0
BRDA:338,19,0,4
BRDA:338,19,1,2
BRDA:351,20,0,4
BRDA:351,20,1,2
BRDA:351,21,0,6
BRDA:351,21,1,4
BRDA:361,22,0,2
BRDA:361,22,1,2
BRDA:405,23,0,2
BRDA:405,23,1,6
BRDA:409,24,0,5
BRDA:409,24,1,3
BRF:48
BRH:45
end_of_record
TN:
SF:./src/rxOptionTable/rxOptionTable.js
FN:61,(anonymous_1)
FN:76,(anonymous_2)
FN:77,(anonymous_3)
FN:85,(anonymous_4)
FN:94,(anonymous_5)
FN:99,(anonymous_6)
FN:123,(anonymous_7)
FN:138,(anonymous_8)
FN:148,(anonymous_9)
FN:159,(anonymous_10)
FN:178,(anonymous_11)
FN:206,(anonymous_12)
FNF:12
FNH:11
FNDA:17,(anonymous_1)
FNDA:18,(anonymous_2)
FNDA:345,(anonymous_3)
FNDA:193,(anonymous_4)
FNDA:330,(anonymous_5)
FNDA:140,(anonymous_6)
FNDA:34,(anonymous_7)
FNDA:12,(anonymous_8)
FNDA:12,(anonymous_9)
FNDA:0,(anonymous_10)
FNDA:91,(anonymous_11)
FNDA:1,(anonymous_12)
DA:5,1
DA:62,17
DA:77,18
DA:78,345
DA:79,93
DA:82,252
DA:85,18
DA:86,193
DA:94,18
DA:95,330
DA:99,18
DA:101,140
DA:102,109
DA:103,61
DA:104,48
DA:105,48
DA:107,15
DA:110,33
DA:115,31
DA:123,18
DA:124,34
DA:125,29
DA:127,5
DA:138,18
DA:139,12
DA:140,12
DA:141,12
DA:147,18
DA:148,18
DA:149,12
DA:150,4
DA:159,18
DA:160,0
DA:161,0
DA:162,0
DA:164,0
DA:166,0
DA:167,0
DA:169,0
DA:178,18
DA:179,91
DA:181,91
DA:182,0
DA:186,91
DA:187,87
DA:191,4
DA:192,4
DA:207,1
DA:210,1
DA:211,1
LF:50
LH:42
BRDA:78,1,0,93
BRDA:78,1,1,252
BRDA:78,2,0,345
BRDA:78,2,1,279
BRDA:101,3,0,109
BRDA:101,3,1,31
BRDA:102,4,0,61
BRDA:102,4,1,48
BRDA:104,5,0,48
BRDA:104,5,1,0
BRDA:105,6,0,15
BRDA:105,6,1,33
BRDA:124,7,0,29
BRDA:124,7,1,5
BRDA:125,8,0,29
BRDA:125,8,1,29
BRDA:140,9,0,3
BRDA:140,9,1,9
BRDA:149,10,0,4
BRDA:149,10,1,8
BRDA:161,11,0,0
BRDA:161,11,1,0
BRDA:162,12,0,0
BRDA:162,12,1,0
BRDA:164,13,0,0
BRDA:164,13,1,0
BRDA:166,14,0,0
BRDA:166,14,1,0
BRDA:181,15,0,0
BRDA:181,15,1,91
BRDA:186,16,0,87
BRDA:186,16,1,4
BRF:32
BRH:22
end_of_record
TN:
SF:./src/rxPageTitle/rxPageTitle.js
FN:2,(anonymous_1)
FN:6,(anonymous_2)
FN:15,(anonymous_3)
FN:20,(anonymous_4)
FN:23,(anonymous_5)
FN:26,(anonymous_6)
FN:34,(anonymous_7)
FN:39,(anonymous_8)
FN:60,(anonymous_9)
FN:61,(anonymous_10)
FNF:10
FNH:10
FNDA:12,(anonymous_1)
FNDA:12,(anonymous_2)
FNDA:12,(anonymous_3)
FNDA:3,(anonymous_4)
FNDA:1,(anonymous_5)
FNDA:7,(anonymous_6)
FNDA:5,(anonymous_7)
FNDA:10,(anonymous_8)
FNDA:10,(anonymous_9)
FNDA:10,(anonymous_10)
DA:1,1
DA:3,12
DA:6,12
DA:7,12
DA:8,2
DA:10,10
DA:15,12
DA:16,12
DA:19,12
DA:21,3
DA:24,1
DA:27,7
DA:28,7
DA:35,5
DA:36,5
DA:40,10
DA:61,10
DA:63,10
DA:64,2
DA:67,10
DA:68,10
DA:69,10
LF:22
LH:22
BRDA:7,1,0,2
BRDA:7,1,1,10
BRDA:63,2,0,2
BRDA:63,2,1,8
BRDA:69,3,0,10
BRDA:69,3,1,2
BRDA:69,3,2,2
BRF:7
BRH:7
end_of_record
TN:
SF:./src/rxPaginate/rxPaginate.js
FN:29,(anonymous_1)
FN:44,(anonymous_2)
FN:62,(anonymous_3)
FN:69,(anonymous_4)
FN:79,(anonymous_5)
FN:91,(anonymous_6)
FN:99,(anonymous_7)
FN:114,(anonymous_8)
FN:115,(anonymous_9)
FN:161,(anonymous_10)
FN:172,(anonymous_11)
FN:173,(anonymous_12)
FN:188,(anonymous_13)
FN:192,(anonymous_14)
FN:197,(anonymous_15)
FN:203,(anonymous_16)
FN:225,(anonymous_17)
FN:227,PageTrackingObject
FN:267,(anonymous_19)
FN:274,(anonymous_20)
FN:278,updateCache
FN:287,(anonymous_22)
FN:301,(anonymous_23)
FN:309,(anonymous_24)
FN:313,(anonymous_25)
FN:329,(anonymous_26)
FN:354,(anonymous_27)
FN:359,(anonymous_28)
FN:363,(anonymous_29)
FN:367,(anonymous_30)
FN:371,(anonymous_31)
FN:375,(anonymous_32)
FN:379,(anonymous_33)
FN:383,(anonymous_34)
FN:387,(anonymous_35)
FN:391,(anonymous_36)
FN:395,(anonymous_37)
FN:399,(anonymous_38)
FN:404,(anonymous_39)
FN:420,(anonymous_40)
FN:453,(anonymous_41)
FN:462,(anonymous_42)
FN:484,(anonymous_43)
FN:485,(anonymous_44)
FN:520,(anonymous_45)
FN:523,(anonymous_46)
FN:540,(anonymous_47)
FN:565,(anonymous_48)
FN:566,(anonymous_49)
FN:592,(anonymous_50)
FN:593,(anonymous_51)
FNF:51
FNH:43
FNDA:20,(anonymous_1)
FNDA:20,(anonymous_2)
FNDA:0,(anonymous_3)
FNDA:16,(anonymous_4)
FNDA:16,(anonymous_5)
FNDA:13,(anonymous_6)
FNDA:14,(anonymous_7)
FNDA:32,(anonymous_8)
FNDA:38,(anonymous_9)
FNDA:0,(anonymous_10)
FNDA:0,(anonymous_11)
FNDA:0,(anonymous_12)
FNDA:0,(anonymous_13)
FNDA:0,(anonymous_14)
FNDA:0,(anonymous_15)
FNDA:0,(anonymous_16)
FNDA:59,(anonymous_17)
FNDA:71,PageTrackingObject
FNDA:1,(anonymous_19)
FNDA:1116,(anonymous_20)
FNDA:152,updateCache
FNDA:22,(anonymous_22)
FNDA:38,(anonymous_23)
FNDA:164,(anonymous_24)
FNDA:138,(anonymous_25)
FNDA:148,(anonymous_26)
FNDA:2,(anonymous_27)
FNDA:528,(anonymous_28)
FNDA:530,(anonymous_29)
FNDA:1471,(anonymous_30)
FNDA:410,(anonymous_31)
FNDA:110,(anonymous_32)
FNDA:2,(anonymous_33)
FNDA:10,(anonymous_34)
FNDA:2,(anonymous_35)
FNDA:2,(anonymous_36)
FNDA:165,(anonymous_37)
FNDA:11,(anonymous_38)
FNDA:11,(anonymous_39)
FNDA:347,(anonymous_40)
FNDA:71,(anonymous_41)
FNDA:10,(anonymous_42)
FNDA:4,(anonymous_43)
FNDA:8,(anonymous_44)
FNDA:74,(anonymous_45)
FNDA:95,(anonymous_46)
FNDA:8,(anonymous_47)
FNDA:23,(anonymous_48)
FNDA:82,(anonymous_49)
FNDA:22,(anonymous_50)
FNDA:92,(anonymous_51)
DA:1,1
DA:30,20
DA:46,20
DA:48,20
DA:55,20
DA:56,20
DA:57,0
DA:60,20
DA:62,20
DA:63,0
DA:67,20
DA:69,8
DA:70,16
DA:71,16
DA:79,8
DA:80,16
DA:81,16
DA:84,16
DA:86,16
DA:87,0
DA:91,16
DA:92,13
DA:97,8
DA:99,8
DA:100,14
DA:101,14
DA:108,8
DA:110,8
DA:112,8
DA:114,8
DA:115,32
DA:116,38
DA:117,6
DA:123,8
DA:124,8
DA:127,8
DA:128,8
DA:131,8
DA:132,8
DA:134,8
DA:135,8
DA:138,8
DA:162,0
DA:169,0
DA:173,0
DA:174,0
DA:175,0
DA:176,0
DA:177,0
DA:178,0
DA:185,0
DA:188,0
DA:189,0
DA:192,0
DA:193,0
DA:194,0
DA:200,0
DA:201,0
DA:203,0
DA:204,0
DA:205,0
DA:227,1
DA:228,71
DA:242,71
DA:244,71
DA:245,71
DA:250,71
DA:251,58
DA:252,58
DA:255,71
DA:259,71
DA:260,3
DA:263,71
DA:268,1
DA:269,1
DA:274,1116
DA:278,1
DA:279,152
DA:280,152
DA:281,152
DA:282,152
DA:285,71
DA:287,71
DA:293,22
DA:294,22
DA:299,22
DA:301,71
DA:302,38
DA:309,71
DA:310,164
DA:311,15
DA:313,164
DA:314,138
DA:315,138
DA:316,138
DA:317,138
DA:318,70
DA:320,138
DA:329,71
DA:330,148
DA:331,148
DA:338,148
DA:339,85
DA:340,85
DA:347,63
DA:348,63
DA:354,71
DA:355,2
DA:356,2
DA:359,71
DA:360,528
DA:363,71
DA:364,530
DA:367,71
DA:368,1471
DA:371,71
DA:372,410
DA:375,71
DA:376,110
DA:379,71
DA:380,2
DA:383,71
DA:384,10
DA:387,71
DA:388,2
DA:391,71
DA:392,2
DA:395,71
DA:396,165
DA:399,71
DA:400,11
DA:404,11
DA:408,11
DA:411,11
DA:414,11
DA:415,10
DA:420,71
DA:421,347
DA:424,71
DA:426,71
DA:430,59
DA:454,71
DA:455,71
DA:456,71
DA:463,10
DA:467,59
DA:485,4
DA:486,8
DA:487,0
DA:489,8
DA:490,0
DA:491,0
DA:493,8
DA:495,8
DA:502,8
DA:503,3
DA:504,2
DA:507,8
DA:508,8
DA:521,74
DA:523,74
DA:524,95
DA:525,95
DA:526,95
DA:528,95
DA:540,74
DA:541,8
DA:542,8
DA:544,8
DA:550,74
DA:566,23
DA:567,82
DA:568,82
DA:569,6
DA:571,82
DA:572,82
DA:593,22
DA:594,92
DA:595,0
DA:598,92
DA:605,92
DA:607,92
DA:612,92
DA:614,375
DA:618,92
LF:185
LH:159
BRDA:48,1,0,20
BRDA:48,1,1,20
BRDA:56,2,0,20
BRDA:56,2,1,0
BRDA:67,3,0,8
BRDA:67,3,1,12
BRDA:70,4,0,1
BRDA:70,4,1,15
BRDA:86,5,0,0
BRDA:86,5,1,16
BRDA:116,6,0,6
BRDA:116,6,1,32
BRDA:123,7,0,8
BRDA:123,7,1,0
BRDA:127,8,0,8
BRDA:127,8,1,0
BRDA:131,9,0,8
BRDA:131,9,1,0
BRDA:134,10,0,8
BRDA:134,10,1,0
BRDA:177,11,0,0
BRDA:177,11,1,0
BRDA:250,12,0,58
BRDA:250,12,1,13
BRDA:259,13,0,3
BRDA:259,13,1,68
BRDA:259,14,0,71
BRDA:259,14,1,12
BRDA:259,14,2,4
BRDA:280,15,0,56
BRDA:280,15,1,96
BRDA:281,16,0,152
BRDA:281,16,1,0
BRDA:310,17,0,15
BRDA:310,17,1,149
BRDA:317,18,0,70
BRDA:317,18,1,68
BRDA:330,19,0,148
BRDA:330,19,1,103
BRDA:338,20,0,85
BRDA:338,20,1,63
BRDA:338,21,0,148
BRDA:338,21,1,104
BRDA:347,22,0,63
BRDA:347,22,1,51
BRDA:355,23,0,1
BRDA:355,23,1,1
BRDA:414,24,0,10
BRDA:414,24,1,1
BRDA:454,25,0,62
BRDA:454,25,1,9
BRDA:486,26,0,0
BRDA:486,26,1,8
BRDA:489,27,0,0
BRDA:489,27,1,8
BRDA:493,28,0,8
BRDA:493,28,1,0
BRDA:502,29,0,3
BRDA:502,29,1,5
BRDA:503,30,0,2
BRDA:503,30,1,1
BRDA:526,31,0,16
BRDA:526,31,1,79
BRDA:568,32,0,6
BRDA:568,32,1,76
BRDA:568,33,0,82
BRDA:568,33,1,81
BRDA:594,34,0,0
BRDA:594,34,1,92
BRDA:600,35,0,92
BRDA:600,35,1,6
BRDA:605,36,0,92
BRDA:605,36,1,0
BRDA:605,37,0,92
BRDA:605,37,1,92
BRF:75
BRH:61
end_of_record
TN:
SF:./src/rxPermission/rxPermission.js
FN:16,(anonymous_1)
FN:19,(anonymous_2)
FN:20,(anonymous_3)
FN:25,(anonymous_4)
FN:35,(anonymous_5)
FN:43,(anonymous_6)
FN:51,(anonymous_7)
FN:61,(anonymous_8)
FN:69,(anonymous_9)
FN:86,(anonymous_10)
FN:94,(anonymous_11)
FN:95,(anonymous_12)
FNF:12
FNH:12
FNDA:52,(anonymous_1)
FNDA:7,(anonymous_2)
FNDA:12,(anonymous_3)
FNDA:198,(anonymous_4)
FNDA:198,(anonymous_5)
FNDA:354,(anonymous_6)
FNDA:199,(anonymous_7)
FNDA:121,(anonymous_8)
FNDA:77,(anonymous_9)
FNDA:4,(anonymous_10)
FNDA:16,(anonymous_11)
FNDA:104,(anonymous_12)
DA:1,1
DA:17,52
DA:19,52
DA:20,7
DA:21,12
DA:25,52
DA:26,198
DA:35,52
DA:38,198
DA:39,7
DA:42,198
DA:43,198
DA:44,354
DA:51,52
DA:52,199
DA:53,199
DA:61,52
DA:62,121
DA:69,52
DA:70,77
DA:73,52
DA:87,4
DA:95,16
DA:96,104
LF:24
LH:24
BRDA:38,1,0,7
BRDA:38,1,1,191
BRDA:53,2,0,198
BRDA:53,2,1,1
BRDA:53,3,0,199
BRDA:53,3,1,198
BRDA:53,3,2,198
BRDA:53,3,3,198
BRF:8
BRH:8
end_of_record
TN:
SF:./src/rxRadio/rxRadio.js
FN:17,(anonymous_1)
FN:23,(anonymous_2)
FN:28,(anonymous_3)
FN:46,(anonymous_4)
FN:55,(anonymous_5)
FN:60,(anonymous_6)
FNF:6
FNH:4
FNDA:10,(anonymous_1)
FNDA:10,(anonymous_2)
FNDA:9,(anonymous_3)
FNDA:8,(anonymous_4)
FNDA:0,(anonymous_5)
FNDA:0,(anonymous_6)
DA:1,1
DA:18,10
DA:25,10
DA:26,10
DA:28,10
DA:29,9
DA:30,9
DA:31,9
DA:35,9
DA:36,9
DA:38,9
DA:42,9
DA:43,2
DA:45,9
DA:46,4
DA:47,8
DA:48,2
DA:50,6
DA:55,9
DA:56,0
DA:60,9
DA:61,0
LF:22
LH:20
BRDA:42,1,0,2
BRDA:42,1,1,7
BRDA:45,2,0,4
BRDA:45,2,1,5
BRDA:47,3,0,2
BRDA:47,3,1,6
BRF:6
BRH:6
end_of_record
TN:
SF:./src/rxSearchBox/rxSearchBox.js
FN:2,(anonymous_1)
FN:12,(anonymous_2)
FN:16,(anonymous_3)
FN:24,(anonymous_4)
FN:28,(anonymous_5)
FNF:5
FNH:5
FNDA:8,(anonymous_1)
FNDA:8,(anonymous_2)
FNDA:10,(anonymous_3)
FNDA:1,(anonymous_4)
FNDA:8,(anonymous_5)
DA:1,1
DA:3,8
DA:13,8
DA:14,8
DA:16,8
DA:17,10
DA:18,2
DA:20,8
DA:24,8
DA:25,1
DA:29,8
DA:30,8
DA:31,0
LF:13
LH:12
BRDA:13,1,0,8
BRDA:13,1,1,6
BRDA:14,2,0,8
BRDA:14,2,1,7
BRDA:17,3,0,2
BRDA:17,3,1,8
BRDA:30,4,0,0
BRDA:30,4,1,8
BRF:8
BRH:7
end_of_record
TN:
SF:./src/rxSelect/rxSelect.js
FN:19,(anonymous_1)
FN:25,(anonymous_2)
FN:45,(anonymous_3)
FN:54,(anonymous_4)
FN:59,(anonymous_5)
FNF:5
FNH:3
FNDA:43,(anonymous_1)
FNDA:42,(anonymous_2)
FNDA:8,(anonymous_3)
FNDA:0,(anonymous_4)
FNDA:0,(anonymous_5)
DA:1,1
DA:20,43
DA:26,42
DA:27,42
DA:28,42
DA:34,42
DA:35,42
DA:37,42
DA:41,42
DA:42,2
DA:44,42
DA:45,4
DA:46,8
DA:47,2
DA:49,6
DA:54,42
DA:55,0
DA:59,42
DA:60,0
LF:19
LH:17
BRDA:41,1,0,2
BRDA:41,1,1,40
BRDA:44,2,0,4
BRDA:44,2,1,38
BRDA:46,3,0,2
BRDA:46,3,1,6
BRF:6
BRH:6
end_of_record
TN:
SF:./src/rxSelectFilter/rxSelectFilter.js
FN:11,(anonymous_1)
FN:12,(anonymous_2)
FN:25,(anonymous_3)
FN:27,(anonymous_4)
FN:38,init
FN:39,(anonymous_6)
FN:54,isItemValid
FN:55,(anonymous_8)
FN:60,(anonymous_9)
FN:82,(anonymous_10)
FN:102,(anonymous_11)
FN:112,(anonymous_12)
FN:118,(anonymous_13)
FN:124,(anonymous_14)
FN:132,(anonymous_15)
FN:135,(anonymous_16)
FN:138,(anonymous_17)
FN:146,(anonymous_18)
FN:152,(anonymous_19)
FN:157,(anonymous_20)
FN:165,(anonymous_21)
FN:171,(anonymous_22)
FN:182,(anonymous_23)
FN:183,(anonymous_24)
FN:184,(anonymous_25)
FN:185,getLabel
FN:221,(anonymous_27)
FN:230,(anonymous_28)
FN:233,(anonymous_29)
FN:242,(anonymous_30)
FN:244,(anonymous_31)
FN:250,(anonymous_32)
FNF:32
FNH:25
FNDA:0,(anonymous_1)
FNDA:0,(anonymous_2)
FNDA:4,(anonymous_3)
FNDA:4,(anonymous_4)
FNDA:4,init
FNDA:8,(anonymous_6)
FNDA:9,isItemValid
FNDA:13,(anonymous_8)
FNDA:5,(anonymous_9)
FNDA:0,(anonymous_10)
FNDA:33,(anonymous_11)
FNDA:33,(anonymous_12)
FNDA:202,(anonymous_13)
FNDA:4,(anonymous_14)
FNDA:26,(anonymous_15)
FNDA:6,(anonymous_16)
FNDA:1141,(anonymous_17)
FNDA:165,(anonymous_18)
FNDA:33,(anonymous_19)
FNDA:0,(anonymous_20)
FNDA:0,(anonymous_21)
FNDA:6,(anonymous_22)
FNDA:258,(anonymous_23)
FNDA:258,(anonymous_24)
FNDA:258,(anonymous_25)
FNDA:16,getLabel
FNDA:33,(anonymous_27)
FNDA:198,(anonymous_28)
FNDA:0,(anonymous_29)
FNDA:1133,(anonymous_30)
FNDA:284,(anonymous_31)
FNDA:0,(anonymous_32)
DA:1,1
DA:12,0
DA:13,0
DA:26,4
DA:28,4
DA:34,4
DA:36,4
DA:38,1
DA:39,4
DA:40,8
DA:41,8
DA:48,8
DA:49,4
DA:54,1
DA:55,9
DA:56,13
DA:60,4
DA:61,5
DA:62,4
DA:63,4
DA:65,5
DA:68,4
DA:83,0
DA:103,33
DA:113,33
DA:114,32
DA:117,33
DA:118,33
DA:119,202
DA:120,167
DA:121,167
DA:124,33
DA:125,4
DA:126,2
DA:127,2
DA:128,2
DA:132,33
DA:133,26
DA:135,33
DA:136,6
DA:138,33
DA:139,1141
DA:140,195
DA:142,946
DA:146,33
DA:147,165
DA:148,165
DA:153,33
DA:155,33
DA:157,33
DA:158,0
DA:159,0
DA:160,0
DA:164,33
DA:165,33
DA:166,0
DA:169,33
DA:171,33
DA:172,6
DA:173,4
DA:175,2
DA:179,33
DA:180,33
DA:182,33
DA:183,258
DA:184,258
DA:185,1
DA:186,16
DA:187,16
DA:190,258
DA:191,228
DA:192,30
DA:193,8
DA:194,22
DA:195,8
DA:196,8
DA:197,14
DA:198,10
DA:200,4
DA:206,33
DA:222,33
DA:231,198
DA:233,198
DA:234,0
DA:235,0
DA:237,0
DA:242,198
DA:243,1133
DA:245,284
DA:248,198
DA:250,198
DA:251,0
LF:92
LH:81
BRDA:31,1,0,4
BRDA:31,1,1,0
BRDA:40,2,0,8
BRDA:40,2,1,0
BRDA:48,3,0,4
BRDA:48,3,1,4
BRDA:61,4,0,4
BRDA:61,4,1,1
BRDA:113,5,0,32
BRDA:113,5,1,1
BRDA:119,6,0,167
BRDA:119,6,1,35
BRDA:125,7,0,2
BRDA:125,7,1,2
BRDA:133,8,0,6
BRDA:133,8,1,20
BRDA:136,9,0,2
BRDA:136,9,1,4
BRDA:139,10,0,195
BRDA:139,10,1,946
BRDA:147,11,0,165
BRDA:147,11,1,0
BRDA:158,12,0,0
BRDA:158,12,1,0
BRDA:172,13,0,4
BRDA:172,13,1,2
BRDA:190,14,0,228
BRDA:190,14,1,30
BRDA:192,15,0,8
BRDA:192,15,1,22
BRDA:193,16,0,8
BRDA:193,16,1,0
BRDA:194,17,0,8
BRDA:194,17,1,14
BRDA:196,18,0,8
BRDA:196,18,1,0
BRDA:197,19,0,10
BRDA:197,19,1,4
BRDA:234,20,0,0
BRDA:234,20,1,0
BRF:40
BRH:31
end_of_record
TN:
SF:./src/rxSession/rxSession.js
FN:20,(anonymous_1)
FN:28,(anonymous_2)
FN:37,(anonymous_3)
FN:44,(anonymous_4)
FN:48,(anonymous_5)
FN:52,(anonymous_6)
FN:56,(anonymous_7)
FN:60,(anonymous_8)
FN:64,(anonymous_9)
FN:68,(anonymous_10)
FN:78,(anonymous_11)
FNF:11
FNH:11
FNDA:46,(anonymous_1)
FNDA:22,(anonymous_2)
FNDA:30,(anonymous_3)
FNDA:25,(anonymous_4)
FNDA:1,(anonymous_5)
FNDA:14,(anonymous_6)
FNDA:2,(anonymous_7)
FNDA:1,(anonymous_8)
FNDA:1,(anonymous_9)
FNDA:4,(anonymous_10)
FNDA:2,(anonymous_11)
DA:1,1
DA:21,46
DA:22,46
DA:28,46
DA:29,22
DA:33,22
DA:34,13
DA:37,9
DA:38,30
DA:41,9
DA:44,46
DA:45,25
DA:48,46
DA:49,1
DA:52,46
DA:53,14
DA:56,46
DA:57,2
DA:60,46
DA:61,1
DA:64,46
DA:65,1
DA:68,46
DA:69,4
DA:71,4
DA:72,3
DA:75,1
DA:78,46
DA:79,2
DA:80,2
DA:83,46
LF:31
LH:31
BRDA:31,1,0,22
BRDA:31,1,1,0
BRDA:33,2,0,13
BRDA:33,2,1,9
BRDA:33,3,0,22
BRDA:33,3,1,9
BRDA:38,4,0,25
BRDA:38,4,1,5
BRDA:71,5,0,3
BRDA:71,5,1,1
BRDA:80,6,0,1
BRDA:80,6,1,1
BRF:12
BRH:11
end_of_record
TN:
SF:./src/rxSessionStorage/rxSessionStorage.js
FN:25,(anonymous_1)
FN:26,(anonymous_2)
FN:30,(anonymous_3)
FN:34,(anonymous_4)
FN:38,(anonymous_5)
FN:42,(anonymous_6)
FN:46,(anonymous_7)
FN:50,(anonymous_8)
FN:55,(anonymous_9)
FNF:9
FNH:9
FNDA:24,(anonymous_1)
FNDA:21,(anonymous_2)
FNDA:1,(anonymous_3)
FNDA:2,(anonymous_4)
FNDA:1,(anonymous_5)
FNDA:26,(anonymous_6)
FNDA:7,(anonymous_7)
FNDA:18,(anonymous_8)
FNDA:48,(anonymous_9)
DA:2,1
DA:26,24
DA:27,21
DA:30,24
DA:31,1
DA:34,24
DA:35,2
DA:38,24
DA:39,1
DA:42,24
DA:43,26
DA:46,24
DA:47,7
DA:50,24
DA:51,18
DA:52,18
DA:55,24
DA:56,48
DA:57,48
DA:58,48
DA:60,0
DA:63,48
LF:22
LH:21
BRDA:51,1,0,18
BRDA:51,1,1,0
BRDA:51,2,0,18
BRDA:51,2,1,0
BRF:4
BRH:2
end_of_record
TN:
SF:./src/rxSortableColumn/rxSortableColumn.js
FN:17,(anonymous_1)
FN:42,(anonymous_2)
FN:45,(anonymous_3)
FN:49,(anonymous_4)
FN:80,(anonymous_5)
FN:81,(anonymous_6)
FN:85,(anonymous_7)
FNF:7
FNH:7
FNDA:1,(anonymous_1)
FNDA:4,(anonymous_2)
FNDA:2,(anonymous_3)
FNDA:2,(anonymous_4)
FNDA:4,(anonymous_5)
FNDA:4,(anonymous_6)
FNDA:60,(anonymous_7)
DA:1,1
DA:18,1
DA:43,4
DA:45,4
DA:46,2
DA:49,4
DA:50,2
DA:51,2
DA:56,2
DA:57,2
DA:61,4
DA:81,4
DA:83,4
DA:85,4
DA:86,60
DA:89,4
LF:16
LH:16
BRDA:50,1,0,1
BRDA:50,1,1,1
BRDA:56,2,0,2
BRDA:56,2,1,0
BRDA:86,3,0,60
BRDA:86,3,1,49
BRF:6
BRH:5
end_of_record
TN:
SF:./src/rxSpinner/rxSpinner.js
FN:16,(anonymous_1)
FN:24,(anonymous_2)
FN:25,(anonymous_3)
FNF:3
FNH:3
FNDA:38,(anonymous_1)
FNDA:15,(anonymous_2)
FNDA:19,(anonymous_3)
DA:1,1
DA:17,38
DA:25,15
DA:26,19
DA:27,19
DA:28,19
DA:29,5
DA:31,14
LF:8
LH:8
BRDA:26,1,0,0
BRDA:26,1,1,19
BRDA:27,2,0,3
BRDA:27,2,1,16
BRDA:28,3,0,5
BRDA:28,3,1,14
BRF:6
BRH:5
end_of_record
TN:
SF:./src/rxStatus/rxStatus.js
FN:16,(anonymous_1)
FN:18,(anonymous_2)
FN:29,(anonymous_3)
FN:33,(anonymous_4)
FN:40,(anonymous_5)
FN:51,(anonymous_6)
FN:61,(anonymous_7)
FN:70,(anonymous_8)
FN:79,(anonymous_9)
FN:88,(anonymous_10)
FN:95,(anonymous_11)
FN:104,(anonymous_12)
FN:108,(anonymous_13)
FN:112,(anonymous_14)
FN:117,(anonymous_15)
FN:139,(anonymous_16)
FN:152,(anonymous_17)
FN:157,(anonymous_18)
FN:163,(anonymous_19)
FN:169,(anonymous_20)
FN:174,(anonymous_21)
FN:184,(anonymous_22)
FN:190,(anonymous_23)
FN:194,(anonymous_24)
FN:199,(anonymous_25)
FN:213,(anonymous_26)
FN:219,(anonymous_27)
FNF:27
FNH:27
FNDA:2,(anonymous_1)
FNDA:2,(anonymous_2)
FNDA:12,(anonymous_3)
FNDA:1,(anonymous_4)
FNDA:6,(anonymous_5)
FNDA:1,(anonymous_6)
FNDA:1,(anonymous_7)
FNDA:2,(anonymous_8)
FNDA:2,(anonymous_9)
FNDA:10,(anonymous_10)
FNDA:10,(anonymous_11)
FNDA:1,(anonymous_12)
FNDA:1,(anonymous_13)
FNDA:12,(anonymous_14)
FNDA:10,(anonymous_15)
FNDA:1,(anonymous_16)
FNDA:5,(anonymous_17)
FNDA:1,(anonymous_18)
FNDA:1,(anonymous_19)
FNDA:1,(anonymous_20)
FNDA:2,(anonymous_21)
FNDA:1,(anonymous_22)
FNDA:1,(anonymous_23)
FNDA:1,(anonymous_24)
FNDA:1,(anonymous_25)
FNDA:16,(anonymous_26)
FNDA:5,(anonymous_27)
DA:1,1
DA:17,2
DA:19,2
DA:30,12
DA:31,12
DA:32,12
DA:34,1
DA:41,6
DA:52,1
DA:62,1
DA:71,2
DA:80,2
DA:88,12
DA:89,10
DA:95,12
DA:96,10
DA:97,10
DA:98,10
DA:104,12
DA:105,1
DA:108,12
DA:109,1
DA:112,12
DA:113,12
DA:114,12
DA:117,12
DA:118,10
DA:120,10
DA:124,1
DA:125,0
DA:127,1
DA:130,10
DA:131,5
DA:134,10
DA:135,10
DA:136,10
DA:139,12
DA:140,1
DA:145,1
DA:146,1
DA:147,0
DA:149,1
DA:152,12
DA:153,5
DA:154,5
DA:157,12
DA:158,1
DA:159,1
DA:160,1
DA:163,12
DA:164,1
DA:165,1
DA:166,1
DA:169,12
DA:170,1
DA:171,1
DA:174,12
DA:175,2
DA:176,2
DA:184,12
DA:185,1
DA:186,1
DA:187,1
DA:190,12
DA:191,1
DA:194,12
DA:195,1
DA:196,1
DA:199,12
DA:200,1
DA:201,1
DA:204,12
DA:219,16
DA:220,5
DA:221,5
DA:222,4
DA:224,5
DA:227,16
LF:78
LH:76
BRDA:19,1,0,2
BRDA:19,1,1,1
BRDA:89,2,0,10
BRDA:89,2,1,10
BRDA:96,3,0,0
BRDA:96,3,1,10
BRDA:97,4,0,10
BRDA:97,4,1,0
BRDA:97,5,0,10
BRDA:97,5,1,10
BRDA:120,6,0,1
BRDA:120,6,1,9
BRDA:120,7,0,10
BRDA:120,7,1,10
BRDA:124,8,0,0
BRDA:124,8,1,1
BRDA:130,9,0,5
BRDA:130,9,1,5
BRDA:131,10,0,5
BRDA:131,10,1,3
BRDA:134,11,0,10
BRDA:134,11,1,0
BRDA:140,12,0,0
BRDA:140,12,1,1
BRDA:146,13,0,0
BRDA:146,13,1,1
BRDA:149,14,0,1
BRDA:149,14,1,0
BRDA:153,15,0,4
BRDA:153,15,1,1
BRDA:154,16,0,5
BRDA:154,16,1,1
BRDA:159,17,0,0
BRDA:159,17,1,1
BRDA:165,18,0,1
BRDA:165,18,1,0
BRDA:170,19,0,0
BRDA:170,19,1,1
BRDA:175,20,0,0
BRDA:175,20,1,2
BRDA:185,21,0,0
BRDA:185,21,1,1
BRDA:186,22,0,1
BRDA:186,22,1,0
BRDA:191,23,0,0
BRDA:191,23,1,1
BRDA:201,24,0,1
BRDA:201,24,1,1
BRDA:220,25,0,5
BRDA:220,25,1,1
BRDA:221,26,0,4
BRDA:221,26,1,1
BRDA:222,27,0,1
BRDA:222,27,1,3
BRF:54
BRH:40
end_of_record
TN:
SF:./src/rxStatusColumn/rxStatusColumn.js
FN:15,(anonymous_1)
FN:24,(anonymous_2)
FN:28,(anonymous_3)
FN:32,(anonymous_4)
FN:46,(anonymous_5)
FN:50,(anonymous_6)
FN:78,(anonymous_7)
FN:80,(anonymous_8)
FN:94,(anonymous_9)
FN:100,(anonymous_10)
FN:105,(anonymous_11)
FN:112,(anonymous_12)
FN:118,(anonymous_13)
FN:119,(anonymous_14)
FN:124,(anonymous_15)
FN:148,(anonymous_16)
FNF:16
FNH:14
FNDA:16,(anonymous_1)
FNDA:16,(anonymous_2)
FNDA:34,(anonymous_3)
FNDA:17,(anonymous_4)
FNDA:17,(anonymous_5)
FNDA:17,(anonymous_6)
FNDA:0,(anonymous_7)
FNDA:0,(anonymous_8)
FNDA:48,(anonymous_9)
FNDA:193,(anonymous_10)
FNDA:114,(anonymous_11)
FNDA:30,(anonymous_12)
FNDA:288,(anonymous_13)
FNDA:136,(anonymous_14)
FNDA:36,(anonymous_15)
FNDA:129,(anonymous_16)
DA:1,1
DA:16,16
DA:26,16
DA:28,16
DA:29,34
DA:32,16
DA:33,17
DA:34,17
DA:38,17
DA:39,17
DA:40,17
DA:41,17
DA:42,17
DA:43,17
DA:46,16
DA:47,17
DA:50,16
DA:51,17
DA:79,0
DA:81,0
DA:96,48
DA:97,48
DA:98,48
DA:100,48
DA:101,193
DA:105,48
DA:106,114
DA:112,48
DA:113,30
DA:114,30
DA:115,30
DA:118,48
DA:119,288
DA:120,136
DA:121,136
DA:122,124
DA:123,12
DA:124,12
DA:125,36
DA:129,136
DA:130,28
DA:132,108
DA:141,48
DA:142,48
DA:143,48
DA:144,48
DA:145,48
DA:146,48
DA:148,48
DA:149,129
DA:150,32
DA:153,97
DA:155,97
DA:158,48
LF:54
LH:52
BRDA:29,1,0,34
BRDA:29,1,1,29
BRDA:29,1,2,0
BRDA:38,2,0,17
BRDA:38,2,1,5
BRDA:113,3,0,30
BRDA:113,3,1,30
BRDA:121,4,0,124
BRDA:121,4,1,12
BRDA:123,5,0,12
BRDA:123,5,1,0
BRDA:129,6,0,28
BRDA:129,6,1,108
BRDA:149,7,0,32
BRDA:149,7,1,97
BRDA:149,8,0,129
BRDA:149,8,1,33
BRDA:155,9,0,61
BRDA:155,9,1,36
BRF:19
BRH:17
end_of_record
TN:
SF:./src/rxToggle/rxToggle.js
FN:11,(anonymous_1)
FN:14,(anonymous_2)
FN:17,(anonymous_3)
FN:18,(anonymous_4)
FNF:4
FNH:4
FNDA:2,(anonymous_1)
FNDA:2,(anonymous_2)
FNDA:6,(anonymous_3)
FNDA:6,(anonymous_4)
DA:1,1
DA:12,2
DA:15,2
DA:17,2
DA:18,6
DA:22,6
LF:6
LH:6
BRF:0
BRH:0
end_of_record
TN:
SF:./src/rxToggleSwitch/rxToggleSwitch.js
FN:20,(anonymous_1)
FN:32,(anonymous_2)
FN:40,(anonymous_3)
FN:44,(anonymous_4)
FN:48,(anonymous_5)
FN:52,(anonymous_6)
FNF:6
FNH:6
FNDA:8,(anonymous_1)
FNDA:33,(anonymous_2)
FNDA:50,(anonymous_3)
FNDA:4,(anonymous_4)
FNDA:43,(anonymous_5)
FNDA:5,(anonymous_6)
DA:1,1
DA:21,8
DA:33,33
DA:34,33
DA:36,33
DA:37,9
DA:40,33
DA:41,50
DA:44,33
DA:45,4
DA:48,33
DA:49,43
DA:52,33
DA:53,5
DA:54,1
DA:57,4
DA:58,4
DA:59,4
LF:18
LH:18
BRDA:33,1,0,24
BRDA:33,1,1,9
BRDA:34,2,0,24
BRDA:34,2,1,9
BRDA:36,3,0,9
BRDA:36,3,1,24
BRDA:36,4,0,33
BRDA:36,4,1,25
BRDA:45,5,0,2
BRDA:45,5,1,2
BRDA:49,6,0,28
BRDA:49,6,1,15
BRDA:53,7,0,1
BRDA:53,7,1,4
BRF:14
BRH:14
end_of_record
TN:
SF:./src/rxTokenInterceptor/rxTokenInterceptor.js
FN:20,(anonymous_1)
FN:23,(anonymous_2)
FN:26,(anonymous_3)
FN:33,(anonymous_4)
FNF:4
FNH:4
FNDA:5,(anonymous_1)
FNDA:5,(anonymous_2)
FNDA:4,(anonymous_3)
FNDA:7,(anonymous_4)
DA:1,1
DA:21,5
DA:23,5
DA:24,5
DA:25,5
DA:32,4
DA:33,4
DA:34,7
DA:35,2
DA:39,4
DA:40,2
DA:43,4
LF:12
LH:12
BRDA:34,1,0,2
BRDA:34,1,1,5
BRDA:39,2,0,2
BRDA:39,2,1,2
BRF:4
BRH:4
end_of_record
TN:
SF:./src/rxUnauthorizedInterceptor/rxUnauthorizedInterceptor.js
FN:22,(anonymous_1)
FN:24,(anonymous_2)
FN:32,(anonymous_3)
FN:36,(anonymous_4)
FNF:4
FNH:3
FNDA:7,(anonymous_1)
FNDA:0,(anonymous_2)
FNDA:6,(anonymous_3)
FNDA:6,(anonymous_4)
DA:1,1
DA:23,7
DA:30,0
DA:33,6
DA:34,6
DA:37,6
DA:38,5
DA:39,5
DA:42,6
DA:46,7
LF:10
LH:9
BRDA:33,1,0,1
BRDA:33,1,1,5
BRDA:37,2,0,5
BRDA:37,2,1,1
BRF:4
BRH:4
end_of_record
TN:
SF:./src/typeahead/typeahead.js
FN:2,(anonymous_1)
FN:3,(anonymous_2)
FN:8,(anonymous_3)
FN:9,(anonymous_4)
FN:17,(anonymous_5)
FN:24,(anonymous_6)
FN:28,(anonymous_7)
FN:29,(anonymous_8)
FN:34,(anonymous_9)
FNF:9
FNH:7
FNDA:2,(anonymous_1)
FNDA:2,(anonymous_2)
FNDA:2,(anonymous_3)
FNDA:2,(anonymous_4)
FNDA:2,(anonymous_5)
FNDA:2,(anonymous_6)
FNDA:0,(anonymous_7)
FNDA:0,(anonymous_8)
FNDA:9,(anonymous_9)
DA:1,1
DA:3,2
DA:4,2
DA:5,2
DA:6,2
DA:8,2
DA:9,2
DA:10,2
DA:12,2
DA:13,2
DA:17,2
DA:18,2
DA:20,2
DA:21,2
DA:24,2
DA:25,2
DA:28,2
DA:29,0
DA:30,0
DA:34,2
DA:35,9
DA:36,6
DA:38,3
DA:44,2
LF:24
LH:22
BRDA:12,1,0,2
BRDA:12,1,1,0
BRDA:18,2,0,1
BRDA:18,2,1,1
BRDA:25,3,0,1
BRDA:25,3,1,1
BRDA:35,4,0,6
BRDA:35,4,1,3
BRF:8
BRH:7
end_of_record
